[INFO] Scanning for projects...
[INFO] 
[INFO] ------------------< com.freelancenexus:config-server >------------------
[INFO] Building Config Server 0.0.1-SNAPSHOT
[INFO]   from pom.xml
[INFO] --------------------------------[ jar ]---------------------------------
[INFO] 
[INFO] >>> spring-boot:3.2.0:run (default-cli) > test-compile @ config-server >>>
[INFO] 
[INFO] --- jacoco:0.8.11:prepare-agent (default) @ config-server ---
[INFO] argLine set to -javaagent:/home/vscode/.m2/repository/org/jacoco/org.jacoco.agent/0.8.11/org.jacoco.agent-0.8.11-runtime.jar=destfile=/workspaces/FREELANCER-PROJECT/config-server/target/jacoco.exec
[INFO] 
[INFO] --- resources:3.3.1:resources (default-resources) @ config-server ---
[INFO] Copying 1 resource from src/main/resources to target/classes
[INFO] Copying 6 resources from src/main/resources to target/classes
[INFO] 
[INFO] --- compiler:3.11.0:compile (default-compile) @ config-server ---
[INFO] Nothing to compile - all classes are up to date
[INFO] 
[INFO] --- resources:3.3.1:testResources (default-testResources) @ config-server ---
[INFO] skip non existing resourceDirectory /workspaces/FREELANCER-PROJECT/config-server/src/test/resources
[INFO] 
[INFO] --- compiler:3.11.0:testCompile (default-testCompile) @ config-server ---
[INFO] No sources to compile
[INFO] 
[INFO] <<< spring-boot:3.2.0:run (default-cli) < test-compile @ config-server <<<
[INFO] 
[INFO] 
[INFO] --- spring-boot:3.2.0:run (default-cli) @ config-server ---
[INFO] Attaching agents: []

  .   ____          _            __ _ _
 /\\ / ___'_ __ _ _(_)_ __  __ _ \ \ \ \
( ( )\___ | '_ | '_| | '_ \/ _` | \ \ \ \
 \\/  ___)| |_)| | | | | || (_| |  ) ) ) )
  '  |____| .__|_| |_|_| |_\__, | / / / /
 =========|_|==============|___/=/_/_/_/
 :: Spring Boot ::                (v3.2.0)

2025-11-13 03:51:59 - Starting ConfigServerApplication using Java 17.0.17 with PID 21631 (/workspaces/FREELANCER-PROJECT/config-server/target/classes started by vscode in /workspaces/FREELANCER-PROJECT/config-server)
2025-11-13 03:51:59 - The following 1 profile is active: "native"
2025-11-13 03:52:00 - BeanFactory id=f5f112fa-35e8-3748-bcd8-690fe1f9a144
2025-11-13 03:52:01 - Tomcat initialized with port 8888 (http)
2025-11-13 03:52:01 - Starting service [Tomcat]
2025-11-13 03:52:01 - Starting Servlet engine: [Apache Tomcat/10.1.16]
2025-11-13 03:52:01 - Initializing Spring embedded WebApplicationContext
2025-11-13 03:52:01 - Root WebApplicationContext: initialization completed in 1696 ms
2025-11-13 03:52:01 - Exposing 3 endpoint(s) beneath base path '/actuator'
2025-11-13 03:52:01 - Will secure any request with [org.springframework.security.web.session.DisableEncodeUrlFilter@76af34b5, org.springframework.security.web.context.request.async.WebAsyncManagerIntegrationFilter@3313463c, org.springframework.security.web.context.SecurityContextHolderFilter@612af486, org.springframework.security.web.header.HeaderWriterFilter@77b71c9, org.springframework.web.filter.CorsFilter@9c0d0bd, org.springframework.security.web.csrf.CsrfFilter@3b021664, org.springframework.security.web.authentication.logout.LogoutFilter@6d7b2319, org.springframework.security.web.authentication.UsernamePasswordAuthenticationFilter@1bfa5a13, org.springframework.security.web.authentication.ui.DefaultLoginPageGeneratingFilter@5eeee124, org.springframework.security.web.authentication.ui.DefaultLogoutPageGeneratingFilter@176333ee, org.springframework.security.web.authentication.www.BasicAuthenticationFilter@5f935d49, org.springframework.security.web.savedrequest.RequestCacheAwareFilter@43deba42, org.springframework.security.web.servletapi.SecurityContextHolderAwareRequestFilter@e795a1d, org.springframework.security.web.authentication.AnonymousAuthenticationFilter@18e6b72b, org.springframework.security.web.access.ExceptionTranslationFilter@6d17914a, org.springframework.security.web.access.intercept.AuthorizationFilter@7db791df]
2025-11-13 03:52:02 - Tomcat started on port 8888 (http) with context path ''
2025-11-13 03:52:02 - Started ConfigServerApplication in 3.147 seconds (process running for 3.514)
==============================================
Config Server started successfully on port 8888
==============================================
[INFO] ------------------------------------------------------------------------
[INFO] BUILD FAILURE
[INFO] ------------------------------------------------------------------------
[INFO] Total time:  02:55 min
[INFO] Finished at: 2025-11-13T03:54:50Z
[INFO] ------------------------------------------------------------------------
[ERROR] Failed to execute goal org.springframework.boot:spring-boot-maven-plugin:3.2.0:run (default-cli) on project config-server: Process terminated with exit code: 143 -> [Help 1]
[ERROR] 
[ERROR] To see the full stack trace of the errors, re-run Maven with the -e switch.
[ERROR] Re-run Maven using the -X switch to enable full debug logging.
[ERROR] 
[ERROR] For more information about the errors and possible solutions, please read the following articles:
[ERROR] [Help 1] http://cwiki.apache.org/confluence/display/MAVEN/MojoExecutionException
