[INFO] Scanning for projects...
[INFO] 
[INFO] ------------------< com.freelancenexus:eureka-server >------------------
[INFO] Building Eureka Server 1.0.0
[INFO]   from pom.xml
[INFO] --------------------------------[ jar ]---------------------------------
[INFO] 
[INFO] >>> spring-boot:3.2.0:run (default-cli) > test-compile @ eureka-server >>>
[INFO] 
[INFO] --- jacoco:0.8.11:prepare-agent (default) @ eureka-server ---
[INFO] argLine set to -javaagent:/home/vscode/.m2/repository/org/jacoco/org.jacoco.agent/0.8.11/org.jacoco.agent-0.8.11-runtime.jar=destfile=/workspaces/FREELANCER-PROJECT/eureka-server/target/jacoco.exec
[INFO] 
[INFO] --- resources:3.3.1:resources (default-resources) @ eureka-server ---
[INFO] Copying 1 resource from src/main/resources to target/classes
[INFO] Copying 0 resource from src/main/resources to target/classes
[INFO] 
[INFO] --- compiler:3.11.0:compile (default-compile) @ eureka-server ---
[INFO] Nothing to compile - all classes are up to date
[INFO] 
[INFO] --- resources:3.3.1:testResources (default-testResources) @ eureka-server ---
[INFO] skip non existing resourceDirectory /workspaces/FREELANCER-PROJECT/eureka-server/src/test/resources
[INFO] 
[INFO] --- compiler:3.11.0:testCompile (default-testCompile) @ eureka-server ---
[INFO] No sources to compile
[INFO] 
[INFO] <<< spring-boot:3.2.0:run (default-cli) < test-compile @ eureka-server <<<
[INFO] 
[INFO] 
[INFO] --- spring-boot:3.2.0:run (default-cli) @ eureka-server ---
[INFO] Attaching agents: []

  .   ____          _            __ _ _
 /\\ / ___'_ __ _ _(_)_ __  __ _ \ \ \ \
( ( )\___ | '_ | '_| | '_ \/ _` | \ \ \ \
 \\/  ___)| |_)| | | | | || (_| |  ) ) ) )
  '  |____| .__|_| |_|_| |_\__, | / / / /
 =========|_|==============|___/=/_/_/_/
 :: Spring Boot ::                (v3.2.0)

2025-11-13 03:52:12 - Starting EurekaServerApplication using Java 17.0.17 with PID 21886 (/workspaces/FREELANCER-PROJECT/eureka-server/target/classes started by vscode in /workspaces/FREELANCER-PROJECT/eureka-server)
2025-11-13 03:52:12 - No active profile set, falling back to 1 default profile: "default"
2025-11-13 03:52:14 - BeanFactory id=34edd4bf-02ea-3981-b1cb-f9d10ea2c3e0
2025-11-13 03:52:14 - Bean 'org.springframework.cloud.client.loadbalancer.LoadBalancerAutoConfiguration$LoadBalancerInterceptorConfig' of type [org.springframework.cloud.client.loadbalancer.LoadBalancerAutoConfiguration$LoadBalancerInterceptorConfig] is not eligible for getting processed by all BeanPostProcessors (for example: not eligible for auto-proxying). The currently created BeanPostProcessor [lbRestClientPostProcessor] is declared through a non-static factory method on that class; consider declaring it as static instead.
2025-11-13 03:52:14 - Bean 'org.springframework.cloud.loadbalancer.config.BlockingLoadBalancerClientAutoConfiguration' of type [org.springframework.cloud.loadbalancer.config.BlockingLoadBalancerClientAutoConfiguration] is not eligible for getting processed by all BeanPostProcessors (for example: not eligible for auto-proxying). Is this bean getting eagerly injected into a currently created BeanPostProcessor [lbRestClientPostProcessor]? Check the corresponding BeanPostProcessor declaration and its dependencies.
2025-11-13 03:52:14 - Bean 'org.springframework.cloud.loadbalancer.config.LoadBalancerAutoConfiguration' of type [org.springframework.cloud.loadbalancer.config.LoadBalancerAutoConfiguration] is not eligible for getting processed by all BeanPostProcessors (for example: not eligible for auto-proxying). Is this bean getting eagerly injected into a currently created BeanPostProcessor [lbRestClientPostProcessor]? Check the corresponding BeanPostProcessor declaration and its dependencies.
2025-11-13 03:52:14 - Bean 'org.springframework.cloud.commons.config.CommonsConfigAutoConfiguration' of type [org.springframework.cloud.commons.config.CommonsConfigAutoConfiguration] is not eligible for getting processed by all BeanPostProcessors (for example: not eligible for auto-proxying). Is this bean getting eagerly injected into a currently created BeanPostProcessor [lbRestClientPostProcessor]? Check the corresponding BeanPostProcessor declaration and its dependencies.
2025-11-13 03:52:14 - Bean 'org.springframework.cloud.client.loadbalancer.LoadBalancerDefaultMappingsProviderAutoConfiguration' of type [org.springframework.cloud.client.loadbalancer.LoadBalancerDefaultMappingsProviderAutoConfiguration] is not eligible for getting processed by all BeanPostProcessors (for example: not eligible for auto-proxying). Is this bean getting eagerly injected into a currently created BeanPostProcessor [lbRestClientPostProcessor]? Check the corresponding BeanPostProcessor declaration and its dependencies.
2025-11-13 03:52:14 - Bean 'loadBalancerClientsDefaultsMappingsProvider' of type [org.springframework.cloud.client.loadbalancer.LoadBalancerDefaultMappingsProviderAutoConfiguration$$Lambda$448/0x000077af34342100] is not eligible for getting processed by all BeanPostProcessors (for example: not eligible for auto-proxying). Is this bean getting eagerly injected into a currently created BeanPostProcessor [lbRestClientPostProcessor]? Check the corresponding BeanPostProcessor declaration and its dependencies.
2025-11-13 03:52:14 - Bean 'defaultsBindHandlerAdvisor' of type [org.springframework.cloud.commons.config.DefaultsBindHandlerAdvisor] is not eligible for getting processed by all BeanPostProcessors (for example: not eligible for auto-proxying). Is this bean getting eagerly injected into a currently created BeanPostProcessor [lbRestClientPostProcessor]? Check the corresponding BeanPostProcessor declaration and its dependencies.
2025-11-13 03:52:14 - Bean 'spring.cloud.loadbalancer-org.springframework.cloud.client.loadbalancer.LoadBalancerClientsProperties' of type [org.springframework.cloud.client.loadbalancer.LoadBalancerClientsProperties] is not eligible for getting processed by all BeanPostProcessors (for example: not eligible for auto-proxying). Is this bean getting eagerly injected into a currently created BeanPostProcessor [lbRestClientPostProcessor]? Check the corresponding BeanPostProcessor declaration and its dependencies.
2025-11-13 03:52:14 - Bean 'default.org.springframework.cloud.loadbalancer.config.LoadBalancerAutoConfiguration.LoadBalancerClientSpecification' of type [org.springframework.cloud.loadbalancer.annotation.LoadBalancerClientSpecification] is not eligible for getting processed by all BeanPostProcessors (for example: not eligible for auto-proxying). Is this bean getting eagerly injected into a currently created BeanPostProcessor [lbRestClientPostProcessor]? Check the corresponding BeanPostProcessor declaration and its dependencies.
2025-11-13 03:52:14 - Bean 'default.org.springframework.cloud.loadbalancer.config.BlockingLoadBalancerClientAutoConfiguration.LoadBalancerClientSpecification' of type [org.springframework.cloud.loadbalancer.annotation.LoadBalancerClientSpecification] is not eligible for getting processed by all BeanPostProcessors (for example: not eligible for auto-proxying). Is this bean getting eagerly injected into a currently created BeanPostProcessor [lbRestClientPostProcessor]? Check the corresponding BeanPostProcessor declaration and its dependencies.
2025-11-13 03:52:14 - Bean 'default.org.springframework.cloud.netflix.eureka.loadbalancer.LoadBalancerEurekaAutoConfiguration.LoadBalancerClientSpecification' of type [org.springframework.cloud.loadbalancer.annotation.LoadBalancerClientSpecification] is not eligible for getting processed by all BeanPostProcessors (for example: not eligible for auto-proxying). Is this bean getting eagerly injected into a currently created BeanPostProcessor [lbRestClientPostProcessor]? Check the corresponding BeanPostProcessor declaration and its dependencies.
2025-11-13 03:52:14 - Bean 'loadBalancerClientFactory' of type [org.springframework.cloud.loadbalancer.support.LoadBalancerClientFactory] is not eligible for getting processed by all BeanPostProcessors (for example: not eligible for auto-proxying). Is this bean getting eagerly injected into a currently created BeanPostProcessor [lbRestClientPostProcessor]? Check the corresponding BeanPostProcessor declaration and its dependencies.
2025-11-13 03:52:14 - Bean 'blockingLoadBalancerClient' of type [org.springframework.cloud.loadbalancer.blocking.client.BlockingLoadBalancerClient] is not eligible for getting processed by all BeanPostProcessors (for example: not eligible for auto-proxying). Is this bean getting eagerly injected into a currently created BeanPostProcessor [lbRestClientPostProcessor]? Check the corresponding BeanPostProcessor declaration and its dependencies.
2025-11-13 03:52:14 - Bean 'loadBalancerServiceInstanceCookieTransformer' of type [org.springframework.cloud.loadbalancer.core.LoadBalancerServiceInstanceCookieTransformer] is not eligible for getting processed by all BeanPostProcessors (for example: not eligible for auto-proxying). Is this bean getting eagerly injected into a currently created BeanPostProcessor [lbRestClientPostProcessor]? Check the corresponding BeanPostProcessor declaration and its dependencies.
2025-11-13 03:52:14 - Bean 'xForwarderHeadersTransformer' of type [org.springframework.cloud.loadbalancer.blocking.XForwardedHeadersTransformer] is not eligible for getting processed by all BeanPostProcessors (for example: not eligible for auto-proxying). Is this bean getting eagerly injected into a currently created BeanPostProcessor [lbRestClientPostProcessor]? Check the corresponding BeanPostProcessor declaration and its dependencies.
2025-11-13 03:52:14 - Bean 'org.springframework.cloud.client.loadbalancer.LoadBalancerAutoConfiguration' of type [org.springframework.cloud.client.loadbalancer.LoadBalancerAutoConfiguration] is not eligible for getting processed by all BeanPostProcessors (for example: not eligible for auto-proxying). Is this bean getting eagerly injected into a currently created BeanPostProcessor [lbRestClientPostProcessor]? Check the corresponding BeanPostProcessor declaration and its dependencies.
2025-11-13 03:52:14 - Bean 'loadBalancerRequestFactory' of type [org.springframework.cloud.client.loadbalancer.LoadBalancerRequestFactory] is not eligible for getting processed by all BeanPostProcessors (for example: not eligible for auto-proxying). Is this bean getting eagerly injected into a currently created BeanPostProcessor [lbRestClientPostProcessor]? Check the corresponding BeanPostProcessor declaration and its dependencies.
2025-11-13 03:52:14 - Bean 'loadBalancerInterceptor' of type [org.springframework.cloud.client.loadbalancer.LoadBalancerInterceptor] is not eligible for getting processed by all BeanPostProcessors (for example: not eligible for auto-proxying). Is this bean getting eagerly injected into a currently created BeanPostProcessor [lbRestClientPostProcessor]? Check the corresponding BeanPostProcessor declaration and its dependencies.
2025-11-13 03:52:14 - Tomcat initialized with port 8761 (http)
2025-11-13 03:52:14 - Starting service [Tomcat]
2025-11-13 03:52:14 - Starting Servlet engine: [Apache Tomcat/10.1.16]
2025-11-13 03:52:14 - Initializing Spring embedded WebApplicationContext
2025-11-13 03:52:14 - Root WebApplicationContext: initialization completed in 1508 ms
2025-11-13 03:52:14 - Filter 'eurekaVersionFilterRegistration' configured for use
2025-11-13 03:52:15 - Using JSON encoding codec LegacyJacksonJson
2025-11-13 03:52:15 - Using JSON decoding codec LegacyJacksonJson
2025-11-13 03:52:15 - Using XML encoding codec XStreamXml
2025-11-13 03:52:15 - Using XML decoding codec XStreamXml
2025-11-13 03:52:15 - Constructed eureka meta-data healthcheckUrl: http://10.0.1.164:8761/actuator/health
2025-11-13 03:52:15 - Constructed eureka meta-data statusPageUrl: http://10.0.1.164:8761/actuator/info
2025-11-13 03:52:16 - Spring Cloud LoadBalancer is currently working with the default cache. While this cache implementation is useful for development and tests, it's recommended to use Caffeine cache in production.You can switch to using Caffeine cache, by adding it and org.springframework.cache.caffeine.CaffeineCacheManager to the classpath.
2025-11-13 03:52:16 - Setting initial instance status as: STARTING
2025-11-13 03:52:16 - Initializing Eureka in region us-east-1
2025-11-13 03:52:16 - Client configured to neither register nor query for data.
2025-11-13 03:52:16 - Discovery Client initialized at timestamp 1763005936100 with initial instances count: 0
2025-11-13 03:52:16 - Initializing ...
2025-11-13 03:52:16 - Adding new peer nodes [http://localhost:8761/eureka/]
2025-11-13 03:52:16 - Using JSON encoding codec LegacyJacksonJson
2025-11-13 03:52:16 - Using JSON decoding codec LegacyJacksonJson
2025-11-13 03:52:16 - Using XML encoding codec XStreamXml
2025-11-13 03:52:16 - Using XML decoding codec XStreamXml
2025-11-13 03:52:16 - Replica node URL:  http://localhost:8761/eureka/
2025-11-13 03:52:16 - Finished initializing remote region registries. All known remote regions: []
2025-11-13 03:52:16 - Initialized
2025-11-13 03:52:16 - Exposing 3 endpoint(s) beneath base path '/actuator'
2025-11-13 03:52:16 - Registering application EUREKA-SERVER with eureka with status UP
2025-11-13 03:52:16 - isAws returned false
2025-11-13 03:52:16 - Initialized server context
2025-11-13 03:52:16 - Got 1 instances from neighboring DS node
2025-11-13 03:52:16 - Renew threshold is: 1
2025-11-13 03:52:16 - Changing status to UP
2025-11-13 03:52:16 - Tomcat started on port 8761 (http) with context path ''
2025-11-13 03:52:16 - Updating port to 8761
2025-11-13 03:52:16 - Started Eureka Server
2025-11-13 03:52:16 - Started EurekaServerApplication in 4.085 seconds (process running for 4.42)
==============================================
Eureka Server started successfully!
Dashboard: http://localhost:8761
==============================================
2025-11-13 03:52:26 - Running the evict task with compensationTime 0ms
2025-11-13 03:52:36 - Running the evict task with compensationTime 0ms
2025-11-13 03:52:46 - Running the evict task with compensationTime 0ms
2025-11-13 03:52:56 - Running the evict task with compensationTime 0ms
2025-11-13 03:53:06 - Running the evict task with compensationTime 0ms
2025-11-13 03:53:16 - Running the evict task with compensationTime 0ms
2025-11-13 03:53:26 - Running the evict task with compensationTime 0ms
2025-11-13 03:53:36 - Running the evict task with compensationTime 0ms
2025-11-13 03:53:46 - Running the evict task with compensationTime 0ms
2025-11-13 03:53:56 - Running the evict task with compensationTime 0ms
2025-11-13 03:54:06 - Running the evict task with compensationTime 0ms
2025-11-13 03:54:16 - Running the evict task with compensationTime 0ms
2025-11-13 03:54:26 - Running the evict task with compensationTime 0ms
2025-11-13 03:54:36 - Running the evict task with compensationTime 0ms
2025-11-13 03:54:46 - Running the evict task with compensationTime 0ms
2025-11-13 03:54:52 - Unregistering application EUREKA-SERVER with eureka with status DOWN
2025-11-13 03:54:52 - Shutting down Eureka Server..
2025-11-13 03:54:52 - Shutting down ...
2025-11-13 03:54:52 - Shut down
2025-11-13 03:54:52 - Eureka Service is now shutdown...
2025-11-13 03:54:52 - Shutting down ...
2025-11-13 03:54:52 - Shut down
2025-11-13 03:54:52 - Shutting down DiscoveryClient ...
2025-11-13 03:54:52 - Completed shut down of DiscoveryClient
[INFO] ------------------------------------------------------------------------
[INFO] BUILD FAILURE
[INFO] ------------------------------------------------------------------------
[INFO] Total time:  02:43 min
[INFO] Finished at: 2025-11-13T03:54:53Z
[INFO] ------------------------------------------------------------------------
[ERROR] Failed to execute goal org.springframework.boot:spring-boot-maven-plugin:3.2.0:run (default-cli) on project eureka-server: Process terminated with exit code: 143 -> [Help 1]
[ERROR] 
[ERROR] To see the full stack trace of the errors, re-run Maven with the -e switch.
[ERROR] Re-run Maven using the -X switch to enable full debug logging.
[ERROR] 
[ERROR] For more information about the errors and possible solutions, please read the following articles:
[ERROR] [Help 1] http://cwiki.apache.org/confluence/display/MAVEN/MojoExecutionException
