[INFO] Scanning for projects...
[WARNING] The artifact org.codehaus.mojo:sonar-maven-plugin:jar:4.0.0.4121 has been relocated to org.sonarsource.scanner.maven:sonar-maven-plugin:jar:4.0.0.4121: SonarQube plugin was moved to SonarSource organisation
[INFO] 
[INFO] ------------------< com.freelancenexus:config-server >------------------
[INFO] Building Config Server 0.0.1-SNAPSHOT
[INFO]   from pom.xml
[INFO] --------------------------------[ jar ]---------------------------------
[INFO] 
[INFO] --- sonar:4.0.0.4121:sonar (default-cli) @ config-server ---
[WARNING] 09:54:01.702 Using an unspecified version instead of an explicit plugin version may introduce breaking analysis changes at an unwanted time. It is highly recommended to use an explicit version, e.g. 'org.sonarsource.scanner.maven:sonar-maven-plugin:4.0.0.4121'.
[INFO] 09:54:01.715 Java 17.0.17 Microsoft (64-bit)
[INFO] 09:54:01.716 Linux 6.8.0-1030-azure (amd64)
[INFO] 09:54:01.954 User cache: /home/vscode/.sonar/cache
[INFO] 09:54:02.535 Communicating with SonarCloud
[INFO] 09:54:02.560 Default locale: "en_US", source code encoding: "UTF-8"
[INFO] 09:54:03.518 Load global settings
[INFO] 09:54:03.883 Load global settings (done) | time=366ms
[INFO] 09:54:03.942 Server id: 1BD809FA-AWHW8ct9-T_TB3XqouNu
[INFO] 09:54:04.173 Loading required plugins
[INFO] 09:54:04.176 Load plugins index
[INFO] 09:54:04.353 Load plugins index (done) | time=179ms
[INFO] 09:54:04.353 Load/download plugins
[INFO] 09:54:04.417 Load/download plugins (done) | time=64ms
[INFO] 09:54:04.651 Loaded core extensions: sca, a3s, architecture
[INFO] 09:54:05.120 Process project properties
[INFO] 09:54:05.137 Project key: freelancenexus-config-server
[INFO] 09:54:05.137 Base dir: /workspaces/FREELANCER-PROJECT/config-server
[INFO] 09:54:05.137 Working dir: /workspaces/FREELANCER-PROJECT/config-server/target/sonar
[INFO] 09:54:05.168 Load project branches
[INFO] 09:54:05.526 Load project branches (done) | time=358ms
[INFO] 09:54:05.533 Load project settings for component key: 'freelancenexus-config-server'
[INFO] 09:54:05.963 Load project settings for component key: 'freelancenexus-config-server' (done) | time=430ms
[INFO] 09:54:05.970 Inferred api base url 'https://api.sonarcloud.io' from host url 'https://sonarcloud.io'.
[INFO] 09:54:06.156 Inferred api base url 'https://api.sonarcloud.io' from host url 'https://sonarcloud.io'.
[INFO] 09:54:06.528 Check ALM binding of project 'freelancenexus-config-server'
[INFO] 09:54:06.784 Detected project binding: NOT_BOUND
[INFO] 09:54:06.784 Check ALM binding of project 'freelancenexus-config-server' (done) | time=256ms
[INFO] 09:54:06.787 Load project pull requests
[INFO] 09:54:07.128 Load project pull requests (done) | time=341ms
[INFO] 09:54:07.131 Load branch configuration
[INFO] 09:54:07.133 Load branch configuration (done) | time=2ms
[INFO] 09:54:07.141 Load quality profiles
[INFO] 09:54:07.733 Load quality profiles (done) | time=592ms
[INFO] 09:54:07.761 Inferred api base url 'https://api.sonarcloud.io' from host url 'https://sonarcloud.io'.
[INFO] 09:54:07.763 Create analysis
[INFO] 09:54:08.078 Create analysis (done) | time=315ms
[INFO] 09:54:08.080 Inferred api base url 'https://api.sonarcloud.io' from host url 'https://sonarcloud.io'.
[INFO] 09:54:08.218 Inferred api base url 'https://api.sonarcloud.io' from host url 'https://sonarcloud.io'.
[INFO] 09:54:08.219 Load active rules
[INFO] 09:54:10.258 Load active rules (done) | time=2039ms
[INFO] 09:54:10.455 Organization key: vikram1704
[INFO] 09:54:10.484 Preprocessing files...
[INFO] 09:54:10.616 2 languages detected in 2 preprocessed files (done) | time=131ms
[INFO] 09:54:10.617 0 files ignored because of inclusion/exclusion patterns
[INFO] 09:54:10.617 0 files ignored because of scm ignore settings
[INFO] 09:54:10.647 Loading plugins for detected languages
[INFO] 09:54:10.650 Load/download plugins
[INFO] 09:54:10.785 Load/download plugins (done) | time=135ms
[INFO] 09:54:11.094 Load project repositories
[INFO] 09:54:11.506 Load project repositories (done) | time=412ms
[INFO] 09:54:11.512 Indexing files...
[INFO] 09:54:11.513 Project configuration:
[INFO] 09:54:11.513   Excluded sources: **/build-wrapper-dump.json
[INFO] 09:54:11.518 2 files indexed (done) | time=5ms
[INFO] 09:54:11.527 Quality profile for java: Sonar way
[INFO] 09:54:11.527 Quality profile for xml: Sonar way
[INFO] 09:54:11.528 ------------- Run sensors on module Config Server
[INFO] 09:54:11.662 Load metrics repository
[INFO] 09:54:11.809 Load metrics repository (done) | time=147ms
[INFO] 09:54:11.820 Sensor cache enabled
[INFO] 09:54:11.824 Inferred api base url 'https://api.sonarcloud.io' from host url 'https://sonarcloud.io'.
[INFO] 09:54:11.826 Load sensor cache
[INFO] 09:54:12.847 Load sensor cache (21 KB) | time=1021ms
[INFO] 09:54:12.849 Inferred api base url 'https://api.sonarcloud.io' from host url 'https://sonarcloud.io'.
[INFO] 09:54:14.099 Sensor JavaSensor [java]
[INFO] 09:54:14.103 Configured Java source version (sonar.java.source): 17, preview features enabled (sonar.java.enablePreview): false
[INFO] 09:54:14.138 Server-side caching is enabled. The Java analyzer will not try to leverage data from a previous analysis.
[INFO] 09:54:14.141 Using ECJ batch to parse 1 Main java source files with batch size 104 KB.
[INFO] 09:54:14.444 Starting batch processing.
[INFO] 09:54:14.968 The Java analyzer cannot skip unchanged files in this context. A full analysis is performed for all files.
[INFO] 09:54:16.072 100% analyzed
[INFO] 09:54:16.072 Batch processing: Done.
[INFO] 09:54:16.074 Did not optimize analysis for any files, performed a full analysis for all 1 files.
[INFO] 09:54:16.118 No "Test" source files to scan.
[INFO] 09:54:16.130 No "Generated" source files to scan.
[INFO] 09:54:16.139 Sensor JavaSensor [java] (done) | time=2040ms
[INFO] 09:54:16.142 Sensor JaCoCo XML Report Importer [jacoco]
[INFO] 09:54:16.144 'sonar.coverage.jacoco.xmlReportPaths' is not defined. Using default locations: target/site/jacoco/jacoco.xml,target/site/jacoco-it/jacoco.xml,build/reports/jacoco/test/jacocoTestReport.xml
[INFO] 09:54:16.146 No report imported, no coverage information will be imported by JaCoCo XML Report Importer
[INFO] 09:54:16.148 Sensor JaCoCo XML Report Importer [jacoco] (done) | time=6ms
[INFO] 09:54:16.148 Sensor IaC GitHub Actions Sensor [iacenterprise]
[INFO] 09:54:16.153 There are no files to be analyzed for the GitHub Actions language
[INFO] 09:54:16.154 Sensor IaC GitHub Actions Sensor [iacenterprise] (done) | time=6ms
[INFO] 09:54:16.154 Sensor IaC Shell Sensor [iacenterprise]
[INFO] 09:54:16.154 There are no files to be analyzed for the Shell language
[INFO] 09:54:16.157 Sensor IaC Shell Sensor [iacenterprise] (done) | time=3ms
[INFO] 09:54:16.157 Sensor IaC Docker Sensor [iac]
[INFO] 09:54:16.158 There are no files to be analyzed for the Docker language
[INFO] 09:54:16.162 Sensor IaC Docker Sensor [iac] (done) | time=5ms
[INFO] 09:54:16.162 Sensor IaC hadolint report Sensor [iac]
[INFO] 09:54:16.163 Sensor IaC hadolint report Sensor [iac] (done) | time=1ms
[INFO] 09:54:16.164 Sensor Java Config Sensor [iac]
[INFO] 09:54:16.174 There are no files to be analyzed for the Java language
[INFO] 09:54:16.174 Sensor Java Config Sensor [iac] (done) | time=10ms
[INFO] 09:54:16.175 Sensor ThymeLeaf template sensor [securityjavafrontend]
[INFO] 09:54:16.179 Sensor ThymeLeaf template sensor [securityjavafrontend] (done) | time=4ms
[INFO] 09:54:16.179 Sensor JavaAndroidConfigurationSensor [securityjavafrontend]
[INFO] 09:54:16.180 Sensor JavaAndroidConfigurationSensor [securityjavafrontend] (done) | time=1ms
[INFO] 09:54:16.180 Sensor SurefireSensor [java]
[INFO] 09:54:16.182 parsing [/workspaces/FREELANCER-PROJECT/config-server/target/surefire-reports]
[INFO] 09:54:16.184 Sensor SurefireSensor [java] (done) | time=4ms
[INFO] 09:54:16.185 Sensor XML Sensor [xml]
[INFO] 09:54:16.195 1 source file to be analyzed
[INFO] 09:54:16.386 1/1 source file has been analyzed
[INFO] 09:54:16.386 Sensor XML Sensor [xml] (done) | time=201ms
[INFO] 09:54:16.386 Sensor DBD/Java IR Generation [dbdjavafrontendrewrite]
[INFO] 09:54:16.593 Sensor DBD/Java IR Generation [dbdjavafrontendrewrite] (done) | time=207ms
[INFO] 09:54:16.594 Sensor javabugs [dbd]
[INFO] 09:54:16.930 Analyzing 309/481 functions to detect bugs.
[INFO] 09:54:17.507 Sensor javabugs [dbd] (done) | time=913ms
[INFO] 09:54:17.509 Sensor pythonbugs [dbd]
[INFO] 09:54:17.511 No IR files have been included for analysis.
[INFO] 09:54:17.512 Sensor pythonbugs [dbd] (done) | time=3ms
[INFO] 09:54:17.512 Sensor EnterpriseTextAndSecretsSensor [textenterprise]
[INFO] 09:54:17.523 Available processors: 2
[INFO] 09:54:17.523 Using 2 threads for analysis.
[INFO] 09:54:18.021 The property "sonar.tests" is not set. To improve the analysis accuracy, we categorize a file as a test file if any of the following is true:
  * The filename starts with "test"
  * The filename contains "test." or "tests."
  * Any directory in the file path is named: "doc", "docs", "test" or "tests"
  * Any directory in the file path has a name ending in "test" or "tests"

[INFO] 09:54:18.151 Start fetching files for the text and secrets analysis
[INFO] 09:54:18.188 Using Git CLI to retrieve untracked files
[INFO] 09:54:18.202 Retrieving language associated files and files included via "sonar.text.inclusions" that are tracked by git
[INFO] 09:54:18.202 Starting the text and secrets analysis
[INFO] 09:54:18.205 2 source files to be analyzed for the text and secrets analysis
[INFO] 09:54:18.237 2/2 source files have been analyzed for the text and secrets analysis
[INFO] 09:54:18.239 Start fetching files for the binary file analysis
[INFO] 09:54:18.239 There are no files to be analyzed for the binary file analysis
[INFO] 09:54:18.241 Sensor EnterpriseTextAndSecretsSensor [textenterprise] (done) | time=729ms
[INFO] 09:54:18.242 Sensor JavaSecuritySensor [security]
[INFO] 09:54:18.249 29 taint analysis rules enabled.
[INFO] 09:54:18.334 Analyzing 1 UCFGs to detect vulnerabilities.
[INFO] 09:54:20.938 No entry points found.
[INFO] 09:54:20.945 java security sensor: Begin: 2025-11-13T09:54:18.246428776Z, End: 2025-11-13T09:54:20.942588922Z, Duration: 00:00:02.696
  Load type hierarchy and UCFGs: Begin: 2025-11-13T09:54:18.250417825Z, End: 2025-11-13T09:54:18.334588679Z, Duration: 00:00:00.084
    Load type hierarchy: Begin: 2025-11-13T09:54:18.250432873Z, End: 2025-11-13T09:54:18.292605711Z, Duration: 00:00:00.042
    Load UCFGs: Begin: 2025-11-13T09:54:18.292785055Z, End: 2025-11-13T09:54:18.334517486Z, Duration: 00:00:00.041
  Check cache: Begin: 2025-11-13T09:54:18.335150807Z, End: 2025-11-13T09:54:18.335427063Z, Duration: 00:00:00.000
    Load cache: Begin: 2025-11-13T09:54:18.335158862Z, End: 2025-11-13T09:54:18.335175824Z, Duration: 00:00:00.000
  Create runtime call graph: Begin: 2025-11-13T09:54:18.335479190Z, End: 2025-11-13T09:54:18.342977824Z, Duration: 00:00:00.007
    Variable Type Analysis #1: Begin: 2025-11-13T09:54:18.336086532Z, End: 2025-11-13T09:54:18.341036855Z, Duration: 00:00:00.004
      Create runtime type propagation graph: Begin: 2025-11-13T09:54:18.336755109Z, End: 2025-11-13T09:54:18.339679794Z, Duration: 00:00:00.002
      Run SCC (Tarjan) on 0 nodes: Begin: 2025-11-13T09:54:18.339985795Z, End: 2025-11-13T09:54:18.340335376Z, Duration: 00:00:00.000
      Propagate runtime types to strongly connected components: Begin: 2025-11-13T09:54:18.340439951Z, End: 2025-11-13T09:54:18.340444800Z, Duration: 00:00:00.000
    Variable Type Analysis #2: Begin: 2025-11-13T09:54:18.341361270Z, End: 2025-11-13T09:54:18.342479295Z, Duration: 00:00:00.001
      Create runtime type propagation graph: Begin: 2025-11-13T09:54:18.341364976Z, End: 2025-11-13T09:54:18.341869788Z, Duration: 00:00:00.000
      Run SCC (Tarjan) on 0 nodes: Begin: 2025-11-13T09:54:18.342383316Z, End: 2025-11-13T09:54:18.342388505Z, Duration: 00:00:00.000
      Propagate runtime types to strongly connected components: Begin: 2025-11-13T09:54:18.342435563Z, End: 2025-11-13T09:54:18.342437416Z, Duration: 00:00:00.000
  Load config: Begin: 2025-11-13T09:54:18.343036364Z, End: 2025-11-13T09:54:20.932128627Z, Duration: 00:00:02.589
  Compute entry points: Begin: 2025-11-13T09:54:20.932258429Z, End: 2025-11-13T09:54:20.938064817Z, Duration: 00:00:00.005
[INFO] 09:54:20.946 java security sensor peak memory: 824 MB
[INFO] 09:54:20.946 Sensor JavaSecuritySensor [security] (done) | time=2704ms
[INFO] 09:54:20.958 ------------- Run sensors on project
[INFO] 09:54:21.099 Sensor JavaProjectSensor [java]
[INFO] 09:54:21.102 Sensor JavaProjectSensor [java] (done) | time=3ms
[INFO] 09:54:21.105 Sensor JavaArchitectureSensor [architecture]
[INFO] 09:54:21.121 Architecture analysis is enabled with the following features: legacy
[INFO] 09:54:21.126 * Protobuf reading starting | memory total=927 | free=663 | used=263 (MB)
[INFO] 09:54:21.127 * Reading SonarArchitecture IR data from directory "/workspaces/FREELANCER-PROJECT/config-server/target/sonar/architecture/java"
[INFO] 09:54:21.336 * Files successfully loaded: "1" out of "1"
[INFO] 09:54:21.337 * Protobuf reading complete | memory total=927 | free=649 | used=277 (MB)
[INFO] 09:54:21.348 * Build architecture.graph.java.namespace_graph.default_perspective hierarchy graph complete (filtered=false) | memory total=927 | free=647 | used=279 (MB)
[INFO] 09:54:21.360 Sensor JavaArchitectureSensor [architecture] (done) | time=255ms
[INFO] 09:54:21.361 Sensor Zero Coverage Sensor
[INFO] 09:54:21.369 Sensor Zero Coverage Sensor (done) | time=8ms
[INFO] 09:54:21.369 Sensor Java CPD Block Indexer
[INFO] 09:54:21.381 Sensor Java CPD Block Indexer (done) | time=12ms
[INFO] 09:54:21.540 Inferred api base url 'https://api.sonarcloud.io' from host url 'https://sonarcloud.io'.
[INFO] 09:54:21.542 ------------- Gather SCA dependencies on project
[INFO] 09:54:21.543 Checking if SCA is enabled for organization vikram1704
[INFO] 09:54:21.884 Dependency analysis skipped
[INFO] 09:54:21.885 CPD Executor 1 file had no CPD blocks
[INFO] 09:54:21.885 CPD Executor Calculating CPD for 0 files
[INFO] 09:54:21.886 CPD Executor CPD calculation finished (done) | time=0ms
[INFO] 09:54:22.118 Analysis report generated in 221ms, dir size=331 KB
[INFO] 09:54:22.175 Analysis report compressed in 57ms, zip size=64 KB
[INFO] 09:54:22.686 Analysis report uploaded in 510ms
[INFO] 09:54:22.687 ANALYSIS SUCCESSFUL, you can find the results at: https://sonarcloud.io/dashboard?id=freelancenexus-config-server
[INFO] 09:54:22.687 Note that you will be able to access the updated dashboard once the server has processed the submitted analysis report
[INFO] 09:54:22.688 More about the report processing at https://sonarcloud.io/api/ce/task?id=AZp8ozcMWFkqZdplyTk9
[INFO] 09:54:22.688 ------------- Upload SCA dependency files
[INFO] 09:54:23.626 Sensor cache published successfully
[INFO] 09:54:23.645 Analysis total time: 18.992 s
[INFO] ------------------------------------------------------------------------
[INFO] BUILD SUCCESS
[INFO] ------------------------------------------------------------------------
[INFO] Total time:  23.626 s
[INFO] Finished at: 2025-11-13T09:54:23Z
[INFO] ------------------------------------------------------------------------
