[INFO] Scanning for projects...
[INFO] 
[INFO] ------------------< com.freelancenexus:eureka-server >------------------
[INFO] Building Eureka Server 1.0.0
[INFO]   from pom.xml
[INFO] --------------------------------[ jar ]---------------------------------
[INFO] 
[INFO] --- clean:3.3.2:clean (default-clean) @ eureka-server ---
[INFO] Deleting /workspaces/FREELANCER-PROJECT/eureka-server/target
[INFO] 
[INFO] --- resources:3.3.1:resources (default-resources) @ eureka-server ---
[INFO] Copying 1 resource from src/main/resources to target/classes
[INFO] Copying 0 resource from src/main/resources to target/classes
[INFO] 
[INFO] --- compiler:3.11.0:compile (default-compile) @ eureka-server ---
[INFO] Changes detected - recompiling the module! :source
[INFO] Compiling 1 source file with javac [debug release 17] to target/classes
[INFO] 
[INFO] --- resources:3.3.1:testResources (default-testResources) @ eureka-server ---
[INFO] skip non existing resourceDirectory /workspaces/FREELANCER-PROJECT/eureka-server/src/test/resources
[INFO] 
[INFO] --- compiler:3.11.0:testCompile (default-testCompile) @ eureka-server ---
[INFO] No sources to compile
[INFO] 
[INFO] --- surefire:3.1.2:test (default-test) @ eureka-server ---
[INFO] No tests to run.
[INFO] 
[INFO] --- jar:3.3.0:jar (default-jar) @ eureka-server ---
[INFO] Building jar: /workspaces/FREELANCER-PROJECT/eureka-server/target/eureka-server-1.0.0.jar
[INFO] 
[INFO] --- spring-boot:3.2.0:repackage (repackage) @ eureka-server ---
[INFO] Replacing main artifact /workspaces/FREELANCER-PROJECT/eureka-server/target/eureka-server-1.0.0.jar with repackaged archive, adding nested dependencies in BOOT-INF/.
[INFO] The original artifact has been renamed to /workspaces/FREELANCER-PROJECT/eureka-server/target/eureka-server-1.0.0.jar.original
[INFO] ------------------------------------------------------------------------
[INFO] BUILD SUCCESS
[INFO] ------------------------------------------------------------------------
[INFO] Total time:  4.153 s
[INFO] Finished at: 2025-11-13T09:54:29Z
[INFO] ------------------------------------------------------------------------
