[INFO] Scanning for projects...
[INFO] 
[INFO] ------------------< com.freelancenexus:eureka-server >------------------
[INFO] Building Eureka Server 1.0.0
[INFO]   from pom.xml
[INFO] --------------------------------[ jar ]---------------------------------
[INFO] 
[INFO] >>> spring-boot:3.2.0:run (default-cli) > test-compile @ eureka-server >>>
[INFO] 
[INFO] --- resources:3.3.1:resources (default-resources) @ eureka-server ---
[INFO] Copying 1 resource from src/main/resources to target/classes
[INFO] Copying 0 resource from src/main/resources to target/classes
[INFO] 
[INFO] --- compiler:3.11.0:compile (default-compile) @ eureka-server ---
[INFO] Nothing to compile - all classes are up to date
[INFO] 
[INFO] --- resources:3.3.1:testResources (default-testResources) @ eureka-server ---
[INFO] skip non existing resourceDirectory /workspaces/FREELANCER-PROJECT/eureka-server/src/test/resources
[INFO] 
[INFO] --- compiler:3.11.0:testCompile (default-testCompile) @ eureka-server ---
[INFO] No sources to compile
[INFO] 
[INFO] <<< spring-boot:3.2.0:run (default-cli) < test-compile @ eureka-server <<<
[INFO] 
[INFO] 
[INFO] --- spring-boot:3.2.0:run (default-cli) @ eureka-server ---
[INFO] Attaching agents: []

  .   ____          _            __ _ _
 /\\ / ___'_ __ _ _(_)_ __  __ _ \ \ \ \
( ( )\___ | '_ | '_| | '_ \/ _` | \ \ \ \
 \\/  ___)| |_)| | | | | || (_| |  ) ) ) )
  '  |____| .__|_| |_|_| |_\__, | / / / /
 =========|_|==============|___/=/_/_/_/
 :: Spring Boot ::                (v3.2.0)

2025-11-13 17:43:28 - Starting EurekaServerApplication using Java 17.0.17 with PID 297738 (/workspaces/FREELANCER-PROJECT/eureka-server/target/classes started by vscode in /workspaces/FREELANCER-PROJECT/eureka-server)
2025-11-13 17:43:28 - No active profile set, falling back to 1 default profile: "default"
2025-11-13 17:43:29 - BeanFactory id=34edd4bf-02ea-3981-b1cb-f9d10ea2c3e0
2025-11-13 17:43:29 - Bean 'org.springframework.cloud.client.loadbalancer.LoadBalancerAutoConfiguration$LoadBalancerInterceptorConfig' of type [org.springframework.cloud.client.loadbalancer.LoadBalancerAutoConfiguration$LoadBalancerInterceptorConfig] is not eligible for getting processed by all BeanPostProcessors (for example: not eligible for auto-proxying). The currently created BeanPostProcessor [lbRestClientPostProcessor] is declared through a non-static factory method on that class; consider declaring it as static instead.
2025-11-13 17:43:29 - Bean 'org.springframework.cloud.loadbalancer.config.BlockingLoadBalancerClientAutoConfiguration' of type [org.springframework.cloud.loadbalancer.config.BlockingLoadBalancerClientAutoConfiguration] is not eligible for getting processed by all BeanPostProcessors (for example: not eligible for auto-proxying). Is this bean getting eagerly injected into a currently created BeanPostProcessor [lbRestClientPostProcessor]? Check the corresponding BeanPostProcessor declaration and its dependencies.
2025-11-13 17:43:29 - Bean 'org.springframework.cloud.loadbalancer.config.LoadBalancerAutoConfiguration' of type [org.springframework.cloud.loadbalancer.config.LoadBalancerAutoConfiguration] is not eligible for getting processed by all BeanPostProcessors (for example: not eligible for auto-proxying). Is this bean getting eagerly injected into a currently created BeanPostProcessor [lbRestClientPostProcessor]? Check the corresponding BeanPostProcessor declaration and its dependencies.
2025-11-13 17:43:29 - Bean 'org.springframework.cloud.commons.config.CommonsConfigAutoConfiguration' of type [org.springframework.cloud.commons.config.CommonsConfigAutoConfiguration] is not eligible for getting processed by all BeanPostProcessors (for example: not eligible for auto-proxying). Is this bean getting eagerly injected into a currently created BeanPostProcessor [lbRestClientPostProcessor]? Check the corresponding BeanPostProcessor declaration and its dependencies.
2025-11-13 17:43:29 - Bean 'org.springframework.cloud.client.loadbalancer.LoadBalancerDefaultMappingsProviderAutoConfiguration' of type [org.springframework.cloud.client.loadbalancer.LoadBalancerDefaultMappingsProviderAutoConfiguration] is not eligible for getting processed by all BeanPostProcessors (for example: not eligible for auto-proxying). Is this bean getting eagerly injected into a currently created BeanPostProcessor [lbRestClientPostProcessor]? Check the corresponding BeanPostProcessor declaration and its dependencies.
2025-11-13 17:43:29 - Bean 'loadBalancerClientsDefaultsMappingsProvider' of type [org.springframework.cloud.client.loadbalancer.LoadBalancerDefaultMappingsProviderAutoConfiguration$$Lambda$448/0x00007f52c0341c30] is not eligible for getting processed by all BeanPostProcessors (for example: not eligible for auto-proxying). Is this bean getting eagerly injected into a currently created BeanPostProcessor [lbRestClientPostProcessor]? Check the corresponding BeanPostProcessor declaration and its dependencies.
2025-11-13 17:43:29 - Bean 'defaultsBindHandlerAdvisor' of type [org.springframework.cloud.commons.config.DefaultsBindHandlerAdvisor] is not eligible for getting processed by all BeanPostProcessors (for example: not eligible for auto-proxying). Is this bean getting eagerly injected into a currently created BeanPostProcessor [lbRestClientPostProcessor]? Check the corresponding BeanPostProcessor declaration and its dependencies.
2025-11-13 17:43:29 - Bean 'spring.cloud.loadbalancer-org.springframework.cloud.client.loadbalancer.LoadBalancerClientsProperties' of type [org.springframework.cloud.client.loadbalancer.LoadBalancerClientsProperties] is not eligible for getting processed by all BeanPostProcessors (for example: not eligible for auto-proxying). Is this bean getting eagerly injected into a currently created BeanPostProcessor [lbRestClientPostProcessor]? Check the corresponding BeanPostProcessor declaration and its dependencies.
2025-11-13 17:43:29 - Bean 'default.org.springframework.cloud.loadbalancer.config.LoadBalancerAutoConfiguration.LoadBalancerClientSpecification' of type [org.springframework.cloud.loadbalancer.annotation.LoadBalancerClientSpecification] is not eligible for getting processed by all BeanPostProcessors (for example: not eligible for auto-proxying). Is this bean getting eagerly injected into a currently created BeanPostProcessor [lbRestClientPostProcessor]? Check the corresponding BeanPostProcessor declaration and its dependencies.
2025-11-13 17:43:29 - Bean 'default.org.springframework.cloud.loadbalancer.config.BlockingLoadBalancerClientAutoConfiguration.LoadBalancerClientSpecification' of type [org.springframework.cloud.loadbalancer.annotation.LoadBalancerClientSpecification] is not eligible for getting processed by all BeanPostProcessors (for example: not eligible for auto-proxying). Is this bean getting eagerly injected into a currently created BeanPostProcessor [lbRestClientPostProcessor]? Check the corresponding BeanPostProcessor declaration and its dependencies.
2025-11-13 17:43:29 - Bean 'default.org.springframework.cloud.netflix.eureka.loadbalancer.LoadBalancerEurekaAutoConfiguration.LoadBalancerClientSpecification' of type [org.springframework.cloud.loadbalancer.annotation.LoadBalancerClientSpecification] is not eligible for getting processed by all BeanPostProcessors (for example: not eligible for auto-proxying). Is this bean getting eagerly injected into a currently created BeanPostProcessor [lbRestClientPostProcessor]? Check the corresponding BeanPostProcessor declaration and its dependencies.
2025-11-13 17:43:29 - Bean 'loadBalancerClientFactory' of type [org.springframework.cloud.loadbalancer.support.LoadBalancerClientFactory] is not eligible for getting processed by all BeanPostProcessors (for example: not eligible for auto-proxying). Is this bean getting eagerly injected into a currently created BeanPostProcessor [lbRestClientPostProcessor]? Check the corresponding BeanPostProcessor declaration and its dependencies.
2025-11-13 17:43:29 - Bean 'blockingLoadBalancerClient' of type [org.springframework.cloud.loadbalancer.blocking.client.BlockingLoadBalancerClient] is not eligible for getting processed by all BeanPostProcessors (for example: not eligible for auto-proxying). Is this bean getting eagerly injected into a currently created BeanPostProcessor [lbRestClientPostProcessor]? Check the corresponding BeanPostProcessor declaration and its dependencies.
2025-11-13 17:43:29 - Bean 'loadBalancerServiceInstanceCookieTransformer' of type [org.springframework.cloud.loadbalancer.core.LoadBalancerServiceInstanceCookieTransformer] is not eligible for getting processed by all BeanPostProcessors (for example: not eligible for auto-proxying). Is this bean getting eagerly injected into a currently created BeanPostProcessor [lbRestClientPostProcessor]? Check the corresponding BeanPostProcessor declaration and its dependencies.
2025-11-13 17:43:29 - Bean 'xForwarderHeadersTransformer' of type [org.springframework.cloud.loadbalancer.blocking.XForwardedHeadersTransformer] is not eligible for getting processed by all BeanPostProcessors (for example: not eligible for auto-proxying). Is this bean getting eagerly injected into a currently created BeanPostProcessor [lbRestClientPostProcessor]? Check the corresponding BeanPostProcessor declaration and its dependencies.
2025-11-13 17:43:29 - Bean 'org.springframework.cloud.client.loadbalancer.LoadBalancerAutoConfiguration' of type [org.springframework.cloud.client.loadbalancer.LoadBalancerAutoConfiguration] is not eligible for getting processed by all BeanPostProcessors (for example: not eligible for auto-proxying). Is this bean getting eagerly injected into a currently created BeanPostProcessor [lbRestClientPostProcessor]? Check the corresponding BeanPostProcessor declaration and its dependencies.
2025-11-13 17:43:29 - Bean 'loadBalancerRequestFactory' of type [org.springframework.cloud.client.loadbalancer.LoadBalancerRequestFactory] is not eligible for getting processed by all BeanPostProcessors (for example: not eligible for auto-proxying). Is this bean getting eagerly injected into a currently created BeanPostProcessor [lbRestClientPostProcessor]? Check the corresponding BeanPostProcessor declaration and its dependencies.
2025-11-13 17:43:29 - Bean 'loadBalancerInterceptor' of type [org.springframework.cloud.client.loadbalancer.LoadBalancerInterceptor] is not eligible for getting processed by all BeanPostProcessors (for example: not eligible for auto-proxying). Is this bean getting eagerly injected into a currently created BeanPostProcessor [lbRestClientPostProcessor]? Check the corresponding BeanPostProcessor declaration and its dependencies.
2025-11-13 17:43:30 - Tomcat initialized with port 8761 (http)
2025-11-13 17:43:30 - Starting service [Tomcat]
2025-11-13 17:43:30 - Starting Servlet engine: [Apache Tomcat/10.1.16]
2025-11-13 17:43:30 - Initializing Spring embedded WebApplicationContext
2025-11-13 17:43:30 - Root WebApplicationContext: initialization completed in 1331 ms
2025-11-13 17:43:30 - Filter 'eurekaVersionFilterRegistration' configured for use
2025-11-13 17:43:30 - Using JSON encoding codec LegacyJacksonJson
2025-11-13 17:43:30 - Using JSON decoding codec LegacyJacksonJson
2025-11-13 17:43:31 - Using XML encoding codec XStreamXml
2025-11-13 17:43:31 - Using XML decoding codec XStreamXml
2025-11-13 17:43:31 - Constructed eureka meta-data healthcheckUrl: http://10.0.0.23:8761/actuator/health
2025-11-13 17:43:31 - Constructed eureka meta-data statusPageUrl: http://10.0.0.23:8761/actuator/info
2025-11-13 17:43:31 - Spring Cloud LoadBalancer is currently working with the default cache. While this cache implementation is useful for development and tests, it's recommended to use Caffeine cache in production.You can switch to using Caffeine cache, by adding it and org.springframework.cache.caffeine.CaffeineCacheManager to the classpath.
2025-11-13 17:43:31 - Setting initial instance status as: STARTING
2025-11-13 17:43:31 - Initializing Eureka in region us-east-1
2025-11-13 17:43:31 - Client configured to neither register nor query for data.
2025-11-13 17:43:31 - Discovery Client initialized at timestamp 1763055811913 with initial instances count: 0
2025-11-13 17:43:31 - Initializing ...
2025-11-13 17:43:31 - Adding new peer nodes [http://localhost:8761/eureka/]
2025-11-13 17:43:32 - Using JSON encoding codec LegacyJacksonJson
2025-11-13 17:43:32 - Using JSON decoding codec LegacyJacksonJson
2025-11-13 17:43:32 - Using XML encoding codec XStreamXml
2025-11-13 17:43:32 - Using XML decoding codec XStreamXml
2025-11-13 17:43:32 - Replica node URL:  http://localhost:8761/eureka/
2025-11-13 17:43:32 - Finished initializing remote region registries. All known remote regions: []
2025-11-13 17:43:32 - Initialized
2025-11-13 17:43:32 - Exposing 3 endpoint(s) beneath base path '/actuator'
2025-11-13 17:43:32 - Registering application EUREKA-SERVER with eureka with status UP
2025-11-13 17:43:32 - isAws returned false
2025-11-13 17:43:32 - Initialized server context
2025-11-13 17:43:32 - Got 1 instances from neighboring DS node
2025-11-13 17:43:32 - Renew threshold is: 1
2025-11-13 17:43:32 - Changing status to UP
2025-11-13 17:43:32 - Tomcat started on port 8761 (http) with context path ''
2025-11-13 17:43:32 - Updating port to 8761
2025-11-13 17:43:32 - Started Eureka Server
2025-11-13 17:43:32 - Started EurekaServerApplication in 3.898 seconds (process running for 4.32)
==============================================
Eureka Server started successfully!
Dashboard: http://localhost:8761
==============================================
2025-11-13 17:43:42 - Running the evict task with compensationTime 0ms
2025-11-13 17:43:52 - Running the evict task with compensationTime 1ms
2025-11-13 17:43:59 - Initializing Spring DispatcherServlet 'dispatcherServlet'
2025-11-13 17:43:59 - Initializing Servlet 'dispatcherServlet'
2025-11-13 17:43:59 - Completed initialization in 2 ms
2025-11-13 17:44:00 - register GATEWAY-SERVICE, vip gateway-service, leaseDuration 90, isReplication false
2025-11-13 17:44:00 - Registered instance GATEWAY-SERVICE/gateway-service:8765 with status UP (replication=false)
2025-11-13 17:44:00 - register GATEWAY-SERVICE, vip gateway-service, leaseDuration 90, isReplication true
2025-11-13 17:44:00 - Registered instance GATEWAY-SERVICE/gateway-service:8765 with status UP (replication=true)
2025-11-13 17:44:02 - Running the evict task with compensationTime 0ms
2025-11-13 17:44:12 - Running the evict task with compensationTime 0ms
2025-11-13 17:44:17 - register USER-SERVICE, vip user-service, leaseDuration 90, isReplication false
2025-11-13 17:44:17 - Registered instance USER-SERVICE/user-service:8081 with status UP (replication=false)
2025-11-13 17:44:17 - register USER-SERVICE, vip user-service, leaseDuration 90, isReplication true
2025-11-13 17:44:17 - Registered instance USER-SERVICE/user-service:8081 with status UP (replication=true)
2025-11-13 17:44:22 - Running the evict task with compensationTime 0ms
2025-11-13 17:44:29 - renew GATEWAY-SERVICE serverId gateway-service:8765, isReplication {}false
2025-11-13 17:44:30 - renew GATEWAY-SERVICE serverId gateway-service:8765, isReplication {}true
2025-11-13 17:44:32 - Running the evict task with compensationTime 0ms
2025-11-13 17:44:34 - register FREELANCER-SERVICE, vip freelancer-service, leaseDuration 90, isReplication false
2025-11-13 17:44:34 - Registered instance FREELANCER-SERVICE/freelancer-service:8082 with status UP (replication=false)
2025-11-13 17:44:34 - register FREELANCER-SERVICE, vip freelancer-service, leaseDuration 90, isReplication true
2025-11-13 17:44:34 - Registered instance FREELANCER-SERVICE/freelancer-service:8082 with status UP (replication=true)
2025-11-13 17:44:42 - Running the evict task with compensationTime 3ms
2025-11-13 17:44:47 - renew USER-SERVICE serverId user-service:8081, isReplication {}false
2025-11-13 17:44:47 - renew USER-SERVICE serverId user-service:8081, isReplication {}true
2025-11-13 17:44:52 - Running the evict task with compensationTime 0ms
2025-11-13 17:44:54 - register FREELANCER-SERVICE, vip freelancer-service, leaseDuration 90, isReplication false
2025-11-13 17:44:54 - Registered instance FREELANCER-SERVICE/freelancer-service:8082 with status DOWN (replication=false)
2025-11-13 17:44:55 - register FREELANCER-SERVICE, vip freelancer-service, leaseDuration 90, isReplication true
2025-11-13 17:44:55 - Registered instance FREELANCER-SERVICE/freelancer-service:8082 with status DOWN (replication=true)
2025-11-13 17:44:57 - cancel FREELANCER-SERVICE, serverId freelancer-service:8082, isReplication false
2025-11-13 17:44:57 - cancel FREELANCER-SERVICE, serverId freelancer-service:8082, isReplication false
2025-11-13 17:44:57 - Cancelled instance FREELANCER-SERVICE/freelancer-service:8082 (replication=false)
2025-11-13 17:44:58 - register PROJECT-SERVICE, vip project-service, leaseDuration 90, isReplication false
2025-11-13 17:44:58 - Registered instance PROJECT-SERVICE/project-service:8083 with status UP (replication=false)
2025-11-13 17:44:58 - cancel FREELANCER-SERVICE, serverId freelancer-service:8082, isReplication true
2025-11-13 17:44:58 - cancel FREELANCER-SERVICE, serverId freelancer-service:8082, isReplication true
2025-11-13 17:44:58 - DS: Registry: cancel failed because Lease is not registered for: FREELANCER-SERVICE/freelancer-service:8082
2025-11-13 17:44:58 - Not Found (Cancel): FREELANCER-SERVICE - freelancer-service:8082
2025-11-13 17:44:58 - register PROJECT-SERVICE, vip project-service, leaseDuration 90, isReplication true
2025-11-13 17:44:58 - Registered instance PROJECT-SERVICE/project-service:8083 with status UP (replication=true)
2025-11-13 17:44:58 - The replication of task FREELANCER-SERVICE/freelancer-service:8082:Cancel@localhost failed with response code 404
2025-11-13 17:44:58 - FREELANCER-SERVICE/freelancer-service:8082:Cancel@localhost: missing entry.
2025-11-13 17:44:59 - renew GATEWAY-SERVICE serverId gateway-service:8765, isReplication {}false
2025-11-13 17:45:00 - renew GATEWAY-SERVICE serverId gateway-service:8765, isReplication {}true
2025-11-13 17:45:02 - Running the evict task with compensationTime 0ms
2025-11-13 17:45:12 - Running the evict task with compensationTime 0ms
2025-11-13 17:45:17 - renew USER-SERVICE serverId user-service:8081, isReplication {}false
2025-11-13 17:45:17 - renew USER-SERVICE serverId user-service:8081, isReplication {}true
2025-11-13 17:45:22 - Running the evict task with compensationTime 1ms
2025-11-13 17:45:23 - register PAYMENT-SERVICE, vip payment-service, leaseDuration 90, isReplication false
2025-11-13 17:45:23 - Registered instance PAYMENT-SERVICE/payment-service:8084 with status UP (replication=false)
2025-11-13 17:45:23 - register PAYMENT-SERVICE, vip payment-service, leaseDuration 90, isReplication true
2025-11-13 17:45:23 - Registered instance PAYMENT-SERVICE/payment-service:8084 with status UP (replication=true)
2025-11-13 17:45:28 - renew PROJECT-SERVICE serverId project-service:8083, isReplication {}false
2025-11-13 17:45:28 - renew PROJECT-SERVICE serverId project-service:8083, isReplication {}true
2025-11-13 17:45:29 - renew GATEWAY-SERVICE serverId gateway-service:8765, isReplication {}false
2025-11-13 17:45:30 - renew GATEWAY-SERVICE serverId gateway-service:8765, isReplication {}true
2025-11-13 17:45:32 - Running the evict task with compensationTime 0ms
2025-11-13 17:45:38 - register NOTIFICATION-SERVICE, vip notification-service, leaseDuration 90, isReplication false
2025-11-13 17:45:38 - Registered instance NOTIFICATION-SERVICE/notification-service:8085 with status UP (replication=false)
2025-11-13 17:45:38 - register NOTIFICATION-SERVICE, vip notification-service, leaseDuration 90, isReplication true
2025-11-13 17:45:38 - Registered instance NOTIFICATION-SERVICE/notification-service:8085 with status UP (replication=true)
2025-11-13 17:45:42 - Running the evict task with compensationTime 1ms
2025-11-13 17:45:43 - register PROJECT-SERVICE, vip project-service, leaseDuration 90, isReplication false
2025-11-13 17:45:43 - Registered instance PROJECT-SERVICE/project-service:8083 with status DOWN (replication=false)
2025-11-13 17:45:43 - register PROJECT-SERVICE, vip project-service, leaseDuration 90, isReplication true
2025-11-13 17:45:43 - Registered instance PROJECT-SERVICE/project-service:8083 with status DOWN (replication=true)
2025-11-13 17:45:46 - cancel PROJECT-SERVICE, serverId project-service:8083, isReplication false
2025-11-13 17:45:46 - cancel PROJECT-SERVICE, serverId project-service:8083, isReplication false
2025-11-13 17:45:46 - Cancelled instance PROJECT-SERVICE/project-service:8083 (replication=false)
2025-11-13 17:45:46 - cancel PROJECT-SERVICE, serverId project-service:8083, isReplication true
2025-11-13 17:45:46 - cancel PROJECT-SERVICE, serverId project-service:8083, isReplication true
2025-11-13 17:45:46 - DS: Registry: cancel failed because Lease is not registered for: PROJECT-SERVICE/project-service:8083
2025-11-13 17:45:46 - Not Found (Cancel): PROJECT-SERVICE - project-service:8083
2025-11-13 17:45:46 - The replication of task PROJECT-SERVICE/project-service:8083:Cancel@localhost failed with response code 404
2025-11-13 17:45:46 - PROJECT-SERVICE/project-service:8083:Cancel@localhost: missing entry.
2025-11-13 17:45:47 - renew USER-SERVICE serverId user-service:8081, isReplication {}false
2025-11-13 17:45:47 - renew USER-SERVICE serverId user-service:8081, isReplication {}true
2025-11-13 17:45:52 - Running the evict task with compensationTime 0ms
2025-11-13 17:45:53 - renew PAYMENT-SERVICE serverId payment-service:8084, isReplication {}false
2025-11-13 17:45:53 - renew PAYMENT-SERVICE serverId payment-service:8084, isReplication {}true
2025-11-13 17:46:00 - renew GATEWAY-SERVICE serverId gateway-service:8765, isReplication {}false
2025-11-13 17:46:00 - renew GATEWAY-SERVICE serverId gateway-service:8765, isReplication {}true
2025-11-13 17:46:02 - Running the evict task with compensationTime 2ms
2025-11-13 17:46:08 - renew NOTIFICATION-SERVICE serverId notification-service:8085, isReplication {}false
2025-11-13 17:46:08 - renew NOTIFICATION-SERVICE serverId notification-service:8085, isReplication {}true
2025-11-13 17:46:12 - Running the evict task with compensationTime 0ms
2025-11-13 17:46:17 - renew USER-SERVICE serverId user-service:8081, isReplication {}false
2025-11-13 17:46:17 - renew USER-SERVICE serverId user-service:8081, isReplication {}true
2025-11-13 17:46:22 - Running the evict task with compensationTime 0ms
2025-11-13 17:46:23 - renew PAYMENT-SERVICE serverId payment-service:8084, isReplication {}false
2025-11-13 17:46:23 - renew PAYMENT-SERVICE serverId payment-service:8084, isReplication {}true
2025-11-13 17:46:30 - renew GATEWAY-SERVICE serverId gateway-service:8765, isReplication {}false
2025-11-13 17:46:30 - renew GATEWAY-SERVICE serverId gateway-service:8765, isReplication {}true
2025-11-13 17:46:32 - Running the evict task with compensationTime 0ms
2025-11-13 17:46:38 - renew NOTIFICATION-SERVICE serverId notification-service:8085, isReplication {}false
2025-11-13 17:46:38 - renew NOTIFICATION-SERVICE serverId notification-service:8085, isReplication {}true
2025-11-13 17:46:42 - Running the evict task with compensationTime 0ms
2025-11-13 17:46:47 - renew USER-SERVICE serverId user-service:8081, isReplication {}false
2025-11-13 17:46:47 - renew USER-SERVICE serverId user-service:8081, isReplication {}true
2025-11-13 17:46:52 - Running the evict task with compensationTime 0ms
2025-11-13 17:46:53 - renew PAYMENT-SERVICE serverId payment-service:8084, isReplication {}false
2025-11-13 17:46:53 - renew PAYMENT-SERVICE serverId payment-service:8084, isReplication {}true
2025-11-13 17:47:00 - renew GATEWAY-SERVICE serverId gateway-service:8765, isReplication {}false
2025-11-13 17:47:00 - renew GATEWAY-SERVICE serverId gateway-service:8765, isReplication {}true
2025-11-13 17:47:02 - Running the evict task with compensationTime 0ms
2025-11-13 17:47:08 - renew NOTIFICATION-SERVICE serverId notification-service:8085, isReplication {}false
2025-11-13 17:47:08 - renew NOTIFICATION-SERVICE serverId notification-service:8085, isReplication {}true
2025-11-13 17:47:12 - Running the evict task with compensationTime 0ms
2025-11-13 17:47:17 - renew USER-SERVICE serverId user-service:8081, isReplication {}false
2025-11-13 17:47:17 - renew USER-SERVICE serverId user-service:8081, isReplication {}true
2025-11-13 17:47:22 - Running the evict task with compensationTime 0ms
2025-11-13 17:47:23 - renew PAYMENT-SERVICE serverId payment-service:8084, isReplication {}false
2025-11-13 17:47:23 - renew PAYMENT-SERVICE serverId payment-service:8084, isReplication {}true
2025-11-13 17:47:30 - renew GATEWAY-SERVICE serverId gateway-service:8765, isReplication {}false
2025-11-13 17:47:30 - renew GATEWAY-SERVICE serverId gateway-service:8765, isReplication {}true
2025-11-13 17:47:32 - Running the evict task with compensationTime 0ms
2025-11-13 17:47:38 - renew NOTIFICATION-SERVICE serverId notification-service:8085, isReplication {}false
2025-11-13 17:47:38 - renew NOTIFICATION-SERVICE serverId notification-service:8085, isReplication {}true
2025-11-13 17:47:42 - Running the evict task with compensationTime 0ms
2025-11-13 17:47:47 - renew USER-SERVICE serverId user-service:8081, isReplication {}false
2025-11-13 17:47:47 - renew USER-SERVICE serverId user-service:8081, isReplication {}true
2025-11-13 17:47:52 - Running the evict task with compensationTime 0ms
2025-11-13 17:47:53 - renew PAYMENT-SERVICE serverId payment-service:8084, isReplication {}false
2025-11-13 17:47:53 - renew PAYMENT-SERVICE serverId payment-service:8084, isReplication {}true
2025-11-13 17:48:00 - renew GATEWAY-SERVICE serverId gateway-service:8765, isReplication {}false
2025-11-13 17:48:00 - renew GATEWAY-SERVICE serverId gateway-service:8765, isReplication {}true
2025-11-13 17:48:02 - Running the evict task with compensationTime 0ms
2025-11-13 17:48:08 - renew NOTIFICATION-SERVICE serverId notification-service:8085, isReplication {}false
2025-11-13 17:48:08 - renew NOTIFICATION-SERVICE serverId notification-service:8085, isReplication {}true
2025-11-13 17:48:12 - Running the evict task with compensationTime 0ms
2025-11-13 17:48:17 - renew USER-SERVICE serverId user-service:8081, isReplication {}false
2025-11-13 17:48:17 - renew USER-SERVICE serverId user-service:8081, isReplication {}true
2025-11-13 17:48:22 - Running the evict task with compensationTime 0ms
2025-11-13 17:48:23 - renew PAYMENT-SERVICE serverId payment-service:8084, isReplication {}false
2025-11-13 17:48:23 - renew PAYMENT-SERVICE serverId payment-service:8084, isReplication {}true
2025-11-13 17:48:30 - renew GATEWAY-SERVICE serverId gateway-service:8765, isReplication {}false
2025-11-13 17:48:30 - renew GATEWAY-SERVICE serverId gateway-service:8765, isReplication {}true
2025-11-13 17:48:32 - Running the evict task with compensationTime 0ms
2025-11-13 17:48:38 - renew NOTIFICATION-SERVICE serverId notification-service:8085, isReplication {}false
2025-11-13 17:48:38 - renew NOTIFICATION-SERVICE serverId notification-service:8085, isReplication {}true
2025-11-13 17:48:42 - Running the evict task with compensationTime 0ms
2025-11-13 17:48:47 - renew USER-SERVICE serverId user-service:8081, isReplication {}false
2025-11-13 17:48:47 - renew USER-SERVICE serverId user-service:8081, isReplication {}true
2025-11-13 17:48:52 - Running the evict task with compensationTime 0ms
2025-11-13 17:48:53 - renew PAYMENT-SERVICE serverId payment-service:8084, isReplication {}false
2025-11-13 17:48:53 - renew PAYMENT-SERVICE serverId payment-service:8084, isReplication {}true
2025-11-13 17:49:00 - renew GATEWAY-SERVICE serverId gateway-service:8765, isReplication {}false
2025-11-13 17:49:00 - renew GATEWAY-SERVICE serverId gateway-service:8765, isReplication {}true
2025-11-13 17:49:02 - Running the evict task with compensationTime 0ms
2025-11-13 17:49:08 - renew NOTIFICATION-SERVICE serverId notification-service:8085, isReplication {}false
2025-11-13 17:49:08 - renew NOTIFICATION-SERVICE serverId notification-service:8085, isReplication {}true
2025-11-13 17:49:12 - Running the evict task with compensationTime 0ms
2025-11-13 17:49:17 - renew USER-SERVICE serverId user-service:8081, isReplication {}false
2025-11-13 17:49:17 - renew USER-SERVICE serverId user-service:8081, isReplication {}true
2025-11-13 17:49:22 - Running the evict task with compensationTime 2ms
2025-11-13 17:49:23 - renew PAYMENT-SERVICE serverId payment-service:8084, isReplication {}false
2025-11-13 17:49:23 - renew PAYMENT-SERVICE serverId payment-service:8084, isReplication {}true
2025-11-13 17:49:25 - register PROJECT-SERVICE, vip project-service, leaseDuration 90, isReplication false
2025-11-13 17:49:25 - Registered instance PROJECT-SERVICE/project-service:8083 with status UP (replication=false)
2025-11-13 17:49:26 - register PROJECT-SERVICE, vip project-service, leaseDuration 90, isReplication true
2025-11-13 17:49:26 - Registered instance PROJECT-SERVICE/project-service:8083 with status UP (replication=true)
2025-11-13 17:49:30 - renew GATEWAY-SERVICE serverId gateway-service:8765, isReplication {}false
2025-11-13 17:49:30 - renew GATEWAY-SERVICE serverId gateway-service:8765, isReplication {}true
2025-11-13 17:49:32 - Running the evict task with compensationTime 0ms
2025-11-13 17:49:38 - renew NOTIFICATION-SERVICE serverId notification-service:8085, isReplication {}false
2025-11-13 17:49:38 - renew NOTIFICATION-SERVICE serverId notification-service:8085, isReplication {}true
2025-11-13 17:49:42 - Running the evict task with compensationTime 0ms
2025-11-13 17:49:47 - renew USER-SERVICE serverId user-service:8081, isReplication {}false
2025-11-13 17:49:47 - renew USER-SERVICE serverId user-service:8081, isReplication {}true
2025-11-13 17:49:52 - Running the evict task with compensationTime 0ms
2025-11-13 17:49:53 - renew PAYMENT-SERVICE serverId payment-service:8084, isReplication {}false
2025-11-13 17:49:53 - renew PAYMENT-SERVICE serverId payment-service:8084, isReplication {}true
2025-11-13 17:49:55 - renew PROJECT-SERVICE serverId project-service:8083, isReplication {}false
2025-11-13 17:49:55 - renew PROJECT-SERVICE serverId project-service:8083, isReplication {}true
2025-11-13 17:49:55 - register PROJECT-SERVICE, vip project-service, leaseDuration 90, isReplication false
2025-11-13 17:49:55 - Registered instance PROJECT-SERVICE/project-service:8083 with status DOWN (replication=false)
2025-11-13 17:49:56 - register PROJECT-SERVICE, vip project-service, leaseDuration 90, isReplication true
2025-11-13 17:49:56 - Registered instance PROJECT-SERVICE/project-service:8083 with status DOWN (replication=true)
2025-11-13 17:49:59 - cancel PROJECT-SERVICE, serverId project-service:8083, isReplication false
2025-11-13 17:49:59 - cancel PROJECT-SERVICE, serverId project-service:8083, isReplication false
2025-11-13 17:49:59 - Cancelled instance PROJECT-SERVICE/project-service:8083 (replication=false)
2025-11-13 17:49:59 - cancel PROJECT-SERVICE, serverId project-service:8083, isReplication true
2025-11-13 17:49:59 - cancel PROJECT-SERVICE, serverId project-service:8083, isReplication true
2025-11-13 17:49:59 - DS: Registry: cancel failed because Lease is not registered for: PROJECT-SERVICE/project-service:8083
2025-11-13 17:49:59 - Not Found (Cancel): PROJECT-SERVICE - project-service:8083
2025-11-13 17:49:59 - The replication of task PROJECT-SERVICE/project-service:8083:Cancel@localhost failed with response code 404
2025-11-13 17:49:59 - PROJECT-SERVICE/project-service:8083:Cancel@localhost: missing entry.
2025-11-13 17:50:00 - renew GATEWAY-SERVICE serverId gateway-service:8765, isReplication {}false
2025-11-13 17:50:00 - renew GATEWAY-SERVICE serverId gateway-service:8765, isReplication {}true
2025-11-13 17:50:02 - Running the evict task with compensationTime 0ms
2025-11-13 17:50:08 - renew NOTIFICATION-SERVICE serverId notification-service:8085, isReplication {}false
2025-11-13 17:50:08 - renew NOTIFICATION-SERVICE serverId notification-service:8085, isReplication {}true
2025-11-13 17:50:12 - Running the evict task with compensationTime 0ms
2025-11-13 17:50:17 - renew USER-SERVICE serverId user-service:8081, isReplication {}false
2025-11-13 17:50:17 - renew USER-SERVICE serverId user-service:8081, isReplication {}true
2025-11-13 17:50:22 - Running the evict task with compensationTime 0ms
2025-11-13 17:50:23 - renew PAYMENT-SERVICE serverId payment-service:8084, isReplication {}false
2025-11-13 17:50:23 - renew PAYMENT-SERVICE serverId payment-service:8084, isReplication {}true
2025-11-13 17:50:30 - renew GATEWAY-SERVICE serverId gateway-service:8765, isReplication {}false
2025-11-13 17:50:30 - renew GATEWAY-SERVICE serverId gateway-service:8765, isReplication {}true
2025-11-13 17:50:32 - Running the evict task with compensationTime 0ms
2025-11-13 17:50:38 - renew NOTIFICATION-SERVICE serverId notification-service:8085, isReplication {}false
2025-11-13 17:50:38 - renew NOTIFICATION-SERVICE serverId notification-service:8085, isReplication {}true
2025-11-13 17:50:42 - Running the evict task with compensationTime 0ms
2025-11-13 17:50:47 - renew USER-SERVICE serverId user-service:8081, isReplication {}false
2025-11-13 17:50:47 - renew USER-SERVICE serverId user-service:8081, isReplication {}true
2025-11-13 17:50:52 - Running the evict task with compensationTime 0ms
2025-11-13 17:50:53 - renew PAYMENT-SERVICE serverId payment-service:8084, isReplication {}false
2025-11-13 17:50:53 - renew PAYMENT-SERVICE serverId payment-service:8084, isReplication {}true
2025-11-13 17:51:00 - renew GATEWAY-SERVICE serverId gateway-service:8765, isReplication {}false
2025-11-13 17:51:00 - renew GATEWAY-SERVICE serverId gateway-service:8765, isReplication {}true
2025-11-13 17:51:02 - Running the evict task with compensationTime 0ms
2025-11-13 17:51:08 - renew NOTIFICATION-SERVICE serverId notification-service:8085, isReplication {}false
2025-11-13 17:51:08 - renew NOTIFICATION-SERVICE serverId notification-service:8085, isReplication {}true
2025-11-13 17:51:12 - Running the evict task with compensationTime 0ms
2025-11-13 17:51:17 - renew USER-SERVICE serverId user-service:8081, isReplication {}false
2025-11-13 17:51:17 - renew USER-SERVICE serverId user-service:8081, isReplication {}true
2025-11-13 17:51:22 - Running the evict task with compensationTime 0ms
2025-11-13 17:51:23 - renew PAYMENT-SERVICE serverId payment-service:8084, isReplication {}false
2025-11-13 17:51:24 - renew PAYMENT-SERVICE serverId payment-service:8084, isReplication {}true
2025-11-13 17:51:30 - renew GATEWAY-SERVICE serverId gateway-service:8765, isReplication {}false
2025-11-13 17:51:30 - renew GATEWAY-SERVICE serverId gateway-service:8765, isReplication {}true
2025-11-13 17:51:32 - Running the evict task with compensationTime 0ms
2025-11-13 17:51:38 - renew NOTIFICATION-SERVICE serverId notification-service:8085, isReplication {}false
2025-11-13 17:51:38 - renew NOTIFICATION-SERVICE serverId notification-service:8085, isReplication {}true
2025-11-13 17:51:42 - Running the evict task with compensationTime 0ms
2025-11-13 17:51:47 - renew USER-SERVICE serverId user-service:8081, isReplication {}false
2025-11-13 17:51:47 - renew USER-SERVICE serverId user-service:8081, isReplication {}true
2025-11-13 17:51:52 - Running the evict task with compensationTime 0ms
2025-11-13 17:51:53 - renew PAYMENT-SERVICE serverId payment-service:8084, isReplication {}false
2025-11-13 17:51:54 - renew PAYMENT-SERVICE serverId payment-service:8084, isReplication {}true
2025-11-13 17:52:00 - renew GATEWAY-SERVICE serverId gateway-service:8765, isReplication {}false
2025-11-13 17:52:00 - renew GATEWAY-SERVICE serverId gateway-service:8765, isReplication {}true
2025-11-13 17:52:02 - Running the evict task with compensationTime 0ms
2025-11-13 17:52:08 - renew NOTIFICATION-SERVICE serverId notification-service:8085, isReplication {}false
2025-11-13 17:52:08 - renew NOTIFICATION-SERVICE serverId notification-service:8085, isReplication {}true
2025-11-13 17:52:12 - Running the evict task with compensationTime 0ms
2025-11-13 17:52:17 - renew USER-SERVICE serverId user-service:8081, isReplication {}false
2025-11-13 17:52:17 - renew USER-SERVICE serverId user-service:8081, isReplication {}true
2025-11-13 17:52:22 - Running the evict task with compensationTime 0ms
2025-11-13 17:52:23 - renew PAYMENT-SERVICE serverId payment-service:8084, isReplication {}false
2025-11-13 17:52:24 - renew PAYMENT-SERVICE serverId payment-service:8084, isReplication {}true
2025-11-13 17:52:30 - renew GATEWAY-SERVICE serverId gateway-service:8765, isReplication {}false
2025-11-13 17:52:30 - renew GATEWAY-SERVICE serverId gateway-service:8765, isReplication {}true
2025-11-13 17:52:32 - Running the evict task with compensationTime 0ms
2025-11-13 17:52:38 - renew NOTIFICATION-SERVICE serverId notification-service:8085, isReplication {}false
2025-11-13 17:52:39 - renew NOTIFICATION-SERVICE serverId notification-service:8085, isReplication {}true
2025-11-13 17:52:42 - Running the evict task with compensationTime 0ms
2025-11-13 17:52:47 - renew USER-SERVICE serverId user-service:8081, isReplication {}false
2025-11-13 17:52:47 - renew USER-SERVICE serverId user-service:8081, isReplication {}true
2025-11-13 17:52:52 - Running the evict task with compensationTime 0ms
2025-11-13 17:52:53 - renew PAYMENT-SERVICE serverId payment-service:8084, isReplication {}false
2025-11-13 17:52:54 - renew PAYMENT-SERVICE serverId payment-service:8084, isReplication {}true
2025-11-13 17:53:00 - renew GATEWAY-SERVICE serverId gateway-service:8765, isReplication {}false
2025-11-13 17:53:00 - renew GATEWAY-SERVICE serverId gateway-service:8765, isReplication {}true
2025-11-13 17:53:02 - Running the evict task with compensationTime 0ms
2025-11-13 17:53:08 - renew NOTIFICATION-SERVICE serverId notification-service:8085, isReplication {}false
2025-11-13 17:53:09 - renew NOTIFICATION-SERVICE serverId notification-service:8085, isReplication {}true
2025-11-13 17:53:12 - Running the evict task with compensationTime 0ms
2025-11-13 17:53:17 - renew USER-SERVICE serverId user-service:8081, isReplication {}false
2025-11-13 17:53:17 - renew USER-SERVICE serverId user-service:8081, isReplication {}true
2025-11-13 17:53:22 - Running the evict task with compensationTime 0ms
2025-11-13 17:53:23 - renew PAYMENT-SERVICE serverId payment-service:8084, isReplication {}false
2025-11-13 17:53:24 - renew PAYMENT-SERVICE serverId payment-service:8084, isReplication {}true
2025-11-13 17:53:30 - renew GATEWAY-SERVICE serverId gateway-service:8765, isReplication {}false
2025-11-13 17:53:30 - renew GATEWAY-SERVICE serverId gateway-service:8765, isReplication {}true
2025-11-13 17:53:32 - Running the evict task with compensationTime 0ms
2025-11-13 17:53:38 - renew NOTIFICATION-SERVICE serverId notification-service:8085, isReplication {}false
2025-11-13 17:53:39 - renew NOTIFICATION-SERVICE serverId notification-service:8085, isReplication {}true
2025-11-13 17:53:42 - Running the evict task with compensationTime 0ms
2025-11-13 17:53:47 - renew USER-SERVICE serverId user-service:8081, isReplication {}false
2025-11-13 17:53:47 - renew USER-SERVICE serverId user-service:8081, isReplication {}true
2025-11-13 17:53:52 - Running the evict task with compensationTime 0ms
2025-11-13 17:53:53 - renew PAYMENT-SERVICE serverId payment-service:8084, isReplication {}false
2025-11-13 17:53:54 - renew PAYMENT-SERVICE serverId payment-service:8084, isReplication {}true
2025-11-13 17:54:00 - renew GATEWAY-SERVICE serverId gateway-service:8765, isReplication {}false
2025-11-13 17:54:00 - renew GATEWAY-SERVICE serverId gateway-service:8765, isReplication {}true
2025-11-13 17:54:02 - Running the evict task with compensationTime 0ms
2025-11-13 17:54:08 - renew NOTIFICATION-SERVICE serverId notification-service:8085, isReplication {}false
2025-11-13 17:54:09 - renew NOTIFICATION-SERVICE serverId notification-service:8085, isReplication {}true
2025-11-13 17:54:12 - Running the evict task with compensationTime 0ms
2025-11-13 17:54:17 - renew USER-SERVICE serverId user-service:8081, isReplication {}false
2025-11-13 17:54:17 - renew USER-SERVICE serverId user-service:8081, isReplication {}true
2025-11-13 17:54:22 - Running the evict task with compensationTime 4ms
2025-11-13 17:54:23 - renew PAYMENT-SERVICE serverId payment-service:8084, isReplication {}false
2025-11-13 17:54:24 - renew PAYMENT-SERVICE serverId payment-service:8084, isReplication {}true
2025-11-13 17:54:30 - renew GATEWAY-SERVICE serverId gateway-service:8765, isReplication {}false
2025-11-13 17:54:30 - renew GATEWAY-SERVICE serverId gateway-service:8765, isReplication {}true
2025-11-13 17:54:32 - Running the evict task with compensationTime 0ms
2025-11-13 17:54:38 - renew NOTIFICATION-SERVICE serverId notification-service:8085, isReplication {}false
2025-11-13 17:54:39 - renew NOTIFICATION-SERVICE serverId notification-service:8085, isReplication {}true
2025-11-13 17:54:42 - Running the evict task with compensationTime 0ms
2025-11-13 17:54:47 - renew USER-SERVICE serverId user-service:8081, isReplication {}false
2025-11-13 17:54:47 - renew USER-SERVICE serverId user-service:8081, isReplication {}true
2025-11-13 17:54:52 - Running the evict task with compensationTime 0ms
2025-11-13 17:54:53 - renew PAYMENT-SERVICE serverId payment-service:8084, isReplication {}false
2025-11-13 17:54:54 - renew PAYMENT-SERVICE serverId payment-service:8084, isReplication {}true
2025-11-13 17:55:00 - renew GATEWAY-SERVICE serverId gateway-service:8765, isReplication {}false
2025-11-13 17:55:00 - renew GATEWAY-SERVICE serverId gateway-service:8765, isReplication {}true
2025-11-13 17:55:02 - Running the evict task with compensationTime 0ms
2025-11-13 17:55:08 - renew NOTIFICATION-SERVICE serverId notification-service:8085, isReplication {}false
2025-11-13 17:55:09 - renew NOTIFICATION-SERVICE serverId notification-service:8085, isReplication {}true
2025-11-13 17:55:12 - Running the evict task with compensationTime 0ms
2025-11-13 17:55:17 - renew USER-SERVICE serverId user-service:8081, isReplication {}false
2025-11-13 17:55:17 - renew USER-SERVICE serverId user-service:8081, isReplication {}true
2025-11-13 17:55:22 - Running the evict task with compensationTime 0ms
2025-11-13 17:55:23 - renew PAYMENT-SERVICE serverId payment-service:8084, isReplication {}false
2025-11-13 17:55:24 - renew PAYMENT-SERVICE serverId payment-service:8084, isReplication {}true
2025-11-13 17:55:30 - renew GATEWAY-SERVICE serverId gateway-service:8765, isReplication {}false
2025-11-13 17:55:30 - renew GATEWAY-SERVICE serverId gateway-service:8765, isReplication {}true
2025-11-13 17:55:32 - Running the evict task with compensationTime 0ms
2025-11-13 17:55:37 - register NOTIFICATION-SERVICE, vip notification-service, leaseDuration 90, isReplication false
2025-11-13 17:55:37 - Registered instance NOTIFICATION-SERVICE/notification-service:8085 with status DOWN (replication=false)
2025-11-13 17:55:38 - register NOTIFICATION-SERVICE, vip notification-service, leaseDuration 90, isReplication true
2025-11-13 17:55:38 - Registered instance NOTIFICATION-SERVICE/notification-service:8085 with status DOWN (replication=true)
2025-11-13 17:55:38 - renew NOTIFICATION-SERVICE serverId notification-service:8085, isReplication {}false
2025-11-13 17:55:39 - renew NOTIFICATION-SERVICE serverId notification-service:8085, isReplication {}true
2025-11-13 17:55:40 - cancel NOTIFICATION-SERVICE, serverId notification-service:8085, isReplication false
2025-11-13 17:55:40 - cancel NOTIFICATION-SERVICE, serverId notification-service:8085, isReplication false
2025-11-13 17:55:40 - Cancelled instance NOTIFICATION-SERVICE/notification-service:8085 (replication=false)
2025-11-13 17:55:41 - cancel NOTIFICATION-SERVICE, serverId notification-service:8085, isReplication true
2025-11-13 17:55:41 - cancel NOTIFICATION-SERVICE, serverId notification-service:8085, isReplication true
2025-11-13 17:55:41 - DS: Registry: cancel failed because Lease is not registered for: NOTIFICATION-SERVICE/notification-service:8085
2025-11-13 17:55:41 - Not Found (Cancel): NOTIFICATION-SERVICE - notification-service:8085
2025-11-13 17:55:41 - The replication of task NOTIFICATION-SERVICE/notification-service:8085:Cancel@localhost failed with response code 404
2025-11-13 17:55:41 - NOTIFICATION-SERVICE/notification-service:8085:Cancel@localhost: missing entry.
2025-11-13 17:55:42 - Running the evict task with compensationTime 1ms
2025-11-13 17:55:47 - renew USER-SERVICE serverId user-service:8081, isReplication {}false
2025-11-13 17:55:47 - renew USER-SERVICE serverId user-service:8081, isReplication {}true
2025-11-13 17:55:49 - register FREELANCER-SERVICE, vip freelancer-service, leaseDuration 90, isReplication false
2025-11-13 17:55:49 - Registered instance FREELANCER-SERVICE/freelancer-service:8082 with status UP (replication=false)
2025-11-13 17:55:49 - register FREELANCER-SERVICE, vip freelancer-service, leaseDuration 90, isReplication true
2025-11-13 17:55:49 - Registered instance FREELANCER-SERVICE/freelancer-service:8082 with status UP (replication=true)
2025-11-13 17:55:52 - Running the evict task with compensationTime 0ms
2025-11-13 17:55:53 - renew PAYMENT-SERVICE serverId payment-service:8084, isReplication {}false
2025-11-13 17:55:54 - renew PAYMENT-SERVICE serverId payment-service:8084, isReplication {}true
2025-11-13 17:55:59 - register FREELANCER-SERVICE, vip freelancer-service, leaseDuration 90, isReplication false
2025-11-13 17:55:59 - Registered instance FREELANCER-SERVICE/freelancer-service:8082 with status DOWN (replication=false)
2025-11-13 17:55:59 - register FREELANCER-SERVICE, vip freelancer-service, leaseDuration 90, isReplication true
2025-11-13 17:55:59 - Registered instance FREELANCER-SERVICE/freelancer-service:8082 with status DOWN (replication=true)
2025-11-13 17:56:00 - renew GATEWAY-SERVICE serverId gateway-service:8765, isReplication {}false
2025-11-13 17:56:00 - renew GATEWAY-SERVICE serverId gateway-service:8765, isReplication {}true
2025-11-13 17:56:02 - Running the evict task with compensationTime 0ms
2025-11-13 17:56:02 - cancel FREELANCER-SERVICE, serverId freelancer-service:8082, isReplication false
2025-11-13 17:56:02 - cancel FREELANCER-SERVICE, serverId freelancer-service:8082, isReplication false
2025-11-13 17:56:02 - Cancelled instance FREELANCER-SERVICE/freelancer-service:8082 (replication=false)
2025-11-13 17:56:02 - cancel FREELANCER-SERVICE, serverId freelancer-service:8082, isReplication true
2025-11-13 17:56:02 - cancel FREELANCER-SERVICE, serverId freelancer-service:8082, isReplication true
2025-11-13 17:56:02 - DS: Registry: cancel failed because Lease is not registered for: FREELANCER-SERVICE/freelancer-service:8082
2025-11-13 17:56:02 - Not Found (Cancel): FREELANCER-SERVICE - freelancer-service:8082
2025-11-13 17:56:02 - The replication of task FREELANCER-SERVICE/freelancer-service:8082:Cancel@localhost failed with response code 404
2025-11-13 17:56:02 - FREELANCER-SERVICE/freelancer-service:8082:Cancel@localhost: missing entry.
2025-11-13 17:56:06 - register PROJECT-SERVICE, vip project-service, leaseDuration 90, isReplication false
2025-11-13 17:56:06 - Registered instance PROJECT-SERVICE/project-service:8083 with status UP (replication=false)
2025-11-13 17:56:06 - register PROJECT-SERVICE, vip project-service, leaseDuration 90, isReplication true
2025-11-13 17:56:06 - Registered instance PROJECT-SERVICE/project-service:8083 with status UP (replication=true)
2025-11-13 17:56:12 - Running the evict task with compensationTime 0ms
2025-11-13 17:56:17 - renew USER-SERVICE serverId user-service:8081, isReplication {}false
2025-11-13 17:56:17 - renew USER-SERVICE serverId user-service:8081, isReplication {}true
2025-11-13 17:56:20 - register PROJECT-SERVICE, vip project-service, leaseDuration 90, isReplication false
2025-11-13 17:56:20 - Registered instance PROJECT-SERVICE/project-service:8083 with status DOWN (replication=false)
2025-11-13 17:56:20 - register PROJECT-SERVICE, vip project-service, leaseDuration 90, isReplication true
2025-11-13 17:56:20 - Registered instance PROJECT-SERVICE/project-service:8083 with status DOWN (replication=true)
2025-11-13 17:56:22 - Running the evict task with compensationTime 0ms
2025-11-13 17:56:23 - cancel PROJECT-SERVICE, serverId project-service:8083, isReplication false
2025-11-13 17:56:23 - cancel PROJECT-SERVICE, serverId project-service:8083, isReplication false
2025-11-13 17:56:23 - Cancelled instance PROJECT-SERVICE/project-service:8083 (replication=false)
2025-11-13 17:56:23 - renew PAYMENT-SERVICE serverId payment-service:8084, isReplication {}false
2025-11-13 17:56:23 - cancel PROJECT-SERVICE, serverId project-service:8083, isReplication true
2025-11-13 17:56:23 - cancel PROJECT-SERVICE, serverId project-service:8083, isReplication true
2025-11-13 17:56:23 - DS: Registry: cancel failed because Lease is not registered for: PROJECT-SERVICE/project-service:8083
2025-11-13 17:56:23 - Not Found (Cancel): PROJECT-SERVICE - project-service:8083
2025-11-13 17:56:23 - renew PAYMENT-SERVICE serverId payment-service:8084, isReplication {}true
2025-11-13 17:56:23 - The replication of task PROJECT-SERVICE/project-service:8083:Cancel@localhost failed with response code 404
2025-11-13 17:56:23 - PROJECT-SERVICE/project-service:8083:Cancel@localhost: missing entry.
2025-11-13 17:56:24 - register NOTIFICATION-SERVICE, vip notification-service, leaseDuration 90, isReplication false
2025-11-13 17:56:24 - Registered instance NOTIFICATION-SERVICE/notification-service:8085 with status UP (replication=false)
2025-11-13 17:56:24 - register NOTIFICATION-SERVICE, vip notification-service, leaseDuration 90, isReplication true
2025-11-13 17:56:24 - Registered instance NOTIFICATION-SERVICE/notification-service:8085 with status UP (replication=true)
2025-11-13 17:56:30 - renew GATEWAY-SERVICE serverId gateway-service:8765, isReplication {}false
2025-11-13 17:56:30 - renew GATEWAY-SERVICE serverId gateway-service:8765, isReplication {}true
2025-11-13 17:56:32 - Running the evict task with compensationTime 0ms
2025-11-13 17:56:42 - Running the evict task with compensationTime 0ms
2025-11-13 17:56:47 - renew USER-SERVICE serverId user-service:8081, isReplication {}false
2025-11-13 17:56:47 - renew USER-SERVICE serverId user-service:8081, isReplication {}true
2025-11-13 17:56:52 - Running the evict task with compensationTime 0ms
2025-11-13 17:56:53 - renew PAYMENT-SERVICE serverId payment-service:8084, isReplication {}false
2025-11-13 17:56:54 - renew NOTIFICATION-SERVICE serverId notification-service:8085, isReplication {}false
2025-11-13 17:56:54 - renew PAYMENT-SERVICE serverId payment-service:8084, isReplication {}true
2025-11-13 17:56:54 - renew NOTIFICATION-SERVICE serverId notification-service:8085, isReplication {}true
2025-11-13 17:57:00 - renew GATEWAY-SERVICE serverId gateway-service:8765, isReplication {}false
2025-11-13 17:57:00 - renew GATEWAY-SERVICE serverId gateway-service:8765, isReplication {}true
2025-11-13 17:57:02 - Running the evict task with compensationTime 0ms
2025-11-13 17:57:12 - Running the evict task with compensationTime 0ms
2025-11-13 17:57:17 - renew USER-SERVICE serverId user-service:8081, isReplication {}false
2025-11-13 17:57:17 - renew USER-SERVICE serverId user-service:8081, isReplication {}true
2025-11-13 17:57:22 - Running the evict task with compensationTime 0ms
2025-11-13 17:57:23 - renew PAYMENT-SERVICE serverId payment-service:8084, isReplication {}false
2025-11-13 17:57:24 - renew NOTIFICATION-SERVICE serverId notification-service:8085, isReplication {}false
2025-11-13 17:57:24 - renew PAYMENT-SERVICE serverId payment-service:8084, isReplication {}true
2025-11-13 17:57:24 - renew NOTIFICATION-SERVICE serverId notification-service:8085, isReplication {}true
2025-11-13 17:57:30 - renew GATEWAY-SERVICE serverId gateway-service:8765, isReplication {}false
2025-11-13 17:57:30 - renew GATEWAY-SERVICE serverId gateway-service:8765, isReplication {}true
2025-11-13 17:57:32 - Running the evict task with compensationTime 0ms
2025-11-13 17:57:42 - Running the evict task with compensationTime 0ms
2025-11-13 17:57:47 - renew USER-SERVICE serverId user-service:8081, isReplication {}false
2025-11-13 17:57:47 - renew USER-SERVICE serverId user-service:8081, isReplication {}true
2025-11-13 17:57:52 - Running the evict task with compensationTime 0ms
2025-11-13 17:57:53 - renew PAYMENT-SERVICE serverId payment-service:8084, isReplication {}false
2025-11-13 17:57:54 - renew NOTIFICATION-SERVICE serverId notification-service:8085, isReplication {}false
2025-11-13 17:57:54 - renew PAYMENT-SERVICE serverId payment-service:8084, isReplication {}true
2025-11-13 17:57:54 - renew NOTIFICATION-SERVICE serverId notification-service:8085, isReplication {}true
2025-11-13 17:58:00 - renew GATEWAY-SERVICE serverId gateway-service:8765, isReplication {}false
2025-11-13 17:58:00 - renew GATEWAY-SERVICE serverId gateway-service:8765, isReplication {}true
2025-11-13 17:58:02 - Running the evict task with compensationTime 0ms
2025-11-13 17:58:12 - Running the evict task with compensationTime 0ms
2025-11-13 17:58:17 - renew USER-SERVICE serverId user-service:8081, isReplication {}false
2025-11-13 17:58:17 - renew USER-SERVICE serverId user-service:8081, isReplication {}true
2025-11-13 17:58:22 - Running the evict task with compensationTime 0ms
2025-11-13 17:58:23 - renew PAYMENT-SERVICE serverId payment-service:8084, isReplication {}false
2025-11-13 17:58:24 - renew NOTIFICATION-SERVICE serverId notification-service:8085, isReplication {}false
2025-11-13 17:58:24 - renew PAYMENT-SERVICE serverId payment-service:8084, isReplication {}true
2025-11-13 17:58:24 - renew NOTIFICATION-SERVICE serverId notification-service:8085, isReplication {}true
2025-11-13 17:58:30 - renew GATEWAY-SERVICE serverId gateway-service:8765, isReplication {}false
2025-11-13 17:58:30 - renew GATEWAY-SERVICE serverId gateway-service:8765, isReplication {}true
2025-11-13 17:58:32 - Current renewal threshold is : 0
2025-11-13 17:58:32 - Running the evict task with compensationTime 0ms
2025-11-13 17:58:42 - Running the evict task with compensationTime 0ms
2025-11-13 17:58:47 - renew USER-SERVICE serverId user-service:8081, isReplication {}false
2025-11-13 17:58:47 - renew USER-SERVICE serverId user-service:8081, isReplication {}true
2025-11-13 17:58:52 - Running the evict task with compensationTime 0ms
2025-11-13 17:58:53 - renew PAYMENT-SERVICE serverId payment-service:8084, isReplication {}false
2025-11-13 17:58:54 - renew NOTIFICATION-SERVICE serverId notification-service:8085, isReplication {}false
2025-11-13 17:58:54 - renew PAYMENT-SERVICE serverId payment-service:8084, isReplication {}true
2025-11-13 17:58:54 - renew NOTIFICATION-SERVICE serverId notification-service:8085, isReplication {}true
2025-11-13 17:59:00 - renew GATEWAY-SERVICE serverId gateway-service:8765, isReplication {}false
2025-11-13 17:59:00 - renew GATEWAY-SERVICE serverId gateway-service:8765, isReplication {}true
2025-11-13 17:59:02 - Running the evict task with compensationTime 0ms
2025-11-13 17:59:12 - Running the evict task with compensationTime 0ms
2025-11-13 17:59:17 - renew USER-SERVICE serverId user-service:8081, isReplication {}false
2025-11-13 17:59:17 - renew USER-SERVICE serverId user-service:8081, isReplication {}true
2025-11-13 17:59:22 - Running the evict task with compensationTime 0ms
2025-11-13 17:59:23 - renew PAYMENT-SERVICE serverId payment-service:8084, isReplication {}false
2025-11-13 17:59:24 - renew NOTIFICATION-SERVICE serverId notification-service:8085, isReplication {}false
2025-11-13 17:59:24 - renew PAYMENT-SERVICE serverId payment-service:8084, isReplication {}true
2025-11-13 17:59:24 - renew NOTIFICATION-SERVICE serverId notification-service:8085, isReplication {}true
2025-11-13 17:59:30 - renew GATEWAY-SERVICE serverId gateway-service:8765, isReplication {}false
2025-11-13 17:59:30 - renew GATEWAY-SERVICE serverId gateway-service:8765, isReplication {}true
2025-11-13 17:59:32 - Running the evict task with compensationTime 0ms
2025-11-13 17:59:42 - Running the evict task with compensationTime 0ms
2025-11-13 17:59:47 - renew USER-SERVICE serverId user-service:8081, isReplication {}false
2025-11-13 17:59:47 - renew USER-SERVICE serverId user-service:8081, isReplication {}true
2025-11-13 17:59:52 - Running the evict task with compensationTime 0ms
2025-11-13 17:59:53 - renew PAYMENT-SERVICE serverId payment-service:8084, isReplication {}false
2025-11-13 17:59:54 - renew NOTIFICATION-SERVICE serverId notification-service:8085, isReplication {}false
2025-11-13 17:59:54 - renew PAYMENT-SERVICE serverId payment-service:8084, isReplication {}true
2025-11-13 17:59:54 - renew NOTIFICATION-SERVICE serverId notification-service:8085, isReplication {}true
2025-11-13 18:00:00 - renew GATEWAY-SERVICE serverId gateway-service:8765, isReplication {}false
2025-11-13 18:00:00 - renew GATEWAY-SERVICE serverId gateway-service:8765, isReplication {}true
2025-11-13 18:00:02 - Running the evict task with compensationTime 0ms
2025-11-13 18:00:12 - Running the evict task with compensationTime 0ms
2025-11-13 18:00:17 - renew USER-SERVICE serverId user-service:8081, isReplication {}false
2025-11-13 18:00:17 - renew USER-SERVICE serverId user-service:8081, isReplication {}true
2025-11-13 18:00:22 - Running the evict task with compensationTime 0ms
2025-11-13 18:00:23 - renew PAYMENT-SERVICE serverId payment-service:8084, isReplication {}false
2025-11-13 18:00:24 - renew NOTIFICATION-SERVICE serverId notification-service:8085, isReplication {}false
2025-11-13 18:00:24 - renew PAYMENT-SERVICE serverId payment-service:8084, isReplication {}true
2025-11-13 18:00:24 - renew NOTIFICATION-SERVICE serverId notification-service:8085, isReplication {}true
2025-11-13 18:00:30 - renew GATEWAY-SERVICE serverId gateway-service:8765, isReplication {}false
2025-11-13 18:00:30 - renew GATEWAY-SERVICE serverId gateway-service:8765, isReplication {}true
2025-11-13 18:00:32 - Running the evict task with compensationTime 0ms
2025-11-13 18:00:42 - Running the evict task with compensationTime 0ms
2025-11-13 18:00:47 - renew USER-SERVICE serverId user-service:8081, isReplication {}false
2025-11-13 18:00:47 - renew USER-SERVICE serverId user-service:8081, isReplication {}true
2025-11-13 18:00:52 - Running the evict task with compensationTime 0ms
2025-11-13 18:00:53 - renew PAYMENT-SERVICE serverId payment-service:8084, isReplication {}false
2025-11-13 18:00:54 - renew NOTIFICATION-SERVICE serverId notification-service:8085, isReplication {}false
2025-11-13 18:00:54 - renew PAYMENT-SERVICE serverId payment-service:8084, isReplication {}true
2025-11-13 18:00:54 - renew NOTIFICATION-SERVICE serverId notification-service:8085, isReplication {}true
2025-11-13 18:01:00 - renew GATEWAY-SERVICE serverId gateway-service:8765, isReplication {}false
2025-11-13 18:01:00 - renew GATEWAY-SERVICE serverId gateway-service:8765, isReplication {}true
2025-11-13 18:01:02 - Running the evict task with compensationTime 0ms
2025-11-13 18:01:12 - Running the evict task with compensationTime 0ms
2025-11-13 18:01:17 - renew USER-SERVICE serverId user-service:8081, isReplication {}false
2025-11-13 18:01:17 - renew USER-SERVICE serverId user-service:8081, isReplication {}true
2025-11-13 18:01:22 - Running the evict task with compensationTime 0ms
2025-11-13 18:01:23 - renew PAYMENT-SERVICE serverId payment-service:8084, isReplication {}false
2025-11-13 18:01:24 - renew NOTIFICATION-SERVICE serverId notification-service:8085, isReplication {}false
2025-11-13 18:01:24 - renew PAYMENT-SERVICE serverId payment-service:8084, isReplication {}true
2025-11-13 18:01:24 - renew NOTIFICATION-SERVICE serverId notification-service:8085, isReplication {}true
2025-11-13 18:01:30 - renew GATEWAY-SERVICE serverId gateway-service:8765, isReplication {}false
2025-11-13 18:01:30 - renew GATEWAY-SERVICE serverId gateway-service:8765, isReplication {}true
2025-11-13 18:01:32 - Running the evict task with compensationTime 0ms
2025-11-13 18:01:42 - Running the evict task with compensationTime 0ms
2025-11-13 18:01:47 - renew USER-SERVICE serverId user-service:8081, isReplication {}false
2025-11-13 18:01:47 - renew USER-SERVICE serverId user-service:8081, isReplication {}true
2025-11-13 18:01:52 - Running the evict task with compensationTime 0ms
2025-11-13 18:01:53 - renew PAYMENT-SERVICE serverId payment-service:8084, isReplication {}false
2025-11-13 18:01:54 - renew NOTIFICATION-SERVICE serverId notification-service:8085, isReplication {}false
2025-11-13 18:01:54 - renew PAYMENT-SERVICE serverId payment-service:8084, isReplication {}true
2025-11-13 18:01:54 - renew NOTIFICATION-SERVICE serverId notification-service:8085, isReplication {}true
2025-11-13 18:02:00 - renew GATEWAY-SERVICE serverId gateway-service:8765, isReplication {}false
2025-11-13 18:02:00 - renew GATEWAY-SERVICE serverId gateway-service:8765, isReplication {}true
2025-11-13 18:02:02 - Running the evict task with compensationTime 0ms
2025-11-13 18:02:12 - Running the evict task with compensationTime 0ms
2025-11-13 18:02:17 - renew USER-SERVICE serverId user-service:8081, isReplication {}false
2025-11-13 18:02:17 - renew USER-SERVICE serverId user-service:8081, isReplication {}true
2025-11-13 18:02:22 - Running the evict task with compensationTime 0ms
2025-11-13 18:02:23 - renew PAYMENT-SERVICE serverId payment-service:8084, isReplication {}false
2025-11-13 18:02:24 - renew NOTIFICATION-SERVICE serverId notification-service:8085, isReplication {}false
2025-11-13 18:02:24 - renew PAYMENT-SERVICE serverId payment-service:8084, isReplication {}true
2025-11-13 18:02:24 - renew NOTIFICATION-SERVICE serverId notification-service:8085, isReplication {}true
2025-11-13 18:02:30 - renew GATEWAY-SERVICE serverId gateway-service:8765, isReplication {}false
2025-11-13 18:02:30 - renew GATEWAY-SERVICE serverId gateway-service:8765, isReplication {}true
2025-11-13 18:02:32 - Running the evict task with compensationTime 0ms
2025-11-13 18:02:42 - Running the evict task with compensationTime 0ms
2025-11-13 18:02:47 - renew USER-SERVICE serverId user-service:8081, isReplication {}false
2025-11-13 18:02:47 - renew USER-SERVICE serverId user-service:8081, isReplication {}true
2025-11-13 18:02:52 - Running the evict task with compensationTime 0ms
2025-11-13 18:02:53 - renew PAYMENT-SERVICE serverId payment-service:8084, isReplication {}false
2025-11-13 18:02:54 - renew NOTIFICATION-SERVICE serverId notification-service:8085, isReplication {}false
2025-11-13 18:02:54 - renew PAYMENT-SERVICE serverId payment-service:8084, isReplication {}true
2025-11-13 18:02:54 - renew NOTIFICATION-SERVICE serverId notification-service:8085, isReplication {}true
2025-11-13 18:03:00 - renew GATEWAY-SERVICE serverId gateway-service:8765, isReplication {}false
2025-11-13 18:03:00 - renew GATEWAY-SERVICE serverId gateway-service:8765, isReplication {}true
2025-11-13 18:03:02 - Running the evict task with compensationTime 0ms
2025-11-13 18:03:12 - Running the evict task with compensationTime 0ms
2025-11-13 18:03:17 - renew USER-SERVICE serverId user-service:8081, isReplication {}false
2025-11-13 18:03:17 - renew USER-SERVICE serverId user-service:8081, isReplication {}true
2025-11-13 18:03:22 - Running the evict task with compensationTime 0ms
2025-11-13 18:03:23 - renew PAYMENT-SERVICE serverId payment-service:8084, isReplication {}false
2025-11-13 18:03:24 - renew NOTIFICATION-SERVICE serverId notification-service:8085, isReplication {}false
2025-11-13 18:03:24 - renew PAYMENT-SERVICE serverId payment-service:8084, isReplication {}true
2025-11-13 18:03:24 - renew NOTIFICATION-SERVICE serverId notification-service:8085, isReplication {}true
2025-11-13 18:03:30 - renew GATEWAY-SERVICE serverId gateway-service:8765, isReplication {}false
2025-11-13 18:03:30 - renew GATEWAY-SERVICE serverId gateway-service:8765, isReplication {}true
2025-11-13 18:03:32 - Running the evict task with compensationTime 0ms
2025-11-13 18:03:42 - Running the evict task with compensationTime 0ms
2025-11-13 18:03:47 - renew USER-SERVICE serverId user-service:8081, isReplication {}false
2025-11-13 18:03:47 - renew USER-SERVICE serverId user-service:8081, isReplication {}true
2025-11-13 18:03:52 - Running the evict task with compensationTime 0ms
2025-11-13 18:03:53 - renew PAYMENT-SERVICE serverId payment-service:8084, isReplication {}false
2025-11-13 18:03:54 - renew NOTIFICATION-SERVICE serverId notification-service:8085, isReplication {}false
2025-11-13 18:03:54 - renew PAYMENT-SERVICE serverId payment-service:8084, isReplication {}true
2025-11-13 18:03:54 - renew NOTIFICATION-SERVICE serverId notification-service:8085, isReplication {}true
2025-11-13 18:04:00 - renew GATEWAY-SERVICE serverId gateway-service:8765, isReplication {}false
2025-11-13 18:04:00 - renew GATEWAY-SERVICE serverId gateway-service:8765, isReplication {}true
2025-11-13 18:04:02 - Running the evict task with compensationTime 0ms
2025-11-13 18:04:12 - Running the evict task with compensationTime 0ms
2025-11-13 18:04:17 - renew USER-SERVICE serverId user-service:8081, isReplication {}false
2025-11-13 18:04:17 - renew USER-SERVICE serverId user-service:8081, isReplication {}true
2025-11-13 18:04:22 - Running the evict task with compensationTime 0ms
2025-11-13 18:04:23 - renew PAYMENT-SERVICE serverId payment-service:8084, isReplication {}false
2025-11-13 18:04:24 - renew NOTIFICATION-SERVICE serverId notification-service:8085, isReplication {}false
2025-11-13 18:04:24 - renew PAYMENT-SERVICE serverId payment-service:8084, isReplication {}true
2025-11-13 18:04:24 - renew NOTIFICATION-SERVICE serverId notification-service:8085, isReplication {}true
2025-11-13 18:04:30 - renew GATEWAY-SERVICE serverId gateway-service:8765, isReplication {}false
2025-11-13 18:04:30 - renew GATEWAY-SERVICE serverId gateway-service:8765, isReplication {}true
2025-11-13 18:04:32 - Running the evict task with compensationTime 0ms
2025-11-13 18:04:42 - Running the evict task with compensationTime 0ms
2025-11-13 18:04:47 - renew USER-SERVICE serverId user-service:8081, isReplication {}false
2025-11-13 18:04:47 - renew USER-SERVICE serverId user-service:8081, isReplication {}true
2025-11-13 18:04:52 - Running the evict task with compensationTime 0ms
2025-11-13 18:04:53 - renew PAYMENT-SERVICE serverId payment-service:8084, isReplication {}false
2025-11-13 18:04:54 - renew NOTIFICATION-SERVICE serverId notification-service:8085, isReplication {}false
2025-11-13 18:04:54 - renew PAYMENT-SERVICE serverId payment-service:8084, isReplication {}true
2025-11-13 18:04:54 - renew NOTIFICATION-SERVICE serverId notification-service:8085, isReplication {}true
2025-11-13 18:05:00 - renew GATEWAY-SERVICE serverId gateway-service:8765, isReplication {}false
2025-11-13 18:05:00 - renew GATEWAY-SERVICE serverId gateway-service:8765, isReplication {}true
2025-11-13 18:05:02 - Running the evict task with compensationTime 0ms
2025-11-13 18:05:12 - Running the evict task with compensationTime 0ms
2025-11-13 18:05:17 - renew USER-SERVICE serverId user-service:8081, isReplication {}false
2025-11-13 18:05:17 - renew USER-SERVICE serverId user-service:8081, isReplication {}true
2025-11-13 18:05:22 - Running the evict task with compensationTime 0ms
2025-11-13 18:05:23 - renew PAYMENT-SERVICE serverId payment-service:8084, isReplication {}false
2025-11-13 18:05:24 - renew NOTIFICATION-SERVICE serverId notification-service:8085, isReplication {}false
2025-11-13 18:05:24 - renew PAYMENT-SERVICE serverId payment-service:8084, isReplication {}true
2025-11-13 18:05:24 - renew NOTIFICATION-SERVICE serverId notification-service:8085, isReplication {}true
2025-11-13 18:05:30 - renew GATEWAY-SERVICE serverId gateway-service:8765, isReplication {}false
2025-11-13 18:05:30 - renew GATEWAY-SERVICE serverId gateway-service:8765, isReplication {}true
2025-11-13 18:05:32 - Running the evict task with compensationTime 0ms
2025-11-13 18:05:42 - Running the evict task with compensationTime 0ms
2025-11-13 18:05:47 - renew USER-SERVICE serverId user-service:8081, isReplication {}false
2025-11-13 18:05:47 - renew USER-SERVICE serverId user-service:8081, isReplication {}true
2025-11-13 18:05:52 - Running the evict task with compensationTime 0ms
2025-11-13 18:05:53 - renew PAYMENT-SERVICE serverId payment-service:8084, isReplication {}false
2025-11-13 18:05:54 - renew NOTIFICATION-SERVICE serverId notification-service:8085, isReplication {}false
2025-11-13 18:05:54 - renew PAYMENT-SERVICE serverId payment-service:8084, isReplication {}true
2025-11-13 18:05:54 - renew NOTIFICATION-SERVICE serverId notification-service:8085, isReplication {}true
2025-11-13 18:06:00 - renew GATEWAY-SERVICE serverId gateway-service:8765, isReplication {}false
2025-11-13 18:06:00 - renew GATEWAY-SERVICE serverId gateway-service:8765, isReplication {}true
2025-11-13 18:06:02 - Running the evict task with compensationTime 0ms
2025-11-13 18:06:12 - Running the evict task with compensationTime 0ms
2025-11-13 18:06:17 - renew USER-SERVICE serverId user-service:8081, isReplication {}false
2025-11-13 18:06:17 - renew USER-SERVICE serverId user-service:8081, isReplication {}true
2025-11-13 18:06:22 - Running the evict task with compensationTime 0ms
2025-11-13 18:06:23 - renew PAYMENT-SERVICE serverId payment-service:8084, isReplication {}false
2025-11-13 18:06:24 - renew NOTIFICATION-SERVICE serverId notification-service:8085, isReplication {}false
2025-11-13 18:06:24 - renew PAYMENT-SERVICE serverId payment-service:8084, isReplication {}true
2025-11-13 18:06:24 - renew NOTIFICATION-SERVICE serverId notification-service:8085, isReplication {}true
2025-11-13 18:06:30 - renew GATEWAY-SERVICE serverId gateway-service:8765, isReplication {}false
2025-11-13 18:06:30 - renew GATEWAY-SERVICE serverId gateway-service:8765, isReplication {}true
2025-11-13 18:06:32 - Running the evict task with compensationTime 0ms
2025-11-13 18:06:42 - Running the evict task with compensationTime 0ms
2025-11-13 18:06:47 - renew USER-SERVICE serverId user-service:8081, isReplication {}false
2025-11-13 18:06:47 - renew USER-SERVICE serverId user-service:8081, isReplication {}true
2025-11-13 18:06:52 - Running the evict task with compensationTime 0ms
2025-11-13 18:06:53 - renew PAYMENT-SERVICE serverId payment-service:8084, isReplication {}false
2025-11-13 18:06:54 - renew NOTIFICATION-SERVICE serverId notification-service:8085, isReplication {}false
2025-11-13 18:06:54 - renew PAYMENT-SERVICE serverId payment-service:8084, isReplication {}true
2025-11-13 18:06:54 - renew NOTIFICATION-SERVICE serverId notification-service:8085, isReplication {}true
2025-11-13 18:07:00 - renew GATEWAY-SERVICE serverId gateway-service:8765, isReplication {}false
2025-11-13 18:07:00 - renew GATEWAY-SERVICE serverId gateway-service:8765, isReplication {}true
2025-11-13 18:07:02 - Running the evict task with compensationTime 0ms
2025-11-13 18:07:12 - Running the evict task with compensationTime 0ms
2025-11-13 18:07:17 - renew USER-SERVICE serverId user-service:8081, isReplication {}false
2025-11-13 18:07:18 - renew USER-SERVICE serverId user-service:8081, isReplication {}true
2025-11-13 18:07:22 - Running the evict task with compensationTime 0ms
2025-11-13 18:07:23 - renew PAYMENT-SERVICE serverId payment-service:8084, isReplication {}false
2025-11-13 18:07:24 - renew NOTIFICATION-SERVICE serverId notification-service:8085, isReplication {}false
2025-11-13 18:07:24 - renew PAYMENT-SERVICE serverId payment-service:8084, isReplication {}true
2025-11-13 18:07:24 - renew NOTIFICATION-SERVICE serverId notification-service:8085, isReplication {}true
2025-11-13 18:07:30 - renew GATEWAY-SERVICE serverId gateway-service:8765, isReplication {}false
2025-11-13 18:07:30 - renew GATEWAY-SERVICE serverId gateway-service:8765, isReplication {}true
2025-11-13 18:07:32 - Running the evict task with compensationTime 0ms
2025-11-13 18:07:42 - Running the evict task with compensationTime 0ms
2025-11-13 18:07:47 - renew USER-SERVICE serverId user-service:8081, isReplication {}false
2025-11-13 18:07:48 - renew USER-SERVICE serverId user-service:8081, isReplication {}true
2025-11-13 18:07:52 - Running the evict task with compensationTime 0ms
2025-11-13 18:07:53 - renew PAYMENT-SERVICE serverId payment-service:8084, isReplication {}false
2025-11-13 18:07:54 - renew NOTIFICATION-SERVICE serverId notification-service:8085, isReplication {}false
2025-11-13 18:07:54 - renew PAYMENT-SERVICE serverId payment-service:8084, isReplication {}true
2025-11-13 18:07:54 - renew NOTIFICATION-SERVICE serverId notification-service:8085, isReplication {}true
2025-11-13 18:08:00 - renew GATEWAY-SERVICE serverId gateway-service:8765, isReplication {}false
2025-11-13 18:08:00 - renew GATEWAY-SERVICE serverId gateway-service:8765, isReplication {}true
2025-11-13 18:08:02 - Running the evict task with compensationTime 0ms
2025-11-13 18:08:12 - Running the evict task with compensationTime 0ms
2025-11-13 18:08:17 - renew USER-SERVICE serverId user-service:8081, isReplication {}false
2025-11-13 18:08:18 - renew USER-SERVICE serverId user-service:8081, isReplication {}true
2025-11-13 18:08:22 - Running the evict task with compensationTime 0ms
2025-11-13 18:08:23 - renew PAYMENT-SERVICE serverId payment-service:8084, isReplication {}false
2025-11-13 18:08:24 - renew NOTIFICATION-SERVICE serverId notification-service:8085, isReplication {}false
2025-11-13 18:08:24 - renew PAYMENT-SERVICE serverId payment-service:8084, isReplication {}true
2025-11-13 18:08:24 - renew NOTIFICATION-SERVICE serverId notification-service:8085, isReplication {}true
2025-11-13 18:08:30 - renew GATEWAY-SERVICE serverId gateway-service:8765, isReplication {}false
2025-11-13 18:08:30 - renew GATEWAY-SERVICE serverId gateway-service:8765, isReplication {}true
2025-11-13 18:08:32 - Running the evict task with compensationTime 0ms
2025-11-13 18:08:42 - Running the evict task with compensationTime 0ms
2025-11-13 18:08:47 - renew USER-SERVICE serverId user-service:8081, isReplication {}false
2025-11-13 18:08:48 - renew USER-SERVICE serverId user-service:8081, isReplication {}true
2025-11-13 18:08:52 - Running the evict task with compensationTime 0ms
2025-11-13 18:08:53 - renew PAYMENT-SERVICE serverId payment-service:8084, isReplication {}false
2025-11-13 18:08:54 - renew NOTIFICATION-SERVICE serverId notification-service:8085, isReplication {}false
2025-11-13 18:08:54 - renew PAYMENT-SERVICE serverId payment-service:8084, isReplication {}true
2025-11-13 18:08:54 - renew NOTIFICATION-SERVICE serverId notification-service:8085, isReplication {}true
2025-11-13 18:09:00 - renew GATEWAY-SERVICE serverId gateway-service:8765, isReplication {}false
2025-11-13 18:09:00 - renew GATEWAY-SERVICE serverId gateway-service:8765, isReplication {}true
2025-11-13 18:09:02 - Running the evict task with compensationTime 0ms
2025-11-13 18:09:12 - Running the evict task with compensationTime 0ms
2025-11-13 18:09:17 - renew USER-SERVICE serverId user-service:8081, isReplication {}false
2025-11-13 18:09:18 - renew USER-SERVICE serverId user-service:8081, isReplication {}true
2025-11-13 18:09:22 - Running the evict task with compensationTime 0ms
2025-11-13 18:09:23 - renew PAYMENT-SERVICE serverId payment-service:8084, isReplication {}false
2025-11-13 18:09:24 - renew NOTIFICATION-SERVICE serverId notification-service:8085, isReplication {}false
2025-11-13 18:09:24 - renew PAYMENT-SERVICE serverId payment-service:8084, isReplication {}true
2025-11-13 18:09:24 - renew NOTIFICATION-SERVICE serverId notification-service:8085, isReplication {}true
2025-11-13 18:09:30 - renew GATEWAY-SERVICE serverId gateway-service:8765, isReplication {}false
2025-11-13 18:09:30 - renew GATEWAY-SERVICE serverId gateway-service:8765, isReplication {}true
2025-11-13 18:09:32 - Running the evict task with compensationTime 0ms
2025-11-13 18:09:42 - Running the evict task with compensationTime 0ms
2025-11-13 18:09:47 - renew USER-SERVICE serverId user-service:8081, isReplication {}false
2025-11-13 18:09:48 - renew USER-SERVICE serverId user-service:8081, isReplication {}true
2025-11-13 18:09:52 - Running the evict task with compensationTime 0ms
2025-11-13 18:09:53 - renew PAYMENT-SERVICE serverId payment-service:8084, isReplication {}false
2025-11-13 18:09:54 - renew NOTIFICATION-SERVICE serverId notification-service:8085, isReplication {}false
2025-11-13 18:09:54 - renew PAYMENT-SERVICE serverId payment-service:8084, isReplication {}true
2025-11-13 18:09:54 - renew NOTIFICATION-SERVICE serverId notification-service:8085, isReplication {}true
2025-11-13 18:10:00 - renew GATEWAY-SERVICE serverId gateway-service:8765, isReplication {}false
2025-11-13 18:10:00 - renew GATEWAY-SERVICE serverId gateway-service:8765, isReplication {}true
2025-11-13 18:10:02 - Running the evict task with compensationTime 0ms
2025-11-13 18:10:12 - Running the evict task with compensationTime 0ms
2025-11-13 18:10:17 - renew USER-SERVICE serverId user-service:8081, isReplication {}false
2025-11-13 18:10:18 - renew USER-SERVICE serverId user-service:8081, isReplication {}true
2025-11-13 18:10:22 - Running the evict task with compensationTime 0ms
2025-11-13 18:10:23 - renew PAYMENT-SERVICE serverId payment-service:8084, isReplication {}false
2025-11-13 18:10:24 - renew NOTIFICATION-SERVICE serverId notification-service:8085, isReplication {}false
2025-11-13 18:10:24 - renew PAYMENT-SERVICE serverId payment-service:8084, isReplication {}true
2025-11-13 18:10:24 - renew NOTIFICATION-SERVICE serverId notification-service:8085, isReplication {}true
2025-11-13 18:10:30 - renew GATEWAY-SERVICE serverId gateway-service:8765, isReplication {}false
2025-11-13 18:10:30 - renew GATEWAY-SERVICE serverId gateway-service:8765, isReplication {}true
2025-11-13 18:10:32 - Running the evict task with compensationTime 0ms
2025-11-13 18:10:42 - Running the evict task with compensationTime 0ms
2025-11-13 18:10:47 - renew USER-SERVICE serverId user-service:8081, isReplication {}false
2025-11-13 18:10:48 - renew USER-SERVICE serverId user-service:8081, isReplication {}true
2025-11-13 18:10:52 - Running the evict task with compensationTime 0ms
2025-11-13 18:10:53 - renew PAYMENT-SERVICE serverId payment-service:8084, isReplication {}false
2025-11-13 18:10:54 - renew NOTIFICATION-SERVICE serverId notification-service:8085, isReplication {}false
2025-11-13 18:10:54 - renew PAYMENT-SERVICE serverId payment-service:8084, isReplication {}true
2025-11-13 18:10:54 - renew NOTIFICATION-SERVICE serverId notification-service:8085, isReplication {}true
2025-11-13 18:11:00 - renew GATEWAY-SERVICE serverId gateway-service:8765, isReplication {}false
2025-11-13 18:11:00 - renew GATEWAY-SERVICE serverId gateway-service:8765, isReplication {}true
2025-11-13 18:11:02 - Running the evict task with compensationTime 0ms
2025-11-13 18:11:12 - Running the evict task with compensationTime 0ms
2025-11-13 18:11:17 - renew USER-SERVICE serverId user-service:8081, isReplication {}false
2025-11-13 18:11:18 - renew USER-SERVICE serverId user-service:8081, isReplication {}true
2025-11-13 18:11:22 - Running the evict task with compensationTime 0ms
2025-11-13 18:11:23 - renew PAYMENT-SERVICE serverId payment-service:8084, isReplication {}false
2025-11-13 18:11:24 - renew NOTIFICATION-SERVICE serverId notification-service:8085, isReplication {}false
2025-11-13 18:11:24 - renew PAYMENT-SERVICE serverId payment-service:8084, isReplication {}true
2025-11-13 18:11:24 - renew NOTIFICATION-SERVICE serverId notification-service:8085, isReplication {}true
2025-11-13 18:11:30 - renew GATEWAY-SERVICE serverId gateway-service:8765, isReplication {}false
2025-11-13 18:11:30 - renew GATEWAY-SERVICE serverId gateway-service:8765, isReplication {}true
2025-11-13 18:11:32 - Running the evict task with compensationTime 0ms
2025-11-13 18:11:42 - Running the evict task with compensationTime 0ms
2025-11-13 18:11:47 - renew USER-SERVICE serverId user-service:8081, isReplication {}false
2025-11-13 18:11:48 - renew USER-SERVICE serverId user-service:8081, isReplication {}true
2025-11-13 18:11:52 - Running the evict task with compensationTime 0ms
2025-11-13 18:11:53 - renew PAYMENT-SERVICE serverId payment-service:8084, isReplication {}false
2025-11-13 18:11:54 - renew NOTIFICATION-SERVICE serverId notification-service:8085, isReplication {}false
2025-11-13 18:11:54 - renew PAYMENT-SERVICE serverId payment-service:8084, isReplication {}true
2025-11-13 18:11:54 - renew NOTIFICATION-SERVICE serverId notification-service:8085, isReplication {}true
2025-11-13 18:12:00 - renew GATEWAY-SERVICE serverId gateway-service:8765, isReplication {}false
2025-11-13 18:12:00 - renew GATEWAY-SERVICE serverId gateway-service:8765, isReplication {}true
2025-11-13 18:12:02 - Running the evict task with compensationTime 0ms
2025-11-13 18:12:12 - Running the evict task with compensationTime 0ms
2025-11-13 18:12:17 - renew USER-SERVICE serverId user-service:8081, isReplication {}false
2025-11-13 18:12:18 - renew USER-SERVICE serverId user-service:8081, isReplication {}true
2025-11-13 18:12:22 - Running the evict task with compensationTime 0ms
2025-11-13 18:12:23 - renew PAYMENT-SERVICE serverId payment-service:8084, isReplication {}false
2025-11-13 18:12:24 - renew NOTIFICATION-SERVICE serverId notification-service:8085, isReplication {}false
2025-11-13 18:12:24 - renew PAYMENT-SERVICE serverId payment-service:8084, isReplication {}true
2025-11-13 18:12:24 - renew NOTIFICATION-SERVICE serverId notification-service:8085, isReplication {}true
2025-11-13 18:12:30 - renew GATEWAY-SERVICE serverId gateway-service:8765, isReplication {}false
2025-11-13 18:12:30 - renew GATEWAY-SERVICE serverId gateway-service:8765, isReplication {}true
2025-11-13 18:12:32 - Running the evict task with compensationTime 0ms
2025-11-13 18:12:42 - Running the evict task with compensationTime 0ms
2025-11-13 18:12:47 - renew USER-SERVICE serverId user-service:8081, isReplication {}false
2025-11-13 18:12:48 - renew USER-SERVICE serverId user-service:8081, isReplication {}true
2025-11-13 18:12:52 - Running the evict task with compensationTime 0ms
2025-11-13 18:12:53 - renew PAYMENT-SERVICE serverId payment-service:8084, isReplication {}false
2025-11-13 18:12:54 - renew NOTIFICATION-SERVICE serverId notification-service:8085, isReplication {}false
2025-11-13 18:12:54 - renew PAYMENT-SERVICE serverId payment-service:8084, isReplication {}true
2025-11-13 18:12:54 - renew NOTIFICATION-SERVICE serverId notification-service:8085, isReplication {}true
2025-11-13 18:13:00 - renew GATEWAY-SERVICE serverId gateway-service:8765, isReplication {}false
2025-11-13 18:13:00 - renew GATEWAY-SERVICE serverId gateway-service:8765, isReplication {}true
2025-11-13 18:13:02 - Running the evict task with compensationTime 0ms
2025-11-13 18:13:12 - Running the evict task with compensationTime 0ms
2025-11-13 18:13:17 - renew USER-SERVICE serverId user-service:8081, isReplication {}false
2025-11-13 18:13:18 - renew USER-SERVICE serverId user-service:8081, isReplication {}true
2025-11-13 18:13:22 - Running the evict task with compensationTime 0ms
2025-11-13 18:13:23 - renew PAYMENT-SERVICE serverId payment-service:8084, isReplication {}false
2025-11-13 18:13:24 - renew NOTIFICATION-SERVICE serverId notification-service:8085, isReplication {}false
2025-11-13 18:13:24 - renew PAYMENT-SERVICE serverId payment-service:8084, isReplication {}true
2025-11-13 18:13:24 - renew NOTIFICATION-SERVICE serverId notification-service:8085, isReplication {}true
2025-11-13 18:13:30 - renew GATEWAY-SERVICE serverId gateway-service:8765, isReplication {}false
2025-11-13 18:13:30 - renew GATEWAY-SERVICE serverId gateway-service:8765, isReplication {}true
2025-11-13 18:13:32 - Current renewal threshold is : 0
2025-11-13 18:13:32 - Running the evict task with compensationTime 0ms
