[INFO] Scanning for projects...
[INFO] 
[INFO] -----------------< com.freelancenexus:gateway-service >-----------------
[INFO] Building API Gateway 1.0.0
[INFO]   from pom.xml
[INFO] --------------------------------[ jar ]---------------------------------
[INFO] 
[INFO] --- clean:3.3.2:clean (default-clean) @ gateway-service ---
[INFO] Deleting /workspaces/FREELANCER-PROJECT/gateway-service/target
[INFO] 
[INFO] --- jacoco:0.8.11:prepare-agent (default) @ gateway-service ---
[INFO] argLine set to -javaagent:/home/vscode/.m2/repository/org/jacoco/org.jacoco.agent/0.8.11/org.jacoco.agent-0.8.11-runtime.jar=destfile=/workspaces/FREELANCER-PROJECT/gateway-service/target/jacoco.exec
[INFO] 
[INFO] --- resources:3.3.1:resources (default-resources) @ gateway-service ---
[INFO] Copying 1 resource from src/main/resources to target/classes
[INFO] Copying 1 resource from src/main/resources to target/classes
[INFO] 
[INFO] --- compiler:3.11.0:compile (default-compile) @ gateway-service ---
[INFO] Changes detected - recompiling the module! :source
[INFO] Compiling 9 source files with javac [debug release 17] to target/classes
[WARNING] /workspaces/FREELANCER-PROJECT/gateway-service/src/main/java/com/freelancenexus/gateway/exception/GlobalExceptionHandler.java:[34,1] Field 'log' already exists.
[WARNING] /workspaces/FREELANCER-PROJECT/gateway-service/src/main/java/com/freelancenexus/gateway/filter/LoggingFilter.java:[27,1] Field 'log' already exists.
[INFO] 
[INFO] --- resources:3.3.1:testResources (default-testResources) @ gateway-service ---
[INFO] skip non existing resourceDirectory /workspaces/FREELANCER-PROJECT/gateway-service/src/test/resources
[INFO] 
[INFO] --- compiler:3.11.0:testCompile (default-testCompile) @ gateway-service ---
[INFO] No sources to compile
[INFO] 
[INFO] --- surefire:3.1.2:test (default-test) @ gateway-service ---
[INFO] No tests to run.
[INFO] 
[INFO] --- jacoco:0.8.11:report (report) @ gateway-service ---
[INFO] Skipping JaCoCo execution due to missing execution data file.
[INFO] 
[INFO] --- jar:3.3.0:jar (default-jar) @ gateway-service ---
[INFO] Building jar: /workspaces/FREELANCER-PROJECT/gateway-service/target/gateway-service-1.0.0.jar
[INFO] 
[INFO] --- spring-boot:3.2.0:repackage (repackage) @ gateway-service ---
[INFO] Replacing main artifact /workspaces/FREELANCER-PROJECT/gateway-service/target/gateway-service-1.0.0.jar with repackaged archive, adding nested dependencies in BOOT-INF/.
[INFO] The original artifact has been renamed to /workspaces/FREELANCER-PROJECT/gateway-service/target/gateway-service-1.0.0.jar.original
[INFO] ------------------------------------------------------------------------
[INFO] BUILD SUCCESS
[INFO] ------------------------------------------------------------------------
[INFO] Total time:  5.905 s
[INFO] Finished at: 2025-11-13T09:55:03Z
[INFO] ------------------------------------------------------------------------
