[INFO] Scanning for projects...
[WARNING] The artifact org.codehaus.mojo:sonar-maven-plugin:jar:4.0.0.4121 has been relocated to org.sonarsource.scanner.maven:sonar-maven-plugin:jar:4.0.0.4121: SonarQube plugin was moved to SonarSource organisation
[INFO] 
[INFO] -----------------< com.freelancenexus:gateway-service >-----------------
[INFO] Building API Gateway 1.0.0
[INFO]   from pom.xml
[INFO] --------------------------------[ jar ]---------------------------------
[INFO] 
[INFO] --- sonar:4.0.0.4121:sonar (default-cli) @ gateway-service ---
[WARNING] 09:55:07.935 Using an unspecified version instead of an explicit plugin version may introduce breaking analysis changes at an unwanted time. It is highly recommended to use an explicit version, e.g. 'org.sonarsource.scanner.maven:sonar-maven-plugin:4.0.0.4121'.
[INFO] 09:55:07.948 Java 17.0.17 Microsoft (64-bit)
[INFO] 09:55:07.949 Linux 6.8.0-1030-azure (amd64)
[INFO] 09:55:08.159 User cache: /home/vscode/.sonar/cache
[INFO] 09:55:09.550 Communicating with SonarCloud
[INFO] 09:55:09.576 Default locale: "en_US", source code encoding: "UTF-8"
[INFO] 09:55:10.632 Load global settings
[INFO] 09:55:12.182 Load global settings (done) | time=1553ms
[INFO] 09:55:12.239 Server id: 1BD809FA-AWHW8ct9-T_TB3XqouNu
[INFO] 09:55:12.440 Loading required plugins
[INFO] 09:55:12.442 Load plugins index
[INFO] 09:55:13.268 Load plugins index (done) | time=826ms
[INFO] 09:55:13.269 Load/download plugins
[INFO] 09:55:13.336 Load/download plugins (done) | time=67ms
[INFO] 09:55:13.836 Loaded core extensions: a3s, architecture, sca
[INFO] 09:55:14.204 Process project properties
[INFO] 09:55:14.222 Project key: freelancenexus-gateway-service
[INFO] 09:55:14.223 Base dir: /workspaces/FREELANCER-PROJECT/gateway-service
[INFO] 09:55:14.223 Working dir: /workspaces/FREELANCER-PROJECT/gateway-service/target/sonar
[INFO] 09:55:14.254 Load project branches
[INFO] 09:55:14.865 Load project branches (done) | time=611ms
[INFO] 09:55:14.871 Load project settings for component key: 'freelancenexus-gateway-service'
[INFO] 09:55:15.991 Load project settings for component key: 'freelancenexus-gateway-service' (done) | time=1120ms
[INFO] 09:55:15.999 Inferred api base url 'https://api.sonarcloud.io' from host url 'https://sonarcloud.io'.
[INFO] 09:55:16.169 Inferred api base url 'https://api.sonarcloud.io' from host url 'https://sonarcloud.io'.
[INFO] 09:55:16.410 Check ALM binding of project 'freelancenexus-gateway-service'
[INFO] 09:55:16.807 Detected project binding: NOT_BOUND
[INFO] 09:55:16.807 Check ALM binding of project 'freelancenexus-gateway-service' (done) | time=398ms
[INFO] 09:55:16.810 Load project pull requests
[INFO] 09:55:17.367 Load project pull requests (done) | time=557ms
[INFO] 09:55:17.370 Load branch configuration
[INFO] 09:55:17.372 Load branch configuration (done) | time=2ms
[INFO] 09:55:17.382 Load quality profiles
[INFO] 09:55:18.354 Load quality profiles (done) | time=971ms
[INFO] 09:55:18.383 Inferred api base url 'https://api.sonarcloud.io' from host url 'https://sonarcloud.io'.
[INFO] 09:55:18.384 Create analysis
[INFO] 09:55:18.795 Create analysis (done) | time=411ms
[INFO] 09:55:18.798 Inferred api base url 'https://api.sonarcloud.io' from host url 'https://sonarcloud.io'.
[INFO] 09:55:18.932 Inferred api base url 'https://api.sonarcloud.io' from host url 'https://sonarcloud.io'.
[INFO] 09:55:18.933 Load active rules
[INFO] 09:55:20.051 Load active rules (done) | time=1118ms
[INFO] 09:55:20.510 Organization key: vikram1704
[INFO] 09:55:20.537 Preprocessing files...
[INFO] 09:55:20.720 2 languages detected in 10 preprocessed files (done) | time=183ms
[INFO] 09:55:20.721 0 files ignored because of inclusion/exclusion patterns
[INFO] 09:55:20.721 0 files ignored because of scm ignore settings
[INFO] 09:55:20.762 Loading plugins for detected languages
[INFO] 09:55:20.763 Load/download plugins
[INFO] 09:55:20.886 Load/download plugins (done) | time=123ms
[INFO] 09:55:21.170 Load project repositories
[INFO] 09:55:21.704 Load project repositories (done) | time=534ms
[INFO] 09:55:21.713 Indexing files...
[INFO] 09:55:21.714 Project configuration:
[INFO] 09:55:21.714   Excluded sources: **/build-wrapper-dump.json
[INFO] 09:55:21.720 10 files indexed (done) | time=6ms
[INFO] 09:55:21.732 Quality profile for java: Sonar way
[INFO] 09:55:21.734 Quality profile for xml: Sonar way
[INFO] 09:55:21.734 ------------- Run sensors on module API Gateway
[INFO] 09:55:21.835 Load metrics repository
[INFO] 09:55:22.280 Load metrics repository (done) | time=445ms
[INFO] 09:55:22.290 Sensor cache enabled
[INFO] 09:55:22.292 Inferred api base url 'https://api.sonarcloud.io' from host url 'https://sonarcloud.io'.
[INFO] 09:55:22.294 Load sensor cache
[INFO] 09:55:23.574 Load sensor cache (101 KB) | time=1280ms
[INFO] 09:55:23.577 Inferred api base url 'https://api.sonarcloud.io' from host url 'https://sonarcloud.io'.
[INFO] 09:55:24.800 Sensor JavaSensor [java]
[INFO] 09:55:24.803 Configured Java source version (sonar.java.source): 17, preview features enabled (sonar.java.enablePreview): false
[INFO] 09:55:24.841 Server-side caching is enabled. The Java analyzer will not try to leverage data from a previous analysis.
[INFO] 09:55:24.843 Using ECJ batch to parse 9 Main java source files with batch size 104 KB.
[INFO] 09:55:25.184 Starting batch processing.
[INFO] 09:55:25.773 The Java analyzer cannot skip unchanged files in this context. A full analysis is performed for all files.
[INFO] 09:55:28.852 100% analyzed
[INFO] 09:55:28.853 Batch processing: Done.
[INFO] 09:55:28.855 Did not optimize analysis for any files, performed a full analysis for all 9 files.
[WARNING] 09:55:28.934 Use of preview features have been detected during analysis. Enable DEBUG mode to see them.
[INFO] 09:55:28.934 No "Test" source files to scan.
[INFO] 09:55:28.935 No "Generated" source files to scan.
[INFO] 09:55:28.940 Sensor JavaSensor [java] (done) | time=4140ms
[INFO] 09:55:28.942 Sensor JaCoCo XML Report Importer [jacoco]
[INFO] 09:55:28.943 'sonar.coverage.jacoco.xmlReportPaths' is not defined. Using default locations: target/site/jacoco/jacoco.xml,target/site/jacoco-it/jacoco.xml,build/reports/jacoco/test/jacocoTestReport.xml
[INFO] 09:55:28.944 No report imported, no coverage information will be imported by JaCoCo XML Report Importer
[INFO] 09:55:28.944 Sensor JaCoCo XML Report Importer [jacoco] (done) | time=2ms
[INFO] 09:55:28.945 Sensor IaC GitHub Actions Sensor [iacenterprise]
[INFO] 09:55:28.947 There are no files to be analyzed for the GitHub Actions language
[INFO] 09:55:28.948 Sensor IaC GitHub Actions Sensor [iacenterprise] (done) | time=3ms
[INFO] 09:55:28.950 Sensor IaC Shell Sensor [iacenterprise]
[INFO] 09:55:28.950 There are no files to be analyzed for the Shell language
[INFO] 09:55:28.950 Sensor IaC Shell Sensor [iacenterprise] (done) | time=0ms
[INFO] 09:55:28.951 Sensor IaC Docker Sensor [iac]
[INFO] 09:55:28.952 There are no files to be analyzed for the Docker language
[INFO] 09:55:28.953 Sensor IaC Docker Sensor [iac] (done) | time=2ms
[INFO] 09:55:28.953 Sensor IaC hadolint report Sensor [iac]
[INFO] 09:55:28.955 Sensor IaC hadolint report Sensor [iac] (done) | time=2ms
[INFO] 09:55:28.955 Sensor Java Config Sensor [iac]
[INFO] 09:55:28.963 There are no files to be analyzed for the Java language
[INFO] 09:55:28.964 Sensor Java Config Sensor [iac] (done) | time=9ms
[INFO] 09:55:28.964 Sensor ThymeLeaf template sensor [securityjavafrontend]
[INFO] 09:55:28.968 Sensor ThymeLeaf template sensor [securityjavafrontend] (done) | time=4ms
[INFO] 09:55:28.969 Sensor JavaAndroidConfigurationSensor [securityjavafrontend]
[INFO] 09:55:28.969 Sensor JavaAndroidConfigurationSensor [securityjavafrontend] (done) | time=0ms
[INFO] 09:55:28.971 Sensor SurefireSensor [java]
[INFO] 09:55:28.971 parsing [/workspaces/FREELANCER-PROJECT/gateway-service/target/surefire-reports]
[INFO] 09:55:28.972 Sensor SurefireSensor [java] (done) | time=1ms
[INFO] 09:55:28.973 Sensor XML Sensor [xml]
[INFO] 09:55:28.982 1 source file to be analyzed
[INFO] 09:55:29.158 1/1 source file has been analyzed
[INFO] 09:55:29.159 Sensor XML Sensor [xml] (done) | time=186ms
[INFO] 09:55:29.159 Sensor DBD/Java IR Generation [dbdjavafrontendrewrite]
[INFO] 09:55:29.320 Sensor DBD/Java IR Generation [dbdjavafrontendrewrite] (done) | time=160ms
[INFO] 09:55:29.320 Sensor javabugs [dbd]
[INFO] 09:55:29.644 Analyzing 343/587 functions to detect bugs.
[INFO] 09:55:30.319 Sensor javabugs [dbd] (done) | time=999ms
[INFO] 09:55:30.321 Sensor pythonbugs [dbd]
[INFO] 09:55:30.324 No IR files have been included for analysis.
[INFO] 09:55:30.324 Sensor pythonbugs [dbd] (done) | time=4ms
[INFO] 09:55:30.324 Sensor EnterpriseTextAndSecretsSensor [textenterprise]
[INFO] 09:55:30.332 Available processors: 2
[INFO] 09:55:30.332 Using 2 threads for analysis.
[INFO] 09:55:30.856 The property "sonar.tests" is not set. To improve the analysis accuracy, we categorize a file as a test file if any of the following is true:
  * The filename starts with "test"
  * The filename contains "test." or "tests."
  * Any directory in the file path is named: "doc", "docs", "test" or "tests"
  * Any directory in the file path has a name ending in "test" or "tests"

[INFO] 09:55:30.957 Start fetching files for the text and secrets analysis
[INFO] 09:55:30.973 Using Git CLI to retrieve untracked files
[INFO] 09:55:30.992 Retrieving language associated files and files included via "sonar.text.inclusions" that are tracked by git
[INFO] 09:55:30.993 Starting the text and secrets analysis
[INFO] 09:55:30.996 10 source files to be analyzed for the text and secrets analysis
[INFO] 09:55:31.108 10/10 source files have been analyzed for the text and secrets analysis
[INFO] 09:55:31.110 Start fetching files for the binary file analysis
[INFO] 09:55:31.111 There are no files to be analyzed for the binary file analysis
[INFO] 09:55:31.112 Sensor EnterpriseTextAndSecretsSensor [textenterprise] (done) | time=788ms
[INFO] 09:55:31.113 Sensor JavaSecuritySensor [security]
[INFO] 09:55:31.121 29 taint analysis rules enabled.
[INFO] 09:55:31.343 Analyzing 55 UCFGs to detect vulnerabilities.
[INFO] 09:55:33.840 No entry points found.
[INFO] 09:55:33.847 java security sensor: Begin: 2025-11-13T09:55:31.116025509Z, End: 2025-11-13T09:55:33.844077184Z, Duration: 00:00:02.728
  Load type hierarchy and UCFGs: Begin: 2025-11-13T09:55:31.122560729Z, End: 2025-11-13T09:55:31.343408248Z, Duration: 00:00:00.220
    Load type hierarchy: Begin: 2025-11-13T09:55:31.122574835Z, End: 2025-11-13T09:55:31.204919724Z, Duration: 00:00:00.082
    Load UCFGs: Begin: 2025-11-13T09:55:31.205107063Z, End: 2025-11-13T09:55:31.343191814Z, Duration: 00:00:00.138
  Check cache: Begin: 2025-11-13T09:55:31.343842918Z, End: 2025-11-13T09:55:31.344126167Z, Duration: 00:00:00.000
    Load cache: Begin: 2025-11-13T09:55:31.343851374Z, End: 2025-11-13T09:55:31.343875900Z, Duration: 00:00:00.000
  Create runtime call graph: Begin: 2025-11-13T09:55:31.344172914Z, End: 2025-11-13T09:55:31.372711936Z, Duration: 00:00:00.028
    Variable Type Analysis #1: Begin: 2025-11-13T09:55:31.344880924Z, End: 2025-11-13T09:55:31.363705329Z, Duration: 00:00:00.018
      Create runtime type propagation graph: Begin: 2025-11-13T09:55:31.345699100Z, End: 2025-11-13T09:55:31.358641916Z, Duration: 00:00:00.012
      Run SCC (Tarjan) on 239 nodes: Begin: 2025-11-13T09:55:31.358892453Z, End: 2025-11-13T09:55:31.360201985Z, Duration: 00:00:00.001
      Propagate runtime types to strongly connected components: Begin: 2025-11-13T09:55:31.360271134Z, End: 2025-11-13T09:55:31.363653011Z, Duration: 00:00:00.003
    Variable Type Analysis #2: Begin: 2025-11-13T09:55:31.365375624Z, End: 2025-11-13T09:55:31.372121665Z, Duration: 00:00:00.006
      Create runtime type propagation graph: Begin: 2025-11-13T09:55:31.365379641Z, End: 2025-11-13T09:55:31.370784902Z, Duration: 00:00:00.005
      Run SCC (Tarjan) on 239 nodes: Begin: 2025-11-13T09:55:31.370846376Z, End: 2025-11-13T09:55:31.371439102Z, Duration: 00:00:00.000
      Propagate runtime types to strongly connected components: Begin: 2025-11-13T09:55:31.371487923Z, End: 2025-11-13T09:55:31.372073765Z, Duration: 00:00:00.000
  Load config: Begin: 2025-11-13T09:55:31.372766337Z, End: 2025-11-13T09:55:33.813482967Z, Duration: 00:00:02.440
  Compute entry points: Begin: 2025-11-13T09:55:33.813661961Z, End: 2025-11-13T09:55:33.840085700Z, Duration: 00:00:00.026
[INFO] 09:55:33.847 java security sensor peak memory: 661 MB
[INFO] 09:55:33.847 Sensor JavaSecuritySensor [security] (done) | time=2734ms
[INFO] 09:55:33.857 ------------- Run sensors on project
[INFO] 09:55:33.968 Sensor JavaProjectSensor [java]
[INFO] 09:55:33.971 Sensor JavaProjectSensor [java] (done) | time=3ms
[INFO] 09:55:33.972 Sensor JavaArchitectureSensor [architecture]
[INFO] 09:55:33.985 Architecture analysis is enabled with the following features: legacy
[INFO] 09:55:33.990 * Protobuf reading starting | memory total=741 | free=209 | used=531 (MB)
[INFO] 09:55:33.990 * Reading SonarArchitecture IR data from directory "/workspaces/FREELANCER-PROJECT/gateway-service/target/sonar/architecture/java"
[INFO] 09:55:34.208 * Files successfully loaded: "9" out of "9"
[INFO] 09:55:34.211 * Protobuf reading complete | memory total=741 | free=194 | used=546 (MB)
[INFO] 09:55:34.239 * Build architecture.graph.java.namespace_graph.default_perspective hierarchy graph complete (filtered=false) | memory total=741 | free=192 | used=548 (MB)
[INFO] 09:55:34.251 Sensor JavaArchitectureSensor [architecture] (done) | time=279ms
[INFO] 09:55:34.251 Sensor Zero Coverage Sensor
[INFO] 09:55:34.268 Sensor Zero Coverage Sensor (done) | time=17ms
[INFO] 09:55:34.268 Sensor Java CPD Block Indexer
[INFO] 09:55:34.385 Sensor Java CPD Block Indexer (done) | time=117ms
[INFO] 09:55:34.387 Inferred api base url 'https://api.sonarcloud.io' from host url 'https://sonarcloud.io'.
[INFO] 09:55:34.535 ------------- Gather SCA dependencies on project
[INFO] 09:55:34.536 Checking if SCA is enabled for organization vikram1704
[INFO] 09:55:34.837 Dependency analysis skipped
[INFO] 09:55:34.840 CPD Executor 4 files had no CPD blocks
[INFO] 09:55:34.840 CPD Executor Calculating CPD for 5 files
[INFO] 09:55:34.846 CPD Executor CPD calculation finished (done) | time=6ms
[INFO] 09:55:35.039 Analysis report generated in 179ms, dir size=380 KB
[INFO] 09:55:35.203 Analysis report compressed in 164ms, zip size=90 KB
[INFO] 09:55:36.482 Analysis report uploaded in 1278ms
[INFO] 09:55:36.484 ANALYSIS SUCCESSFUL, you can find the results at: https://sonarcloud.io/dashboard?id=freelancenexus-gateway-service
[INFO] 09:55:36.484 Note that you will be able to access the updated dashboard once the server has processed the submitted analysis report
[INFO] 09:55:36.484 More about the report processing at https://sonarcloud.io/api/ce/task?id=AZp8pFbS75nX5bFDXbIb
[INFO] 09:55:36.485 ------------- Upload SCA dependency files
[INFO] 09:55:37.718 Sensor cache published successfully
[INFO] 09:55:37.743 Analysis total time: 23.907 s
[INFO] ------------------------------------------------------------------------
[INFO] BUILD SUCCESS
[INFO] ------------------------------------------------------------------------
[INFO] Total time:  31.921 s
[INFO] Finished at: 2025-11-13T09:55:37Z
[INFO] ------------------------------------------------------------------------
