[INFO] Scanning for projects...
[INFO] 
[INFO] ------------------< com.freelancenexus:user-service >-------------------
[INFO] Building user-service 1.0.0
[INFO]   from pom.xml
[INFO] --------------------------------[ jar ]---------------------------------
[INFO] 
[INFO] >>> spring-boot:3.2.0:run (default-cli) > test-compile @ user-service >>>
[INFO] 
[INFO] --- jacoco:0.8.11:prepare-agent (default) @ user-service ---
[INFO] argLine set to -javaagent:/home/vscode/.m2/repository/org/jacoco/org.jacoco.agent/0.8.11/org.jacoco.agent-0.8.11-runtime.jar=destfile=/workspaces/FREELANCER-PROJECT/user-service/target/jacoco.exec
[INFO] 
[INFO] --- resources:3.3.1:resources (default-resources) @ user-service ---
[INFO] Copying 1 resource from src/main/resources to target/classes
[INFO] Copying 1 resource from src/main/resources to target/classes
[INFO] 
[INFO] --- compiler:3.11.0:compile (default-compile) @ user-service ---
[INFO] Changes detected - recompiling the module! :source
[INFO] Compiling 21 source files with javac [debug release 17] to target/classes
[INFO] -------------------------------------------------------------
[WARNING] COMPILATION WARNING : 
[INFO] -------------------------------------------------------------
[WARNING] /workspaces/FREELANCER-PROJECT/user-service/src/main/java/com/freelancenexus/userservice/config/SecurityConfig.java:[33,13] csrf() in org.springframework.security.config.annotation.web.builders.HttpSecurity has been deprecated and marked for removal
[INFO] 1 warning
[INFO] -------------------------------------------------------------
[INFO] -------------------------------------------------------------
[ERROR] COMPILATION ERROR : 
[INFO] -------------------------------------------------------------
[ERROR] /workspaces/FREELANCER-PROJECT/user-service/src/main/java/com/freelancenexus/userservice/config/SecurityConfig.java:[28,8] class com.freelancenexus.userservice.config.SecurityConfig is already defined in package com.freelancenexus.userservice.config
[ERROR] /workspaces/FREELANCER-PROJECT/user-service/src/main/java/com/freelancenexus/userservice/config/OpenApiConfig.java:[18,2] cannot find symbol
  symbol: class Operation
[ERROR] /workspaces/FREELANCER-PROJECT/user-service/src/main/java/com/freelancenexus/userservice/security/JwtAuthenticationFilter.java:[80,17] cannot find symbol
  symbol:   variable log
  location: class com.freelancenexus.userservice.security.JwtAuthenticationFilter
[ERROR] /workspaces/FREELANCER-PROJECT/user-service/src/main/java/com/freelancenexus/userservice/security/JwtAuthenticationFilter.java:[83,13] cannot find symbol
  symbol:   variable log
  location: class com.freelancenexus.userservice.security.JwtAuthenticationFilter
[ERROR] /workspaces/FREELANCER-PROJECT/user-service/src/main/java/com/freelancenexus/userservice/security/JwtTokenProvider.java:[130,13] cannot find symbol
  symbol:   variable log
  location: class com.freelancenexus.userservice.security.JwtTokenProvider
[ERROR] /workspaces/FREELANCER-PROJECT/user-service/src/main/java/com/freelancenexus/userservice/service/UserService.java:[65,9] cannot find symbol
  symbol:   variable log
  location: class com.freelancenexus.userservice.service.UserService
[ERROR] /workspaces/FREELANCER-PROJECT/user-service/src/main/java/com/freelancenexus/userservice/service/UserService.java:[65,72] cannot find symbol
  symbol:   method getEmail()
  location: variable registrationDTO of type com.freelancenexus.userservice.dto.UserRegistrationDTO
[ERROR] /workspaces/FREELANCER-PROJECT/user-service/src/main/java/com/freelancenexus/userservice/service/UserService.java:[68,57] cannot find symbol
  symbol:   method getEmail()
  location: variable registrationDTO of type com.freelancenexus.userservice.dto.UserRegistrationDTO
[ERROR] /workspaces/FREELANCER-PROJECT/user-service/src/main/java/com/freelancenexus/userservice/service/UserService.java:[69,86] cannot find symbol
  symbol:   method getEmail()
  location: variable registrationDTO of type com.freelancenexus.userservice.dto.UserRegistrationDTO
[ERROR] /workspaces/FREELANCER-PROJECT/user-service/src/main/java/com/freelancenexus/userservice/service/UserService.java:[74,38] cannot find symbol
  symbol:   method getEmail()
  location: variable registrationDTO of type com.freelancenexus.userservice.dto.UserRegistrationDTO
[ERROR] /workspaces/FREELANCER-PROJECT/user-service/src/main/java/com/freelancenexus/userservice/service/UserService.java:[75,64] cannot find symbol
  symbol:   method getPassword()
  location: variable registrationDTO of type com.freelancenexus.userservice.dto.UserRegistrationDTO
[ERROR] /workspaces/FREELANCER-PROJECT/user-service/src/main/java/com/freelancenexus/userservice/service/UserService.java:[76,41] cannot find symbol
  symbol:   method getFullName()
  location: variable registrationDTO of type com.freelancenexus.userservice.dto.UserRegistrationDTO
[ERROR] /workspaces/FREELANCER-PROJECT/user-service/src/main/java/com/freelancenexus/userservice/service/UserService.java:[77,38] cannot find symbol
  symbol:   method getPhone()
  location: variable registrationDTO of type com.freelancenexus.userservice.dto.UserRegistrationDTO
[ERROR] /workspaces/FREELANCER-PROJECT/user-service/src/main/java/com/freelancenexus/userservice/service/UserService.java:[78,37] cannot find symbol
  symbol:   method getRole()
  location: variable registrationDTO of type com.freelancenexus.userservice.dto.UserRegistrationDTO
[ERROR] /workspaces/FREELANCER-PROJECT/user-service/src/main/java/com/freelancenexus/userservice/service/UserService.java:[79,13] cannot find symbol
  symbol:   method setIsActive(boolean)
  location: variable user of type com.freelancenexus.userservice.model.User
[ERROR] /workspaces/FREELANCER-PROJECT/user-service/src/main/java/com/freelancenexus/userservice/service/UserService.java:[80,48] cannot find symbol
  symbol:   method getProfileImageUrl()
  location: variable registrationDTO of type com.freelancenexus.userservice.dto.UserRegistrationDTO
[ERROR] /workspaces/FREELANCER-PROJECT/user-service/src/main/java/com/freelancenexus/userservice/service/UserService.java:[83,9] cannot find symbol
  symbol:   variable log
  location: class com.freelancenexus.userservice.service.UserService
[ERROR] /workspaces/FREELANCER-PROJECT/user-service/src/main/java/com/freelancenexus/userservice/service/UserService.java:[83,71] cannot find symbol
  symbol:   method getId()
  location: variable savedUser of type com.freelancenexus.userservice.model.User
[ERROR] /workspaces/FREELANCER-PROJECT/user-service/src/main/java/com/freelancenexus/userservice/service/UserService.java:[100,9] cannot find symbol
  symbol:   variable log
  location: class com.freelancenexus.userservice.service.UserService
[ERROR] /workspaces/FREELANCER-PROJECT/user-service/src/main/java/com/freelancenexus/userservice/service/UserService.java:[100,64] cannot find symbol
  symbol:   method getEmail()
  location: variable loginDTO of type com.freelancenexus.userservice.dto.UserLoginDTO
[ERROR] /workspaces/FREELANCER-PROJECT/user-service/src/main/java/com/freelancenexus/userservice/service/UserService.java:[103,56] cannot find symbol
  symbol:   method getEmail()
  location: variable loginDTO of type com.freelancenexus.userservice.dto.UserLoginDTO
[ERROR] /workspaces/FREELANCER-PROJECT/user-service/src/main/java/com/freelancenexus/userservice/service/UserService.java:[107,18] cannot find symbol
  symbol:   method getIsActive()
  location: variable user of type com.freelancenexus.userservice.model.User
[ERROR] /workspaces/FREELANCER-PROJECT/user-service/src/main/java/com/freelancenexus/userservice/service/UserService.java:[112,46] cannot find symbol
  symbol:   method getPassword()
  location: variable loginDTO of type com.freelancenexus.userservice.dto.UserLoginDTO
[ERROR] /workspaces/FREELANCER-PROJECT/user-service/src/main/java/com/freelancenexus/userservice/service/UserService.java:[112,66] cannot find symbol
  symbol:   method getPassword()
  location: variable user of type com.freelancenexus.userservice.model.User
[ERROR] /workspaces/FREELANCER-PROJECT/user-service/src/main/java/com/freelancenexus/userservice/service/UserService.java:[118,17] cannot find symbol
  symbol:   method getEmail()
  location: variable user of type com.freelancenexus.userservice.model.User
[ERROR] /workspaces/FREELANCER-PROJECT/user-service/src/main/java/com/freelancenexus/userservice/service/UserService.java:[119,17] cannot find symbol
  symbol:   method getId()
  location: variable user of type com.freelancenexus.userservice.model.User
[ERROR] /workspaces/FREELANCER-PROJECT/user-service/src/main/java/com/freelancenexus/userservice/service/UserService.java:[120,17] cannot find symbol
  symbol:   method getRole()
  location: variable user of type com.freelancenexus.userservice.model.User
[ERROR] /workspaces/FREELANCER-PROJECT/user-service/src/main/java/com/freelancenexus/userservice/service/UserService.java:[125,22] cannot find symbol
  symbol:   method setAccessToken(java.lang.String)
  location: variable loginResponse of type com.freelancenexus.userservice.dto.LoginResponseDTO
[ERROR] /workspaces/FREELANCER-PROJECT/user-service/src/main/java/com/freelancenexus/userservice/service/UserService.java:[126,22] cannot find symbol
  symbol:   method setTokenType(java.lang.String)
  location: variable loginResponse of type com.freelancenexus.userservice.dto.LoginResponseDTO
[ERROR] /workspaces/FREELANCER-PROJECT/user-service/src/main/java/com/freelancenexus/userservice/service/UserService.java:[127,22] cannot find symbol
  symbol:   method setExpiresIn(long)
  location: variable loginResponse of type com.freelancenexus.userservice.dto.LoginResponseDTO
[ERROR] /workspaces/FREELANCER-PROJECT/user-service/src/main/java/com/freelancenexus/userservice/service/UserService.java:[128,22] cannot find symbol
  symbol:   method setUser(com.freelancenexus.userservice.dto.UserResponseDTO)
  location: variable loginResponse of type com.freelancenexus.userservice.dto.LoginResponseDTO
[ERROR] /workspaces/FREELANCER-PROJECT/user-service/src/main/java/com/freelancenexus/userservice/service/UserService.java:[130,9] cannot find symbol
  symbol:   variable log
  location: class com.freelancenexus.userservice.service.UserService
[ERROR] /workspaces/FREELANCER-PROJECT/user-service/src/main/java/com/freelancenexus/userservice/service/UserService.java:[130,65] cannot find symbol
  symbol:   method getEmail()
  location: variable loginDTO of type com.freelancenexus.userservice.dto.UserLoginDTO
[ERROR] /workspaces/FREELANCER-PROJECT/user-service/src/main/java/com/freelancenexus/userservice/service/UserService.java:[171,22] cannot find symbol
  symbol:   method getFullName()
  location: variable updateDTO of type com.freelancenexus.userservice.dto.UserUpdateDTO
[ERROR] /workspaces/FREELANCER-PROJECT/user-service/src/main/java/com/freelancenexus/userservice/service/UserService.java:[172,39] cannot find symbol
  symbol:   method getFullName()
  location: variable updateDTO of type com.freelancenexus.userservice.dto.UserUpdateDTO
[ERROR] /workspaces/FREELANCER-PROJECT/user-service/src/main/java/com/freelancenexus/userservice/service/UserService.java:[174,22] cannot find symbol
  symbol:   method getPhone()
  location: variable updateDTO of type com.freelancenexus.userservice.dto.UserUpdateDTO
[ERROR] /workspaces/FREELANCER-PROJECT/user-service/src/main/java/com/freelancenexus/userservice/service/UserService.java:[175,36] cannot find symbol
  symbol:   method getPhone()
  location: variable updateDTO of type com.freelancenexus.userservice.dto.UserUpdateDTO
[ERROR] /workspaces/FREELANCER-PROJECT/user-service/src/main/java/com/freelancenexus/userservice/service/UserService.java:[177,22] cannot find symbol
  symbol:   method getProfileImageUrl()
  location: variable updateDTO of type com.freelancenexus.userservice.dto.UserUpdateDTO
[ERROR] /workspaces/FREELANCER-PROJECT/user-service/src/main/java/com/freelancenexus/userservice/service/UserService.java:[178,46] cannot find symbol
  symbol:   method getProfileImageUrl()
  location: variable updateDTO of type com.freelancenexus.userservice.dto.UserUpdateDTO
[ERROR] /workspaces/FREELANCER-PROJECT/user-service/src/main/java/com/freelancenexus/userservice/service/UserService.java:[182,9] cannot find symbol
  symbol:   variable log
  location: class com.freelancenexus.userservice.service.UserService
[ERROR] /workspaces/FREELANCER-PROJECT/user-service/src/main/java/com/freelancenexus/userservice/service/UserService.java:[182,63] cannot find symbol
  symbol:   method getId()
  location: variable user of type com.freelancenexus.userservice.model.User
[ERROR] /workspaces/FREELANCER-PROJECT/user-service/src/main/java/com/freelancenexus/userservice/service/UserService.java:[230,9] cannot find symbol
  symbol:   variable log
  location: class com.freelancenexus.userservice.service.UserService
[ERROR] /workspaces/FREELANCER-PROJECT/user-service/src/main/java/com/freelancenexus/userservice/service/UserService.java:[257,23] cannot find symbol
  symbol:   method getId()
  location: variable user of type com.freelancenexus.userservice.model.User
[ERROR] /workspaces/FREELANCER-PROJECT/user-service/src/main/java/com/freelancenexus/userservice/service/UserService.java:[258,26] cannot find symbol
  symbol:   method getEmail()
  location: variable user of type com.freelancenexus.userservice.model.User
[ERROR] /workspaces/FREELANCER-PROJECT/user-service/src/main/java/com/freelancenexus/userservice/service/UserService.java:[259,29] cannot find symbol
  symbol:   method getFullName()
  location: variable user of type com.freelancenexus.userservice.model.User
[ERROR] /workspaces/FREELANCER-PROJECT/user-service/src/main/java/com/freelancenexus/userservice/service/UserService.java:[260,26] cannot find symbol
  symbol:   method getPhone()
  location: variable user of type com.freelancenexus.userservice.model.User
[ERROR] /workspaces/FREELANCER-PROJECT/user-service/src/main/java/com/freelancenexus/userservice/service/UserService.java:[261,25] cannot find symbol
  symbol:   method getRole()
  location: variable user of type com.freelancenexus.userservice.model.User
[ERROR] /workspaces/FREELANCER-PROJECT/user-service/src/main/java/com/freelancenexus/userservice/service/UserService.java:[262,29] cannot find symbol
  symbol:   method getIsActive()
  location: variable user of type com.freelancenexus.userservice.model.User
[ERROR] /workspaces/FREELANCER-PROJECT/user-service/src/main/java/com/freelancenexus/userservice/service/UserService.java:[263,36] cannot find symbol
  symbol:   method getProfileImageUrl()
  location: variable user of type com.freelancenexus.userservice.model.User
[ERROR] /workspaces/FREELANCER-PROJECT/user-service/src/main/java/com/freelancenexus/userservice/service/UserService.java:[264,30] cannot find symbol
  symbol:   method getCreatedAt()
  location: variable user of type com.freelancenexus.userservice.model.User
[ERROR] /workspaces/FREELANCER-PROJECT/user-service/src/main/java/com/freelancenexus/userservice/service/UserService.java:[265,30] cannot find symbol
  symbol:   method getUpdatedAt()
  location: variable user of type com.freelancenexus.userservice.model.User
[ERROR] /workspaces/FREELANCER-PROJECT/user-service/src/main/java/com/freelancenexus/userservice/controller/UserController.java:[51,9] cannot find symbol
  symbol:   variable log
  location: class com.freelancenexus.userservice.controller.UserController
[ERROR] /workspaces/FREELANCER-PROJECT/user-service/src/main/java/com/freelancenexus/userservice/controller/UserController.java:[51,80] cannot find symbol
  symbol:   method getEmail()
  location: variable registrationDTO of type @jakarta.validation.Valid com.freelancenexus.userservice.dto.UserRegistrationDTO
[ERROR] /workspaces/FREELANCER-PROJECT/user-service/src/main/java/com/freelancenexus/userservice/controller/UserController.java:[73,9] cannot find symbol
  symbol:   variable log
  location: class com.freelancenexus.userservice.controller.UserController
[ERROR] /workspaces/FREELANCER-PROJECT/user-service/src/main/java/com/freelancenexus/userservice/controller/UserController.java:[73,66] cannot find symbol
  symbol:   method getEmail()
  location: variable loginDTO of type @jakarta.validation.Valid com.freelancenexus.userservice.dto.UserLoginDTO
[ERROR] /workspaces/FREELANCER-PROJECT/user-service/src/main/java/com/freelancenexus/userservice/controller/UserController.java:[93,9] cannot find symbol
  symbol:   variable log
  location: class com.freelancenexus.userservice.controller.UserController
[ERROR] /workspaces/FREELANCER-PROJECT/user-service/src/main/java/com/freelancenexus/userservice/controller/UserController.java:[119,9] cannot find symbol
  symbol:   variable log
  location: class com.freelancenexus.userservice.controller.UserController
[ERROR] /workspaces/FREELANCER-PROJECT/user-service/src/main/java/com/freelancenexus/userservice/controller/UserController.java:[141,9] cannot find symbol
  symbol:   variable log
  location: class com.freelancenexus.userservice.controller.UserController
[ERROR] /workspaces/FREELANCER-PROJECT/user-service/src/main/java/com/freelancenexus/userservice/controller/UserController.java:[160,9] cannot find symbol
  symbol:   variable log
  location: class com.freelancenexus.userservice.controller.UserController
[ERROR] /workspaces/FREELANCER-PROJECT/user-service/src/main/java/com/freelancenexus/userservice/controller/UserController.java:[181,9] cannot find symbol
  symbol:   variable log
  location: class com.freelancenexus.userservice.controller.UserController
[ERROR] /workspaces/FREELANCER-PROJECT/user-service/src/main/java/com/freelancenexus/userservice/exception/GlobalExceptionHandler.java:[40,9] cannot find symbol
  symbol:   variable log
  location: class com.freelancenexus.userservice.exception.GlobalExceptionHandler
[ERROR] /workspaces/FREELANCER-PROJECT/user-service/src/main/java/com/freelancenexus/userservice/exception/GlobalExceptionHandler.java:[42,39] constructor ErrorResponse in class com.freelancenexus.userservice.exception.ErrorResponse cannot be applied to given types;
  required: no arguments
  found:    java.time.LocalDateTime,int,java.lang.String,java.lang.String,java.lang.String
  reason: actual and formal argument lists differ in length
[ERROR] /workspaces/FREELANCER-PROJECT/user-service/src/main/java/com/freelancenexus/userservice/exception/GlobalExceptionHandler.java:[63,9] cannot find symbol
  symbol:   variable log
  location: class com.freelancenexus.userservice.exception.GlobalExceptionHandler
[ERROR] /workspaces/FREELANCER-PROJECT/user-service/src/main/java/com/freelancenexus/userservice/exception/GlobalExceptionHandler.java:[65,39] constructor ErrorResponse in class com.freelancenexus.userservice.exception.ErrorResponse cannot be applied to given types;
  required: no arguments
  found:    java.time.LocalDateTime,int,java.lang.String,java.lang.String,java.lang.String
  reason: actual and formal argument lists differ in length
[ERROR] /workspaces/FREELANCER-PROJECT/user-service/src/main/java/com/freelancenexus/userservice/exception/GlobalExceptionHandler.java:[86,9] cannot find symbol
  symbol:   variable log
  location: class com.freelancenexus.userservice.exception.GlobalExceptionHandler
[ERROR] /workspaces/FREELANCER-PROJECT/user-service/src/main/java/com/freelancenexus/userservice/exception/GlobalExceptionHandler.java:[88,39] constructor ErrorResponse in class com.freelancenexus.userservice.exception.ErrorResponse cannot be applied to given types;
  required: no arguments
  found:    java.time.LocalDateTime,int,java.lang.String,java.lang.String,java.lang.String
  reason: actual and formal argument lists differ in length
[ERROR] /workspaces/FREELANCER-PROJECT/user-service/src/main/java/com/freelancenexus/userservice/exception/GlobalExceptionHandler.java:[109,9] cannot find symbol
  symbol:   variable log
  location: class com.freelancenexus.userservice.exception.GlobalExceptionHandler
[ERROR] /workspaces/FREELANCER-PROJECT/user-service/src/main/java/com/freelancenexus/userservice/exception/GlobalExceptionHandler.java:[111,39] constructor ErrorResponse in class com.freelancenexus.userservice.exception.ErrorResponse cannot be applied to given types;
  required: no arguments
  found:    java.time.LocalDateTime,int,java.lang.String,java.lang.String,java.lang.String
  reason: actual and formal argument lists differ in length
[ERROR] /workspaces/FREELANCER-PROJECT/user-service/src/main/java/com/freelancenexus/userservice/exception/GlobalExceptionHandler.java:[132,9] cannot find symbol
  symbol:   variable log
  location: class com.freelancenexus.userservice.exception.GlobalExceptionHandler
[ERROR] /workspaces/FREELANCER-PROJECT/user-service/src/main/java/com/freelancenexus/userservice/exception/GlobalExceptionHandler.java:[138,39] constructor ErrorResponse in class com.freelancenexus.userservice.exception.ErrorResponse cannot be applied to given types;
  required: no arguments
  found:    java.time.LocalDateTime,int,java.lang.String,java.lang.String,java.lang.String
  reason: actual and formal argument lists differ in length
[ERROR] /workspaces/FREELANCER-PROJECT/user-service/src/main/java/com/freelancenexus/userservice/exception/GlobalExceptionHandler.java:[159,9] cannot find symbol
  symbol:   variable log
  location: class com.freelancenexus.userservice.exception.GlobalExceptionHandler
[ERROR] /workspaces/FREELANCER-PROJECT/user-service/src/main/java/com/freelancenexus/userservice/exception/GlobalExceptionHandler.java:[161,39] constructor ErrorResponse in class com.freelancenexus.userservice.exception.ErrorResponse cannot be applied to given types;
  required: no arguments
  found:    java.time.LocalDateTime,int,java.lang.String,java.lang.String,java.lang.String
  reason: actual and formal argument lists differ in length
[INFO] 72 errors 
[INFO] -------------------------------------------------------------
[INFO] ------------------------------------------------------------------------
[INFO] BUILD FAILURE
[INFO] ------------------------------------------------------------------------
[INFO] Total time:  5.842 s
[INFO] Finished at: 2025-11-14T12:07:38Z
[INFO] ------------------------------------------------------------------------
[ERROR] Failed to execute goal org.apache.maven.plugins:maven-compiler-plugin:3.11.0:compile (default-compile) on project user-service: Compilation failure: Compilation failure: 
[ERROR] /workspaces/FREELANCER-PROJECT/user-service/src/main/java/com/freelancenexus/userservice/config/SecurityConfig.java:[28,8] class com.freelancenexus.userservice.config.SecurityConfig is already defined in package com.freelancenexus.userservice.config
[ERROR] /workspaces/FREELANCER-PROJECT/user-service/src/main/java/com/freelancenexus/userservice/config/OpenApiConfig.java:[18,2] cannot find symbol
[ERROR]   symbol: class Operation
[ERROR] /workspaces/FREELANCER-PROJECT/user-service/src/main/java/com/freelancenexus/userservice/security/JwtAuthenticationFilter.java:[80,17] cannot find symbol
[ERROR]   symbol:   variable log
[ERROR]   location: class com.freelancenexus.userservice.security.JwtAuthenticationFilter
[ERROR] /workspaces/FREELANCER-PROJECT/user-service/src/main/java/com/freelancenexus/userservice/security/JwtAuthenticationFilter.java:[83,13] cannot find symbol
[ERROR]   symbol:   variable log
[ERROR]   location: class com.freelancenexus.userservice.security.JwtAuthenticationFilter
[ERROR] /workspaces/FREELANCER-PROJECT/user-service/src/main/java/com/freelancenexus/userservice/security/JwtTokenProvider.java:[130,13] cannot find symbol
[ERROR]   symbol:   variable log
[ERROR]   location: class com.freelancenexus.userservice.security.JwtTokenProvider
[ERROR] /workspaces/FREELANCER-PROJECT/user-service/src/main/java/com/freelancenexus/userservice/service/UserService.java:[65,9] cannot find symbol
[ERROR]   symbol:   variable log
[ERROR]   location: class com.freelancenexus.userservice.service.UserService
[ERROR] /workspaces/FREELANCER-PROJECT/user-service/src/main/java/com/freelancenexus/userservice/service/UserService.java:[65,72] cannot find symbol
[ERROR]   symbol:   method getEmail()
[ERROR]   location: variable registrationDTO of type com.freelancenexus.userservice.dto.UserRegistrationDTO
[ERROR] /workspaces/FREELANCER-PROJECT/user-service/src/main/java/com/freelancenexus/userservice/service/UserService.java:[68,57] cannot find symbol
[ERROR]   symbol:   method getEmail()
[ERROR]   location: variable registrationDTO of type com.freelancenexus.userservice.dto.UserRegistrationDTO
[ERROR] /workspaces/FREELANCER-PROJECT/user-service/src/main/java/com/freelancenexus/userservice/service/UserService.java:[69,86] cannot find symbol
[ERROR]   symbol:   method getEmail()
[ERROR]   location: variable registrationDTO of type com.freelancenexus.userservice.dto.UserRegistrationDTO
[ERROR] /workspaces/FREELANCER-PROJECT/user-service/src/main/java/com/freelancenexus/userservice/service/UserService.java:[74,38] cannot find symbol
[ERROR]   symbol:   method getEmail()
[ERROR]   location: variable registrationDTO of type com.freelancenexus.userservice.dto.UserRegistrationDTO
[ERROR] /workspaces/FREELANCER-PROJECT/user-service/src/main/java/com/freelancenexus/userservice/service/UserService.java:[75,64] cannot find symbol
[ERROR]   symbol:   method getPassword()
[ERROR]   location: variable registrationDTO of type com.freelancenexus.userservice.dto.UserRegistrationDTO
[ERROR] /workspaces/FREELANCER-PROJECT/user-service/src/main/java/com/freelancenexus/userservice/service/UserService.java:[76,41] cannot find symbol
[ERROR]   symbol:   method getFullName()
[ERROR]   location: variable registrationDTO of type com.freelancenexus.userservice.dto.UserRegistrationDTO
[ERROR] /workspaces/FREELANCER-PROJECT/user-service/src/main/java/com/freelancenexus/userservice/service/UserService.java:[77,38] cannot find symbol
[ERROR]   symbol:   method getPhone()
[ERROR]   location: variable registrationDTO of type com.freelancenexus.userservice.dto.UserRegistrationDTO
[ERROR] /workspaces/FREELANCER-PROJECT/user-service/src/main/java/com/freelancenexus/userservice/service/UserService.java:[78,37] cannot find symbol
[ERROR]   symbol:   method getRole()
[ERROR]   location: variable registrationDTO of type com.freelancenexus.userservice.dto.UserRegistrationDTO
[ERROR] /workspaces/FREELANCER-PROJECT/user-service/src/main/java/com/freelancenexus/userservice/service/UserService.java:[79,13] cannot find symbol
[ERROR]   symbol:   method setIsActive(boolean)
[ERROR]   location: variable user of type com.freelancenexus.userservice.model.User
[ERROR] /workspaces/FREELANCER-PROJECT/user-service/src/main/java/com/freelancenexus/userservice/service/UserService.java:[80,48] cannot find symbol
[ERROR]   symbol:   method getProfileImageUrl()
[ERROR]   location: variable registrationDTO of type com.freelancenexus.userservice.dto.UserRegistrationDTO
[ERROR] /workspaces/FREELANCER-PROJECT/user-service/src/main/java/com/freelancenexus/userservice/service/UserService.java:[83,9] cannot find symbol
[ERROR]   symbol:   variable log
[ERROR]   location: class com.freelancenexus.userservice.service.UserService
[ERROR] /workspaces/FREELANCER-PROJECT/user-service/src/main/java/com/freelancenexus/userservice/service/UserService.java:[83,71] cannot find symbol
[ERROR]   symbol:   method getId()
[ERROR]   location: variable savedUser of type com.freelancenexus.userservice.model.User
[ERROR] /workspaces/FREELANCER-PROJECT/user-service/src/main/java/com/freelancenexus/userservice/service/UserService.java:[100,9] cannot find symbol
[ERROR]   symbol:   variable log
[ERROR]   location: class com.freelancenexus.userservice.service.UserService
[ERROR] /workspaces/FREELANCER-PROJECT/user-service/src/main/java/com/freelancenexus/userservice/service/UserService.java:[100,64] cannot find symbol
[ERROR]   symbol:   method getEmail()
[ERROR]   location: variable loginDTO of type com.freelancenexus.userservice.dto.UserLoginDTO
[ERROR] /workspaces/FREELANCER-PROJECT/user-service/src/main/java/com/freelancenexus/userservice/service/UserService.java:[103,56] cannot find symbol
[ERROR]   symbol:   method getEmail()
[ERROR]   location: variable loginDTO of type com.freelancenexus.userservice.dto.UserLoginDTO
[ERROR] /workspaces/FREELANCER-PROJECT/user-service/src/main/java/com/freelancenexus/userservice/service/UserService.java:[107,18] cannot find symbol
[ERROR]   symbol:   method getIsActive()
[ERROR]   location: variable user of type com.freelancenexus.userservice.model.User
[ERROR] /workspaces/FREELANCER-PROJECT/user-service/src/main/java/com/freelancenexus/userservice/service/UserService.java:[112,46] cannot find symbol
[ERROR]   symbol:   method getPassword()
[ERROR]   location: variable loginDTO of type com.freelancenexus.userservice.dto.UserLoginDTO
[ERROR] /workspaces/FREELANCER-PROJECT/user-service/src/main/java/com/freelancenexus/userservice/service/UserService.java:[112,66] cannot find symbol
[ERROR]   symbol:   method getPassword()
[ERROR]   location: variable user of type com.freelancenexus.userservice.model.User
[ERROR] /workspaces/FREELANCER-PROJECT/user-service/src/main/java/com/freelancenexus/userservice/service/UserService.java:[118,17] cannot find symbol
[ERROR]   symbol:   method getEmail()
[ERROR]   location: variable user of type com.freelancenexus.userservice.model.User
[ERROR] /workspaces/FREELANCER-PROJECT/user-service/src/main/java/com/freelancenexus/userservice/service/UserService.java:[119,17] cannot find symbol
[ERROR]   symbol:   method getId()
[ERROR]   location: variable user of type com.freelancenexus.userservice.model.User
[ERROR] /workspaces/FREELANCER-PROJECT/user-service/src/main/java/com/freelancenexus/userservice/service/UserService.java:[120,17] cannot find symbol
[ERROR]   symbol:   method getRole()
[ERROR]   location: variable user of type com.freelancenexus.userservice.model.User
[ERROR] /workspaces/FREELANCER-PROJECT/user-service/src/main/java/com/freelancenexus/userservice/service/UserService.java:[125,22] cannot find symbol
[ERROR]   symbol:   method setAccessToken(java.lang.String)
[ERROR]   location: variable loginResponse of type com.freelancenexus.userservice.dto.LoginResponseDTO
[ERROR] /workspaces/FREELANCER-PROJECT/user-service/src/main/java/com/freelancenexus/userservice/service/UserService.java:[126,22] cannot find symbol
[ERROR]   symbol:   method setTokenType(java.lang.String)
[ERROR]   location: variable loginResponse of type com.freelancenexus.userservice.dto.LoginResponseDTO
[ERROR] /workspaces/FREELANCER-PROJECT/user-service/src/main/java/com/freelancenexus/userservice/service/UserService.java:[127,22] cannot find symbol
[ERROR]   symbol:   method setExpiresIn(long)
[ERROR]   location: variable loginResponse of type com.freelancenexus.userservice.dto.LoginResponseDTO
[ERROR] /workspaces/FREELANCER-PROJECT/user-service/src/main/java/com/freelancenexus/userservice/service/UserService.java:[128,22] cannot find symbol
[ERROR]   symbol:   method setUser(com.freelancenexus.userservice.dto.UserResponseDTO)
[ERROR]   location: variable loginResponse of type com.freelancenexus.userservice.dto.LoginResponseDTO
[ERROR] /workspaces/FREELANCER-PROJECT/user-service/src/main/java/com/freelancenexus/userservice/service/UserService.java:[130,9] cannot find symbol
[ERROR]   symbol:   variable log
[ERROR]   location: class com.freelancenexus.userservice.service.UserService
[ERROR] /workspaces/FREELANCER-PROJECT/user-service/src/main/java/com/freelancenexus/userservice/service/UserService.java:[130,65] cannot find symbol
[ERROR]   symbol:   method getEmail()
[ERROR]   location: variable loginDTO of type com.freelancenexus.userservice.dto.UserLoginDTO
[ERROR] /workspaces/FREELANCER-PROJECT/user-service/src/main/java/com/freelancenexus/userservice/service/UserService.java:[171,22] cannot find symbol
[ERROR]   symbol:   method getFullName()
[ERROR]   location: variable updateDTO of type com.freelancenexus.userservice.dto.UserUpdateDTO
[ERROR] /workspaces/FREELANCER-PROJECT/user-service/src/main/java/com/freelancenexus/userservice/service/UserService.java:[172,39] cannot find symbol
[ERROR]   symbol:   method getFullName()
[ERROR]   location: variable updateDTO of type com.freelancenexus.userservice.dto.UserUpdateDTO
[ERROR] /workspaces/FREELANCER-PROJECT/user-service/src/main/java/com/freelancenexus/userservice/service/UserService.java:[174,22] cannot find symbol
[ERROR]   symbol:   method getPhone()
[ERROR]   location: variable updateDTO of type com.freelancenexus.userservice.dto.UserUpdateDTO
[ERROR] /workspaces/FREELANCER-PROJECT/user-service/src/main/java/com/freelancenexus/userservice/service/UserService.java:[175,36] cannot find symbol
[ERROR]   symbol:   method getPhone()
[ERROR]   location: variable updateDTO of type com.freelancenexus.userservice.dto.UserUpdateDTO
[ERROR] /workspaces/FREELANCER-PROJECT/user-service/src/main/java/com/freelancenexus/userservice/service/UserService.java:[177,22] cannot find symbol
[ERROR]   symbol:   method getProfileImageUrl()
[ERROR]   location: variable updateDTO of type com.freelancenexus.userservice.dto.UserUpdateDTO
[ERROR] /workspaces/FREELANCER-PROJECT/user-service/src/main/java/com/freelancenexus/userservice/service/UserService.java:[178,46] cannot find symbol
[ERROR]   symbol:   method getProfileImageUrl()
[ERROR]   location: variable updateDTO of type com.freelancenexus.userservice.dto.UserUpdateDTO
[ERROR] /workspaces/FREELANCER-PROJECT/user-service/src/main/java/com/freelancenexus/userservice/service/UserService.java:[182,9] cannot find symbol
[ERROR]   symbol:   variable log
[ERROR]   location: class com.freelancenexus.userservice.service.UserService
[ERROR] /workspaces/FREELANCER-PROJECT/user-service/src/main/java/com/freelancenexus/userservice/service/UserService.java:[182,63] cannot find symbol
[ERROR]   symbol:   method getId()
[ERROR]   location: variable user of type com.freelancenexus.userservice.model.User
[ERROR] /workspaces/FREELANCER-PROJECT/user-service/src/main/java/com/freelancenexus/userservice/service/UserService.java:[230,9] cannot find symbol
[ERROR]   symbol:   variable log
[ERROR]   location: class com.freelancenexus.userservice.service.UserService
[ERROR] /workspaces/FREELANCER-PROJECT/user-service/src/main/java/com/freelancenexus/userservice/service/UserService.java:[257,23] cannot find symbol
[ERROR]   symbol:   method getId()
[ERROR]   location: variable user of type com.freelancenexus.userservice.model.User
[ERROR] /workspaces/FREELANCER-PROJECT/user-service/src/main/java/com/freelancenexus/userservice/service/UserService.java:[258,26] cannot find symbol
[ERROR]   symbol:   method getEmail()
[ERROR]   location: variable user of type com.freelancenexus.userservice.model.User
[ERROR] /workspaces/FREELANCER-PROJECT/user-service/src/main/java/com/freelancenexus/userservice/service/UserService.java:[259,29] cannot find symbol
[ERROR]   symbol:   method getFullName()
[ERROR]   location: variable user of type com.freelancenexus.userservice.model.User
[ERROR] /workspaces/FREELANCER-PROJECT/user-service/src/main/java/com/freelancenexus/userservice/service/UserService.java:[260,26] cannot find symbol
[ERROR]   symbol:   method getPhone()
[ERROR]   location: variable user of type com.freelancenexus.userservice.model.User
[ERROR] /workspaces/FREELANCER-PROJECT/user-service/src/main/java/com/freelancenexus/userservice/service/UserService.java:[261,25] cannot find symbol
[ERROR]   symbol:   method getRole()
[ERROR]   location: variable user of type com.freelancenexus.userservice.model.User
[ERROR] /workspaces/FREELANCER-PROJECT/user-service/src/main/java/com/freelancenexus/userservice/service/UserService.java:[262,29] cannot find symbol
[ERROR]   symbol:   method getIsActive()
[ERROR]   location: variable user of type com.freelancenexus.userservice.model.User
[ERROR] /workspaces/FREELANCER-PROJECT/user-service/src/main/java/com/freelancenexus/userservice/service/UserService.java:[263,36] cannot find symbol
[ERROR]   symbol:   method getProfileImageUrl()
[ERROR]   location: variable user of type com.freelancenexus.userservice.model.User
[ERROR] /workspaces/FREELANCER-PROJECT/user-service/src/main/java/com/freelancenexus/userservice/service/UserService.java:[264,30] cannot find symbol
[ERROR]   symbol:   method getCreatedAt()
[ERROR]   location: variable user of type com.freelancenexus.userservice.model.User
[ERROR] /workspaces/FREELANCER-PROJECT/user-service/src/main/java/com/freelancenexus/userservice/service/UserService.java:[265,30] cannot find symbol
[ERROR]   symbol:   method getUpdatedAt()
[ERROR]   location: variable user of type com.freelancenexus.userservice.model.User
[ERROR] /workspaces/FREELANCER-PROJECT/user-service/src/main/java/com/freelancenexus/userservice/controller/UserController.java:[51,9] cannot find symbol
[ERROR]   symbol:   variable log
[ERROR]   location: class com.freelancenexus.userservice.controller.UserController
[ERROR] /workspaces/FREELANCER-PROJECT/user-service/src/main/java/com/freelancenexus/userservice/controller/UserController.java:[51,80] cannot find symbol
[ERROR]   symbol:   method getEmail()
[ERROR]   location: variable registrationDTO of type @jakarta.validation.Valid com.freelancenexus.userservice.dto.UserRegistrationDTO
[ERROR] /workspaces/FREELANCER-PROJECT/user-service/src/main/java/com/freelancenexus/userservice/controller/UserController.java:[73,9] cannot find symbol
[ERROR]   symbol:   variable log
[ERROR]   location: class com.freelancenexus.userservice.controller.UserController
[ERROR] /workspaces/FREELANCER-PROJECT/user-service/src/main/java/com/freelancenexus/userservice/controller/UserController.java:[73,66] cannot find symbol
[ERROR]   symbol:   method getEmail()
[ERROR]   location: variable loginDTO of type @jakarta.validation.Valid com.freelancenexus.userservice.dto.UserLoginDTO
[ERROR] /workspaces/FREELANCER-PROJECT/user-service/src/main/java/com/freelancenexus/userservice/controller/UserController.java:[93,9] cannot find symbol
[ERROR]   symbol:   variable log
[ERROR]   location: class com.freelancenexus.userservice.controller.UserController
[ERROR] /workspaces/FREELANCER-PROJECT/user-service/src/main/java/com/freelancenexus/userservice/controller/UserController.java:[119,9] cannot find symbol
[ERROR]   symbol:   variable log
[ERROR]   location: class com.freelancenexus.userservice.controller.UserController
[ERROR] /workspaces/FREELANCER-PROJECT/user-service/src/main/java/com/freelancenexus/userservice/controller/UserController.java:[141,9] cannot find symbol
[ERROR]   symbol:   variable log
[ERROR]   location: class com.freelancenexus.userservice.controller.UserController
[ERROR] /workspaces/FREELANCER-PROJECT/user-service/src/main/java/com/freelancenexus/userservice/controller/UserController.java:[160,9] cannot find symbol
[ERROR]   symbol:   variable log
[ERROR]   location: class com.freelancenexus.userservice.controller.UserController
[ERROR] /workspaces/FREELANCER-PROJECT/user-service/src/main/java/com/freelancenexus/userservice/controller/UserController.java:[181,9] cannot find symbol
[ERROR]   symbol:   variable log
[ERROR]   location: class com.freelancenexus.userservice.controller.UserController
[ERROR] /workspaces/FREELANCER-PROJECT/user-service/src/main/java/com/freelancenexus/userservice/exception/GlobalExceptionHandler.java:[40,9] cannot find symbol
[ERROR]   symbol:   variable log
[ERROR]   location: class com.freelancenexus.userservice.exception.GlobalExceptionHandler
[ERROR] /workspaces/FREELANCER-PROJECT/user-service/src/main/java/com/freelancenexus/userservice/exception/GlobalExceptionHandler.java:[42,39] constructor ErrorResponse in class com.freelancenexus.userservice.exception.ErrorResponse cannot be applied to given types;
[ERROR]   required: no arguments
[ERROR]   found:    java.time.LocalDateTime,int,java.lang.String,java.lang.String,java.lang.String
[ERROR]   reason: actual and formal argument lists differ in length
[ERROR] /workspaces/FREELANCER-PROJECT/user-service/src/main/java/com/freelancenexus/userservice/exception/GlobalExceptionHandler.java:[63,9] cannot find symbol
[ERROR]   symbol:   variable log
[ERROR]   location: class com.freelancenexus.userservice.exception.GlobalExceptionHandler
[ERROR] /workspaces/FREELANCER-PROJECT/user-service/src/main/java/com/freelancenexus/userservice/exception/GlobalExceptionHandler.java:[65,39] constructor ErrorResponse in class com.freelancenexus.userservice.exception.ErrorResponse cannot be applied to given types;
[ERROR]   required: no arguments
[ERROR]   found:    java.time.LocalDateTime,int,java.lang.String,java.lang.String,java.lang.String
[ERROR]   reason: actual and formal argument lists differ in length
[ERROR] /workspaces/FREELANCER-PROJECT/user-service/src/main/java/com/freelancenexus/userservice/exception/GlobalExceptionHandler.java:[86,9] cannot find symbol
[ERROR]   symbol:   variable log
[ERROR]   location: class com.freelancenexus.userservice.exception.GlobalExceptionHandler
[ERROR] /workspaces/FREELANCER-PROJECT/user-service/src/main/java/com/freelancenexus/userservice/exception/GlobalExceptionHandler.java:[88,39] constructor ErrorResponse in class com.freelancenexus.userservice.exception.ErrorResponse cannot be applied to given types;
[ERROR]   required: no arguments
[ERROR]   found:    java.time.LocalDateTime,int,java.lang.String,java.lang.String,java.lang.String
[ERROR]   reason: actual and formal argument lists differ in length
[ERROR] /workspaces/FREELANCER-PROJECT/user-service/src/main/java/com/freelancenexus/userservice/exception/GlobalExceptionHandler.java:[109,9] cannot find symbol
[ERROR]   symbol:   variable log
[ERROR]   location: class com.freelancenexus.userservice.exception.GlobalExceptionHandler
[ERROR] /workspaces/FREELANCER-PROJECT/user-service/src/main/java/com/freelancenexus/userservice/exception/GlobalExceptionHandler.java:[111,39] constructor ErrorResponse in class com.freelancenexus.userservice.exception.ErrorResponse cannot be applied to given types;
[ERROR]   required: no arguments
[ERROR]   found:    java.time.LocalDateTime,int,java.lang.String,java.lang.String,java.lang.String
[ERROR]   reason: actual and formal argument lists differ in length
[ERROR] /workspaces/FREELANCER-PROJECT/user-service/src/main/java/com/freelancenexus/userservice/exception/GlobalExceptionHandler.java:[132,9] cannot find symbol
[ERROR]   symbol:   variable log
[ERROR]   location: class com.freelancenexus.userservice.exception.GlobalExceptionHandler
[ERROR] /workspaces/FREELANCER-PROJECT/user-service/src/main/java/com/freelancenexus/userservice/exception/GlobalExceptionHandler.java:[138,39] constructor ErrorResponse in class com.freelancenexus.userservice.exception.ErrorResponse cannot be applied to given types;
[ERROR]   required: no arguments
[ERROR]   found:    java.time.LocalDateTime,int,java.lang.String,java.lang.String,java.lang.String
[ERROR]   reason: actual and formal argument lists differ in length
[ERROR] /workspaces/FREELANCER-PROJECT/user-service/src/main/java/com/freelancenexus/userservice/exception/GlobalExceptionHandler.java:[159,9] cannot find symbol
[ERROR]   symbol:   variable log
[ERROR]   location: class com.freelancenexus.userservice.exception.GlobalExceptionHandler
[ERROR] /workspaces/FREELANCER-PROJECT/user-service/src/main/java/com/freelancenexus/userservice/exception/GlobalExceptionHandler.java:[161,39] constructor ErrorResponse in class com.freelancenexus.userservice.exception.ErrorResponse cannot be applied to given types;
[ERROR]   required: no arguments
[ERROR]   found:    java.time.LocalDateTime,int,java.lang.String,java.lang.String,java.lang.String
[ERROR]   reason: actual and formal argument lists differ in length
[ERROR] -> [Help 1]
[ERROR] 
[ERROR] To see the full stack trace of the errors, re-run Maven with the -e switch.
[ERROR] Re-run Maven using the -X switch to enable full debug logging.
[ERROR] 
[ERROR] For more information about the errors and possible solutions, please read the following articles:
[ERROR] [Help 1] http://cwiki.apache.org/confluence/display/MAVEN/MojoFailureException
